<?xml version="1.0" encoding="UTF-8"?>
<testsuite xmlns:xsi="http://www.w3.org/2001/XMLSchema-instance" xsi:noNamespaceSchemaLocation="https://maven.apache.org/surefire/maven-surefire-plugin/xsd/surefire-test-report-3.0.xsd" version="3.0" name="com.example.demo.DemoApplicationTests" time="6.85" tests="1" errors="0" skipped="0" failures="0">
  <properties>
    <property name="java.specification.version" value="21"/>
    <property name="sun.cpu.isalist" value="amd64"/>
    <property name="sun.jnu.encoding" value="Cp1252"/>
    <property name="java.class.path" value="D:\project2\demo\target\test-classes;D:\project2\demo\target\classes;C:\Users\NITHESHWAR SIVAKUMAR\.m2\repository\org\springframework\boot\spring-boot-starter-actuator\3.3.2\spring-boot-starter-actuator-3.3.2.jar;C:\Users\NITHESHWAR SIVAKUMAR\.m2\repository\org\springframework\boot\spring-boot-starter\3.3.2\spring-boot-starter-3.3.2.jar;C:\Users\NITHESHWAR SIVAKUMAR\.m2\repository\org\springframework\boot\spring-boot\3.3.2\spring-boot-3.3.2.jar;C:\Users\NITHESHWAR SIVAKUMAR\.m2\repository\org\springframework\boot\spring-boot-autoconfigure\3.3.2\spring-boot-autoconfigure-3.3.2.jar;C:\Users\NITHESHWAR SIVAKUMAR\.m2\repository\org\springframework\boot\spring-boot-starter-logging\3.3.2\spring-boot-starter-logging-3.3.2.jar;C:\Users\NITHESHWAR SIVAKUMAR\.m2\repository\ch\qos\logback\logback-classic\1.5.6\logback-classic-1.5.6.jar;C:\Users\NITHESHWAR SIVAKUMAR\.m2\repository\ch\qos\logback\logback-core\1.5.6\logback-core-1.5.6.jar;C:\Users\NITHESHWAR SIVAKUMAR\.m2\repository\org\apache\logging\log4j\log4j-to-slf4j\2.23.1\log4j-to-slf4j-2.23.1.jar;C:\Users\NITHESHWAR SIVAKUMAR\.m2\repository\org\apache\logging\log4j\log4j-api\2.23.1\log4j-api-2.23.1.jar;C:\Users\NITHESHWAR SIVAKUMAR\.m2\repository\org\slf4j\jul-to-slf4j\2.0.13\jul-to-slf4j-2.0.13.jar;C:\Users\NITHESHWAR SIVAKUMAR\.m2\repository\jakarta\annotation\jakarta.annotation-api\2.1.1\jakarta.annotation-api-2.1.1.jar;C:\Users\NITHESHWAR SIVAKUMAR\.m2\repository\org\yaml\snakeyaml\2.2\snakeyaml-2.2.jar;C:\Users\NITHESHWAR SIVAKUMAR\.m2\repository\org\springframework\boot\spring-boot-actuator-autoconfigure\3.3.2\spring-boot-actuator-autoconfigure-3.3.2.jar;C:\Users\NITHESHWAR SIVAKUMAR\.m2\repository\org\springframework\boot\spring-boot-actuator\3.3.2\spring-boot-actuator-3.3.2.jar;C:\Users\NITHESHWAR SIVAKUMAR\.m2\repository\com\fasterxml\jackson\core\jackson-databind\2.17.2\jackson-databind-2.17.2.jar;C:\Users\NITHESHWAR SIVAKUMAR\.m2\repository\com\fasterxml\jackson\core\jackson-annotations\2.17.2\jackson-annotations-2.17.2.jar;C:\Users\NITHESHWAR SIVAKUMAR\.m2\repository\com\fasterxml\jackson\core\jackson-core\2.17.2\jackson-core-2.17.2.jar;C:\Users\NITHESHWAR SIVAKUMAR\.m2\repository\com\fasterxml\jackson\datatype\jackson-datatype-jsr310\2.17.2\jackson-datatype-jsr310-2.17.2.jar;C:\Users\NITHESHWAR SIVAKUMAR\.m2\repository\io\micrometer\micrometer-observation\1.13.2\micrometer-observation-1.13.2.jar;C:\Users\NITHESHWAR SIVAKUMAR\.m2\repository\io\micrometer\micrometer-commons\1.13.2\micrometer-commons-1.13.2.jar;C:\Users\NITHESHWAR SIVAKUMAR\.m2\repository\io\micrometer\micrometer-jakarta9\1.13.2\micrometer-jakarta9-1.13.2.jar;C:\Users\NITHESHWAR SIVAKUMAR\.m2\repository\io\micrometer\micrometer-core\1.13.2\micrometer-core-1.13.2.jar;C:\Users\NITHESHWAR SIVAKUMAR\.m2\repository\org\hdrhistogram\HdrHistogram\2.2.2\HdrHistogram-2.2.2.jar;C:\Users\NITHESHWAR SIVAKUMAR\.m2\repository\org\latencyutils\LatencyUtils\2.0.3\LatencyUtils-2.0.3.jar;C:\Users\NITHESHWAR SIVAKUMAR\.m2\repository\org\springdoc\springdoc-openapi-starter-webmvc-ui\2.5.0\springdoc-openapi-starter-webmvc-ui-2.5.0.jar;C:\Users\NITHESHWAR SIVAKUMAR\.m2\repository\org\springdoc\springdoc-openapi-starter-webmvc-api\2.5.0\springdoc-openapi-starter-webmvc-api-2.5.0.jar;C:\Users\NITHESHWAR SIVAKUMAR\.m2\repository\org\springdoc\springdoc-openapi-starter-common\2.5.0\springdoc-openapi-starter-common-2.5.0.jar;C:\Users\NITHESHWAR SIVAKUMAR\.m2\repository\io\swagger\core\v3\swagger-core-jakarta\2.2.21\swagger-core-jakarta-2.2.21.jar;C:\Users\NITHESHWAR SIVAKUMAR\.m2\repository\org\apache\commons\commons-lang3\3.14.0\commons-lang3-3.14.0.jar;C:\Users\NITHESHWAR SIVAKUMAR\.m2\repository\io\swagger\core\v3\swagger-annotations-jakarta\2.2.21\swagger-annotations-jakarta-2.2.21.jar;C:\Users\NITHESHWAR SIVAKUMAR\.m2\repository\io\swagger\core\v3\swagger-models-jakarta\2.2.21\swagger-models-jakarta-2.2.21.jar;C:\Users\NITHESHWAR SIVAKUMAR\.m2\repository\jakarta\validation\jakarta.validation-api\3.0.2\jakarta.validation-api-3.0.2.jar;C:\Users\NITHESHWAR SIVAKUMAR\.m2\repository\com\fasterxml\jackson\dataformat\jackson-dataformat-yaml\2.17.2\jackson-dataformat-yaml-2.17.2.jar;C:\Users\NITHESHWAR SIVAKUMAR\.m2\repository\org\webjars\swagger-ui\5.13.0\swagger-ui-5.13.0.jar;C:\Users\NITHESHWAR SIVAKUMAR\.m2\repository\com\mysql\mysql-connector-j\8.0.33\mysql-connector-j-8.0.33.jar;C:\Users\NITHESHWAR SIVAKUMAR\.m2\repository\org\springframework\boot\spring-boot-starter-data-jpa\3.3.2\spring-boot-starter-data-jpa-3.3.2.jar;C:\Users\NITHESHWAR SIVAKUMAR\.m2\repository\org\springframework\boot\spring-boot-starter-aop\3.3.2\spring-boot-starter-aop-3.3.2.jar;C:\Users\NITHESHWAR SIVAKUMAR\.m2\repository\org\springframework\spring-aop\6.1.11\spring-aop-6.1.11.jar;C:\Users\NITHESHWAR SIVAKUMAR\.m2\repository\org\aspectj\aspectjweaver\1.9.22.1\aspectjweaver-1.9.22.1.jar;C:\Users\NITHESHWAR SIVAKUMAR\.m2\repository\org\springframework\boot\spring-boot-starter-jdbc\3.3.2\spring-boot-starter-jdbc-3.3.2.jar;C:\Users\NITHESHWAR SIVAKUMAR\.m2\repository\com\zaxxer\HikariCP\5.1.0\HikariCP-5.1.0.jar;C:\Users\NITHESHWAR SIVAKUMAR\.m2\repository\org\springframework\spring-jdbc\6.1.11\spring-jdbc-6.1.11.jar;C:\Users\NITHESHWAR SIVAKUMAR\.m2\repository\org\hibernate\orm\hibernate-core\6.5.2.Final\hibernate-core-6.5.2.Final.jar;C:\Users\NITHESHWAR SIVAKUMAR\.m2\repository\jakarta\persistence\jakarta.persistence-api\3.1.0\jakarta.persistence-api-3.1.0.jar;C:\Users\NITHESHWAR SIVAKUMAR\.m2\repository\jakarta\transaction\jakarta.transaction-api\2.0.1\jakarta.transaction-api-2.0.1.jar;C:\Users\NITHESHWAR SIVAKUMAR\.m2\repository\org\jboss\logging\jboss-logging\3.5.3.Final\jboss-logging-3.5.3.Final.jar;C:\Users\NITHESHWAR SIVAKUMAR\.m2\repository\org\hibernate\common\hibernate-commons-annotations\6.0.6.Final\hibernate-commons-annotations-6.0.6.Final.jar;C:\Users\NITHESHWAR SIVAKUMAR\.m2\repository\io\smallrye\jandex\3.1.2\jandex-3.1.2.jar;C:\Users\NITHESHWAR SIVAKUMAR\.m2\repository\com\fasterxml\classmate\1.7.0\classmate-1.7.0.jar;C:\Users\NITHESHWAR SIVAKUMAR\.m2\repository\net\bytebuddy\byte-buddy\1.14.18\byte-buddy-1.14.18.jar;C:\Users\NITHESHWAR SIVAKUMAR\.m2\repository\org\glassfish\jaxb\jaxb-runtime\4.0.5\jaxb-runtime-4.0.5.jar;C:\Users\NITHESHWAR SIVAKUMAR\.m2\repository\org\glassfish\jaxb\jaxb-core\4.0.5\jaxb-core-4.0.5.jar;C:\Users\NITHESHWAR SIVAKUMAR\.m2\repository\org\eclipse\angus\angus-activation\2.0.2\angus-activation-2.0.2.jar;C:\Users\NITHESHWAR SIVAKUMAR\.m2\repository\org\glassfish\jaxb\txw2\4.0.5\txw2-4.0.5.jar;C:\Users\NITHESHWAR SIVAKUMAR\.m2\repository\com\sun\istack\istack-commons-runtime\4.1.2\istack-commons-runtime-4.1.2.jar;C:\Users\NITHESHWAR SIVAKUMAR\.m2\repository\jakarta\inject\jakarta.inject-api\2.0.1\jakarta.inject-api-2.0.1.jar;C:\Users\NITHESHWAR SIVAKUMAR\.m2\repository\org\antlr\antlr4-runtime\4.13.0\antlr4-runtime-4.13.0.jar;C:\Users\NITHESHWAR SIVAKUMAR\.m2\repository\org\springframework\data\spring-data-jpa\3.3.2\spring-data-jpa-3.3.2.jar;C:\Users\NITHESHWAR SIVAKUMAR\.m2\repository\org\springframework\data\spring-data-commons\3.3.2\spring-data-commons-3.3.2.jar;C:\Users\NITHESHWAR SIVAKUMAR\.m2\repository\org\springframework\spring-orm\6.1.11\spring-orm-6.1.11.jar;C:\Users\NITHESHWAR SIVAKUMAR\.m2\repository\org\springframework\spring-context\6.1.11\spring-context-6.1.11.jar;C:\Users\NITHESHWAR SIVAKUMAR\.m2\repository\org\springframework\spring-tx\6.1.11\spring-tx-6.1.11.jar;C:\Users\NITHESHWAR SIVAKUMAR\.m2\repository\org\springframework\spring-beans\6.1.11\spring-beans-6.1.11.jar;C:\Users\NITHESHWAR SIVAKUMAR\.m2\repository\org\slf4j\slf4j-api\2.0.13\slf4j-api-2.0.13.jar;C:\Users\NITHESHWAR SIVAKUMAR\.m2\repository\org\springframework\spring-aspects\6.1.11\spring-aspects-6.1.11.jar;C:\Users\NITHESHWAR SIVAKUMAR\.m2\repository\org\springframework\boot\spring-boot-starter-web\3.3.2\spring-boot-starter-web-3.3.2.jar;C:\Users\NITHESHWAR SIVAKUMAR\.m2\repository\org\springframework\boot\spring-boot-starter-json\3.3.2\spring-boot-starter-json-3.3.2.jar;C:\Users\NITHESHWAR SIVAKUMAR\.m2\repository\com\fasterxml\jackson\datatype\jackson-datatype-jdk8\2.17.2\jackson-datatype-jdk8-2.17.2.jar;C:\Users\NITHESHWAR SIVAKUMAR\.m2\repository\com\fasterxml\jackson\module\jackson-module-parameter-names\2.17.2\jackson-module-parameter-names-2.17.2.jar;C:\Users\NITHESHWAR SIVAKUMAR\.m2\repository\org\springframework\boot\spring-boot-starter-tomcat\3.3.2\spring-boot-starter-tomcat-3.3.2.jar;C:\Users\NITHESHWAR SIVAKUMAR\.m2\repository\org\apache\tomcat\embed\tomcat-embed-core\10.1.26\tomcat-embed-core-10.1.26.jar;C:\Users\NITHESHWAR SIVAKUMAR\.m2\repository\org\apache\tomcat\embed\tomcat-embed-el\10.1.26\tomcat-embed-el-10.1.26.jar;C:\Users\NITHESHWAR SIVAKUMAR\.m2\repository\org\apache\tomcat\embed\tomcat-embed-websocket\10.1.26\tomcat-embed-websocket-10.1.26.jar;C:\Users\NITHESHWAR SIVAKUMAR\.m2\repository\org\springframework\spring-web\6.1.11\spring-web-6.1.11.jar;C:\Users\NITHESHWAR SIVAKUMAR\.m2\repository\org\springframework\spring-webmvc\6.1.11\spring-webmvc-6.1.11.jar;C:\Users\NITHESHWAR SIVAKUMAR\.m2\repository\org\springframework\spring-expression\6.1.11\spring-expression-6.1.11.jar;C:\Users\NITHESHWAR SIVAKUMAR\.m2\repository\org\projectlombok\lombok\1.18.34\lombok-1.18.34.jar;C:\Users\NITHESHWAR SIVAKUMAR\.m2\repository\org\springframework\boot\spring-boot-starter-test\3.3.2\spring-boot-starter-test-3.3.2.jar;C:\Users\NITHESHWAR SIVAKUMAR\.m2\repository\org\springframework\boot\spring-boot-test\3.3.2\spring-boot-test-3.3.2.jar;C:\Users\NITHESHWAR SIVAKUMAR\.m2\repository\org\springframework\boot\spring-boot-test-autoconfigure\3.3.2\spring-boot-test-autoconfigure-3.3.2.jar;C:\Users\NITHESHWAR SIVAKUMAR\.m2\repository\com\jayway\jsonpath\json-path\2.9.0\json-path-2.9.0.jar;C:\Users\NITHESHWAR SIVAKUMAR\.m2\repository\jakarta\xml\bind\jakarta.xml.bind-api\4.0.2\jakarta.xml.bind-api-4.0.2.jar;C:\Users\NITHESHWAR SIVAKUMAR\.m2\repository\jakarta\activation\jakarta.activation-api\2.1.3\jakarta.activation-api-2.1.3.jar;C:\Users\NITHESHWAR SIVAKUMAR\.m2\repository\net\minidev\json-smart\2.5.1\json-smart-2.5.1.jar;C:\Users\NITHESHWAR SIVAKUMAR\.m2\repository\net\minidev\accessors-smart\2.5.1\accessors-smart-2.5.1.jar;C:\Users\NITHESHWAR SIVAKUMAR\.m2\repository\org\ow2\asm\asm\9.6\asm-9.6.jar;C:\Users\NITHESHWAR SIVAKUMAR\.m2\repository\org\assertj\assertj-core\3.25.3\assertj-core-3.25.3.jar;C:\Users\NITHESHWAR SIVAKUMAR\.m2\repository\org\awaitility\awaitility\4.2.1\awaitility-4.2.1.jar;C:\Users\NITHESHWAR SIVAKUMAR\.m2\repository\org\hamcrest\hamcrest\2.2\hamcrest-2.2.jar;C:\Users\NITHESHWAR SIVAKUMAR\.m2\repository\org\junit\jupiter\junit-jupiter\5.10.3\junit-jupiter-5.10.3.jar;C:\Users\NITHESHWAR SIVAKUMAR\.m2\repository\org\junit\jupiter\junit-jupiter-api\5.10.3\junit-jupiter-api-5.10.3.jar;C:\Users\NITHESHWAR SIVAKUMAR\.m2\repository\org\opentest4j\opentest4j\1.3.0\opentest4j-1.3.0.jar;C:\Users\NITHESHWAR SIVAKUMAR\.m2\repository\org\junit\platform\junit-platform-commons\1.10.3\junit-platform-commons-1.10.3.jar;C:\Users\NITHESHWAR SIVAKUMAR\.m2\repository\org\apiguardian\apiguardian-api\1.1.2\apiguardian-api-1.1.2.jar;C:\Users\NITHESHWAR SIVAKUMAR\.m2\repository\org\junit\jupiter\junit-jupiter-params\5.10.3\junit-jupiter-params-5.10.3.jar;C:\Users\NITHESHWAR SIVAKUMAR\.m2\repository\org\junit\jupiter\junit-jupiter-engine\5.10.3\junit-jupiter-engine-5.10.3.jar;C:\Users\NITHESHWAR SIVAKUMAR\.m2\repository\org\junit\platform\junit-platform-engine\1.10.3\junit-platform-engine-1.10.3.jar;C:\Users\NITHESHWAR SIVAKUMAR\.m2\repository\org\mockito\mockito-core\5.11.0\mockito-core-5.11.0.jar;C:\Users\NITHESHWAR SIVAKUMAR\.m2\repository\net\bytebuddy\byte-buddy-agent\1.14.18\byte-buddy-agent-1.14.18.jar;C:\Users\NITHESHWAR SIVAKUMAR\.m2\repository\org\objenesis\objenesis\3.3\objenesis-3.3.jar;C:\Users\NITHESHWAR SIVAKUMAR\.m2\repository\org\mockito\mockito-junit-jupiter\5.11.0\mockito-junit-jupiter-5.11.0.jar;C:\Users\NITHESHWAR SIVAKUMAR\.m2\repository\org\skyscreamer\jsonassert\1.5.3\jsonassert-1.5.3.jar;C:\Users\NITHESHWAR SIVAKUMAR\.m2\repository\com\vaadin\external\google\android-json\0.0.20131108.vaadin1\android-json-0.0.20131108.vaadin1.jar;C:\Users\NITHESHWAR SIVAKUMAR\.m2\repository\org\springframework\spring-core\6.1.11\spring-core-6.1.11.jar;C:\Users\NITHESHWAR SIVAKUMAR\.m2\repository\org\springframework\spring-jcl\6.1.11\spring-jcl-6.1.11.jar;C:\Users\NITHESHWAR SIVAKUMAR\.m2\repository\org\springframework\spring-test\6.1.11\spring-test-6.1.11.jar;C:\Users\NITHESHWAR SIVAKUMAR\.m2\repository\org\xmlunit\xmlunit-core\2.9.1\xmlunit-core-2.9.1.jar;"/>
    <property name="java.vm.vendor" value="Eclipse Adoptium"/>
    <property name="sun.arch.data.model" value="64"/>
    <property name="user.variant" value=""/>
    <property name="java.vendor.url" value="https://adoptium.net/"/>
    <property name="user.timezone" value="Asia/Calcutta"/>
    <property name="org.jboss.logging.provider" value="slf4j"/>
    <property name="os.name" value="Windows 11"/>
    <property name="java.vm.specification.version" value="21"/>
    <property name="sun.java.launcher" value="SUN_STANDARD"/>
    <property name="user.country" value="IN"/>
    <property name="sun.boot.library.path" value="C:\Users\NITHESHWAR SIVAKUMAR\AppData\Roaming\Code\User\globalStorage\pleiades.java-extension-pack-jdk\java\21\bin"/>
    <property name="sun.java.command" value="C:\Users\NITHESHWAR SIVAKUMAR\AppData\Local\Temp\surefire5474961456674216201\surefirebooter-20240804224349379_3.jar C:\Users\NITHESHWAR SIVAKUMAR\AppData\Local\Temp\surefire5474961456674216201 2024-08-04T22-43-46_627-jvmRun1 surefire-20240804224349379_1tmp surefire_0-20240804224349379_2tmp"/>
    <property name="jdk.debug" value="release"/>
    <property name="surefire.test.class.path" value="D:\project2\demo\target\test-classes;D:\project2\demo\target\classes;C:\Users\NITHESHWAR SIVAKUMAR\.m2\repository\org\springframework\boot\spring-boot-starter-actuator\3.3.2\spring-boot-starter-actuator-3.3.2.jar;C:\Users\NITHESHWAR SIVAKUMAR\.m2\repository\org\springframework\boot\spring-boot-starter\3.3.2\spring-boot-starter-3.3.2.jar;C:\Users\NITHESHWAR SIVAKUMAR\.m2\repository\org\springframework\boot\spring-boot\3.3.2\spring-boot-3.3.2.jar;C:\Users\NITHESHWAR SIVAKUMAR\.m2\repository\org\springframework\boot\spring-boot-autoconfigure\3.3.2\spring-boot-autoconfigure-3.3.2.jar;C:\Users\NITHESHWAR SIVAKUMAR\.m2\repository\org\springframework\boot\spring-boot-starter-logging\3.3.2\spring-boot-starter-logging-3.3.2.jar;C:\Users\NITHESHWAR SIVAKUMAR\.m2\repository\ch\qos\logback\logback-classic\1.5.6\logback-classic-1.5.6.jar;C:\Users\NITHESHWAR SIVAKUMAR\.m2\repository\ch\qos\logback\logback-core\1.5.6\logback-core-1.5.6.jar;C:\Users\NITHESHWAR SIVAKUMAR\.m2\repository\org\apache\logging\log4j\log4j-to-slf4j\2.23.1\log4j-to-slf4j-2.23.1.jar;C:\Users\NITHESHWAR SIVAKUMAR\.m2\repository\org\apache\logging\log4j\log4j-api\2.23.1\log4j-api-2.23.1.jar;C:\Users\NITHESHWAR SIVAKUMAR\.m2\repository\org\slf4j\jul-to-slf4j\2.0.13\jul-to-slf4j-2.0.13.jar;C:\Users\NITHESHWAR SIVAKUMAR\.m2\repository\jakarta\annotation\jakarta.annotation-api\2.1.1\jakarta.annotation-api-2.1.1.jar;C:\Users\NITHESHWAR SIVAKUMAR\.m2\repository\org\yaml\snakeyaml\2.2\snakeyaml-2.2.jar;C:\Users\NITHESHWAR SIVAKUMAR\.m2\repository\org\springframework\boot\spring-boot-actuator-autoconfigure\3.3.2\spring-boot-actuator-autoconfigure-3.3.2.jar;C:\Users\NITHESHWAR SIVAKUMAR\.m2\repository\org\springframework\boot\spring-boot-actuator\3.3.2\spring-boot-actuator-3.3.2.jar;C:\Users\NITHESHWAR SIVAKUMAR\.m2\repository\com\fasterxml\jackson\core\jackson-databind\2.17.2\jackson-databind-2.17.2.jar;C:\Users\NITHESHWAR SIVAKUMAR\.m2\repository\com\fasterxml\jackson\core\jackson-annotations\2.17.2\jackson-annotations-2.17.2.jar;C:\Users\NITHESHWAR SIVAKUMAR\.m2\repository\com\fasterxml\jackson\core\jackson-core\2.17.2\jackson-core-2.17.2.jar;C:\Users\NITHESHWAR SIVAKUMAR\.m2\repository\com\fasterxml\jackson\datatype\jackson-datatype-jsr310\2.17.2\jackson-datatype-jsr310-2.17.2.jar;C:\Users\NITHESHWAR SIVAKUMAR\.m2\repository\io\micrometer\micrometer-observation\1.13.2\micrometer-observation-1.13.2.jar;C:\Users\NITHESHWAR SIVAKUMAR\.m2\repository\io\micrometer\micrometer-commons\1.13.2\micrometer-commons-1.13.2.jar;C:\Users\NITHESHWAR SIVAKUMAR\.m2\repository\io\micrometer\micrometer-jakarta9\1.13.2\micrometer-jakarta9-1.13.2.jar;C:\Users\NITHESHWAR SIVAKUMAR\.m2\repository\io\micrometer\micrometer-core\1.13.2\micrometer-core-1.13.2.jar;C:\Users\NITHESHWAR SIVAKUMAR\.m2\repository\org\hdrhistogram\HdrHistogram\2.2.2\HdrHistogram-2.2.2.jar;C:\Users\NITHESHWAR SIVAKUMAR\.m2\repository\org\latencyutils\LatencyUtils\2.0.3\LatencyUtils-2.0.3.jar;C:\Users\NITHESHWAR SIVAKUMAR\.m2\repository\org\springdoc\springdoc-openapi-starter-webmvc-ui\2.5.0\springdoc-openapi-starter-webmvc-ui-2.5.0.jar;C:\Users\NITHESHWAR SIVAKUMAR\.m2\repository\org\springdoc\springdoc-openapi-starter-webmvc-api\2.5.0\springdoc-openapi-starter-webmvc-api-2.5.0.jar;C:\Users\NITHESHWAR SIVAKUMAR\.m2\repository\org\springdoc\springdoc-openapi-starter-common\2.5.0\springdoc-openapi-starter-common-2.5.0.jar;C:\Users\NITHESHWAR SIVAKUMAR\.m2\repository\io\swagger\core\v3\swagger-core-jakarta\2.2.21\swagger-core-jakarta-2.2.21.jar;C:\Users\NITHESHWAR SIVAKUMAR\.m2\repository\org\apache\commons\commons-lang3\3.14.0\commons-lang3-3.14.0.jar;C:\Users\NITHESHWAR SIVAKUMAR\.m2\repository\io\swagger\core\v3\swagger-annotations-jakarta\2.2.21\swagger-annotations-jakarta-2.2.21.jar;C:\Users\NITHESHWAR SIVAKUMAR\.m2\repository\io\swagger\core\v3\swagger-models-jakarta\2.2.21\swagger-models-jakarta-2.2.21.jar;C:\Users\NITHESHWAR SIVAKUMAR\.m2\repository\jakarta\validation\jakarta.validation-api\3.0.2\jakarta.validation-api-3.0.2.jar;C:\Users\NITHESHWAR SIVAKUMAR\.m2\repository\com\fasterxml\jackson\dataformat\jackson-dataformat-yaml\2.17.2\jackson-dataformat-yaml-2.17.2.jar;C:\Users\NITHESHWAR SIVAKUMAR\.m2\repository\org\webjars\swagger-ui\5.13.0\swagger-ui-5.13.0.jar;C:\Users\NITHESHWAR SIVAKUMAR\.m2\repository\com\mysql\mysql-connector-j\8.0.33\mysql-connector-j-8.0.33.jar;C:\Users\NITHESHWAR SIVAKUMAR\.m2\repository\org\springframework\boot\spring-boot-starter-data-jpa\3.3.2\spring-boot-starter-data-jpa-3.3.2.jar;C:\Users\NITHESHWAR SIVAKUMAR\.m2\repository\org\springframework\boot\spring-boot-starter-aop\3.3.2\spring-boot-starter-aop-3.3.2.jar;C:\Users\NITHESHWAR SIVAKUMAR\.m2\repository\org\springframework\spring-aop\6.1.11\spring-aop-6.1.11.jar;C:\Users\NITHESHWAR SIVAKUMAR\.m2\repository\org\aspectj\aspectjweaver\1.9.22.1\aspectjweaver-1.9.22.1.jar;C:\Users\NITHESHWAR SIVAKUMAR\.m2\repository\org\springframework\boot\spring-boot-starter-jdbc\3.3.2\spring-boot-starter-jdbc-3.3.2.jar;C:\Users\NITHESHWAR SIVAKUMAR\.m2\repository\com\zaxxer\HikariCP\5.1.0\HikariCP-5.1.0.jar;C:\Users\NITHESHWAR SIVAKUMAR\.m2\repository\org\springframework\spring-jdbc\6.1.11\spring-jdbc-6.1.11.jar;C:\Users\NITHESHWAR SIVAKUMAR\.m2\repository\org\hibernate\orm\hibernate-core\6.5.2.Final\hibernate-core-6.5.2.Final.jar;C:\Users\NITHESHWAR SIVAKUMAR\.m2\repository\jakarta\persistence\jakarta.persistence-api\3.1.0\jakarta.persistence-api-3.1.0.jar;C:\Users\NITHESHWAR SIVAKUMAR\.m2\repository\jakarta\transaction\jakarta.transaction-api\2.0.1\jakarta.transaction-api-2.0.1.jar;C:\Users\NITHESHWAR SIVAKUMAR\.m2\repository\org\jboss\logging\jboss-logging\3.5.3.Final\jboss-logging-3.5.3.Final.jar;C:\Users\NITHESHWAR SIVAKUMAR\.m2\repository\org\hibernate\common\hibernate-commons-annotations\6.0.6.Final\hibernate-commons-annotations-6.0.6.Final.jar;C:\Users\NITHESHWAR SIVAKUMAR\.m2\repository\io\smallrye\jandex\3.1.2\jandex-3.1.2.jar;C:\Users\NITHESHWAR SIVAKUMAR\.m2\repository\com\fasterxml\classmate\1.7.0\classmate-1.7.0.jar;C:\Users\NITHESHWAR SIVAKUMAR\.m2\repository\net\bytebuddy\byte-buddy\1.14.18\byte-buddy-1.14.18.jar;C:\Users\NITHESHWAR SIVAKUMAR\.m2\repository\org\glassfish\jaxb\jaxb-runtime\4.0.5\jaxb-runtime-4.0.5.jar;C:\Users\NITHESHWAR SIVAKUMAR\.m2\repository\org\glassfish\jaxb\jaxb-core\4.0.5\jaxb-core-4.0.5.jar;C:\Users\NITHESHWAR SIVAKUMAR\.m2\repository\org\eclipse\angus\angus-activation\2.0.2\angus-activation-2.0.2.jar;C:\Users\NITHESHWAR SIVAKUMAR\.m2\repository\org\glassfish\jaxb\txw2\4.0.5\txw2-4.0.5.jar;C:\Users\NITHESHWAR SIVAKUMAR\.m2\repository\com\sun\istack\istack-commons-runtime\4.1.2\istack-commons-runtime-4.1.2.jar;C:\Users\NITHESHWAR SIVAKUMAR\.m2\repository\jakarta\inject\jakarta.inject-api\2.0.1\jakarta.inject-api-2.0.1.jar;C:\Users\NITHESHWAR SIVAKUMAR\.m2\repository\org\antlr\antlr4-runtime\4.13.0\antlr4-runtime-4.13.0.jar;C:\Users\NITHESHWAR SIVAKUMAR\.m2\repository\org\springframework\data\spring-data-jpa\3.3.2\spring-data-jpa-3.3.2.jar;C:\Users\NITHESHWAR SIVAKUMAR\.m2\repository\org\springframework\data\spring-data-commons\3.3.2\spring-data-commons-3.3.2.jar;C:\Users\NITHESHWAR SIVAKUMAR\.m2\repository\org\springframework\spring-orm\6.1.11\spring-orm-6.1.11.jar;C:\Users\NITHESHWAR SIVAKUMAR\.m2\repository\org\springframework\spring-context\6.1.11\spring-context-6.1.11.jar;C:\Users\NITHESHWAR SIVAKUMAR\.m2\repository\org\springframework\spring-tx\6.1.11\spring-tx-6.1.11.jar;C:\Users\NITHESHWAR SIVAKUMAR\.m2\repository\org\springframework\spring-beans\6.1.11\spring-beans-6.1.11.jar;C:\Users\NITHESHWAR SIVAKUMAR\.m2\repository\org\slf4j\slf4j-api\2.0.13\slf4j-api-2.0.13.jar;C:\Users\NITHESHWAR SIVAKUMAR\.m2\repository\org\springframework\spring-aspects\6.1.11\spring-aspects-6.1.11.jar;C:\Users\NITHESHWAR SIVAKUMAR\.m2\repository\org\springframework\boot\spring-boot-starter-web\3.3.2\spring-boot-starter-web-3.3.2.jar;C:\Users\NITHESHWAR SIVAKUMAR\.m2\repository\org\springframework\boot\spring-boot-starter-json\3.3.2\spring-boot-starter-json-3.3.2.jar;C:\Users\NITHESHWAR SIVAKUMAR\.m2\repository\com\fasterxml\jackson\datatype\jackson-datatype-jdk8\2.17.2\jackson-datatype-jdk8-2.17.2.jar;C:\Users\NITHESHWAR SIVAKUMAR\.m2\repository\com\fasterxml\jackson\module\jackson-module-parameter-names\2.17.2\jackson-module-parameter-names-2.17.2.jar;C:\Users\NITHESHWAR SIVAKUMAR\.m2\repository\org\springframework\boot\spring-boot-starter-tomcat\3.3.2\spring-boot-starter-tomcat-3.3.2.jar;C:\Users\NITHESHWAR SIVAKUMAR\.m2\repository\org\apache\tomcat\embed\tomcat-embed-core\10.1.26\tomcat-embed-core-10.1.26.jar;C:\Users\NITHESHWAR SIVAKUMAR\.m2\repository\org\apache\tomcat\embed\tomcat-embed-el\10.1.26\tomcat-embed-el-10.1.26.jar;C:\Users\NITHESHWAR SIVAKUMAR\.m2\repository\org\apache\tomcat\embed\tomcat-embed-websocket\10.1.26\tomcat-embed-websocket-10.1.26.jar;C:\Users\NITHESHWAR SIVAKUMAR\.m2\repository\org\springframework\spring-web\6.1.11\spring-web-6.1.11.jar;C:\Users\NITHESHWAR SIVAKUMAR\.m2\repository\org\springframework\spring-webmvc\6.1.11\spring-webmvc-6.1.11.jar;C:\Users\NITHESHWAR SIVAKUMAR\.m2\repository\org\springframework\spring-expression\6.1.11\spring-expression-6.1.11.jar;C:\Users\NITHESHWAR SIVAKUMAR\.m2\repository\org\projectlombok\lombok\1.18.34\lombok-1.18.34.jar;C:\Users\NITHESHWAR SIVAKUMAR\.m2\repository\org\springframework\boot\spring-boot-starter-test\3.3.2\spring-boot-starter-test-3.3.2.jar;C:\Users\NITHESHWAR SIVAKUMAR\.m2\repository\org\springframework\boot\spring-boot-test\3.3.2\spring-boot-test-3.3.2.jar;C:\Users\NITHESHWAR SIVAKUMAR\.m2\repository\org\springframework\boot\spring-boot-test-autoconfigure\3.3.2\spring-boot-test-autoconfigure-3.3.2.jar;C:\Users\NITHESHWAR SIVAKUMAR\.m2\repository\com\jayway\jsonpath\json-path\2.9.0\json-path-2.9.0.jar;C:\Users\NITHESHWAR SIVAKUMAR\.m2\repository\jakarta\xml\bind\jakarta.xml.bind-api\4.0.2\jakarta.xml.bind-api-4.0.2.jar;C:\Users\NITHESHWAR SIVAKUMAR\.m2\repository\jakarta\activation\jakarta.activation-api\2.1.3\jakarta.activation-api-2.1.3.jar;C:\Users\NITHESHWAR SIVAKUMAR\.m2\repository\net\minidev\json-smart\2.5.1\json-smart-2.5.1.jar;C:\Users\NITHESHWAR SIVAKUMAR\.m2\repository\net\minidev\accessors-smart\2.5.1\accessors-smart-2.5.1.jar;C:\Users\NITHESHWAR SIVAKUMAR\.m2\repository\org\ow2\asm\asm\9.6\asm-9.6.jar;C:\Users\NITHESHWAR SIVAKUMAR\.m2\repository\org\assertj\assertj-core\3.25.3\assertj-core-3.25.3.jar;C:\Users\NITHESHWAR SIVAKUMAR\.m2\repository\org\awaitility\awaitility\4.2.1\awaitility-4.2.1.jar;C:\Users\NITHESHWAR SIVAKUMAR\.m2\repository\org\hamcrest\hamcrest\2.2\hamcrest-2.2.jar;C:\Users\NITHESHWAR SIVAKUMAR\.m2\repository\org\junit\jupiter\junit-jupiter\5.10.3\junit-jupiter-5.10.3.jar;C:\Users\NITHESHWAR SIVAKUMAR\.m2\repository\org\junit\jupiter\junit-jupiter-api\5.10.3\junit-jupiter-api-5.10.3.jar;C:\Users\NITHESHWAR SIVAKUMAR\.m2\repository\org\opentest4j\opentest4j\1.3.0\opentest4j-1.3.0.jar;C:\Users\NITHESHWAR SIVAKUMAR\.m2\repository\org\junit\platform\junit-platform-commons\1.10.3\junit-platform-commons-1.10.3.jar;C:\Users\NITHESHWAR SIVAKUMAR\.m2\repository\org\apiguardian\apiguardian-api\1.1.2\apiguardian-api-1.1.2.jar;C:\Users\NITHESHWAR SIVAKUMAR\.m2\repository\org\junit\jupiter\junit-jupiter-params\5.10.3\junit-jupiter-params-5.10.3.jar;C:\Users\NITHESHWAR SIVAKUMAR\.m2\repository\org\junit\jupiter\junit-jupiter-engine\5.10.3\junit-jupiter-engine-5.10.3.jar;C:\Users\NITHESHWAR SIVAKUMAR\.m2\repository\org\junit\platform\junit-platform-engine\1.10.3\junit-platform-engine-1.10.3.jar;C:\Users\NITHESHWAR SIVAKUMAR\.m2\repository\org\mockito\mockito-core\5.11.0\mockito-core-5.11.0.jar;C:\Users\NITHESHWAR SIVAKUMAR\.m2\repository\net\bytebuddy\byte-buddy-agent\1.14.18\byte-buddy-agent-1.14.18.jar;C:\Users\NITHESHWAR SIVAKUMAR\.m2\repository\org\objenesis\objenesis\3.3\objenesis-3.3.jar;C:\Users\NITHESHWAR SIVAKUMAR\.m2\repository\org\mockito\mockito-junit-jupiter\5.11.0\mockito-junit-jupiter-5.11.0.jar;C:\Users\NITHESHWAR SIVAKUMAR\.m2\repository\org\skyscreamer\jsonassert\1.5.3\jsonassert-1.5.3.jar;C:\Users\NITHESHWAR SIVAKUMAR\.m2\repository\com\vaadin\external\google\android-json\0.0.20131108.vaadin1\android-json-0.0.20131108.vaadin1.jar;C:\Users\NITHESHWAR SIVAKUMAR\.m2\repository\org\springframework\spring-core\6.1.11\spring-core-6.1.11.jar;C:\Users\NITHESHWAR SIVAKUMAR\.m2\repository\org\springframework\spring-jcl\6.1.11\spring-jcl-6.1.11.jar;C:\Users\NITHESHWAR SIVAKUMAR\.m2\repository\org\springframework\spring-test\6.1.11\spring-test-6.1.11.jar;C:\Users\NITHESHWAR SIVAKUMAR\.m2\repository\org\xmlunit\xmlunit-core\2.9.1\xmlunit-core-2.9.1.jar;"/>
    <property name="sun.cpu.endian" value="little"/>
    <property name="user.home" value="C:\Users\NITHESHWAR SIVAKUMAR"/>
    <property name="user.language" value="en"/>
    <property name="java.specification.vendor" value="Oracle Corporation"/>
    <property name="java.version.date" value="2024-07-16"/>
    <property name="java.home" value="C:\Users\NITHESHWAR SIVAKUMAR\AppData\Roaming\Code\User\globalStorage\pleiades.java-extension-pack-jdk\java\21"/>
    <property name="file.separator" value="\"/>
    <property name="basedir" value="D:\project2\demo"/>
    <property name="java.vm.compressedOopsMode" value="Zero based"/>
    <property name="line.separator" value="&#10;"/>
    <property name="java.vm.specification.vendor" value="Oracle Corporation"/>
    <property name="java.specification.name" value="Java Platform API Specification"/>
    <property name="FILE_LOG_CHARSET" value="UTF-8"/>
    <property name="java.awt.headless" value="true"/>
    <property name="surefire.real.class.path" value="C:\Users\NITHESHWAR SIVAKUMAR\AppData\Local\Temp\surefire5474961456674216201\surefirebooter-20240804224349379_3.jar"/>
    <property name="user.script" value=""/>
    <property name="sun.management.compiler" value="HotSpot 64-Bit Tiered Compilers"/>
    <property name="java.runtime.version" value="21.0.4+7-LTS"/>
    <property name="user.name" value="NITHESHWAR SIVAKUMAR"/>
    <property name="stdout.encoding" value="Cp1252"/>
    <property name="path.separator" value=";"/>
    <property name="os.version" value="10.0"/>
    <property name="java.runtime.name" value="OpenJDK Runtime Environment"/>
    <property name="file.encoding" value="UTF-8"/>
    <property name="java.vm.name" value="OpenJDK 64-Bit Server VM"/>
    <property name="java.vendor.version" value="Temurin-21.0.4+7"/>
    <property name="localRepository" value="C:\Users\NITHESHWAR SIVAKUMAR\.m2\repository"/>
    <property name="java.vendor.url.bug" value="https://github.com/adoptium/adoptium-support/issues"/>
    <property name="java.io.tmpdir" value="C:\Users\NITHES~1\AppData\Local\Temp\"/>
    <property name="com.zaxxer.hikari.pool_number" value="1"/>
    <property name="java.version" value="21.0.4"/>
    <property name="user.dir" value="D:\project2\demo"/>
    <property name="os.arch" value="amd64"/>
    <property name="java.vm.specification.name" value="Java Virtual Machine Specification"/>
    <property name="PID" value="24256"/>
    <property name="sun.os.patch.level" value=""/>
    <property name="CONSOLE_LOG_CHARSET" value="UTF-8"/>
    <property name="native.encoding" value="Cp1252"/>
    <property name="java.library.path" value="C:\Users\NITHESHWAR SIVAKUMAR\AppData\Roaming\Code\User\globalStorage\pleiades.java-extension-pack-jdk\java\21\bin;C:\WINDOWS\Sun\Java\bin;C:\WINDOWS\system32;C:\WINDOWS;C:\Users\NITHESHWAR SIVAKUMAR\AppData\Roaming\Code\User\globalStorage\pleiades.java-extension-pack-jdk\gradle\latest\bin;C:\Users\NITHESHWAR SIVAKUMAR\AppData\Roaming\Code\User\globalStorage\pleiades.java-extension-pack-jdk\maven\latest\bin;C:\Users\NITHESHWAR SIVAKUMAR\AppData\Roaming\Code\User\globalStorage\pleiades.java-extension-pack-jdk\java\21\bin;C:\Program Files\Common Files\Oracle\Java\javapath;C:\Windows\system32;C:\Windows;C:\Windows\System32\Wbem;C:\Windows\System32\WindowsPowerShell\v1.0\;C:\Windows\System32\OpenSSH\;C:\Program Files (x86)\NVIDIA Corporation\PhysX\Common;C:\Program Files\NVIDIA Corporation\NVIDIA NvDLISR;C:\Program Files\PuTTY\;C:\WINDOWS\system32;C:\WINDOWS;C:\WINDOWS\System32\Wbem;C:\WINDOWS\System32\WindowsPowerShell\v1.0\;C:\WINDOWS\System32\OpenSSH\;C:\Program Files\Git\cmd;C:\Program Files\nodejs\;C:\Program Files\MySQL\MySQL Shell 8.0\bin\;C:\Users\NITHESHWAR SIVAKUMAR\AppData\Local\Microsoft\WindowsApps;C:\Users\NITHESHWAR SIVAKUMAR\AppData\Local\Programs\Microsoft VS Code\bin;C:\Users\NITHESHWAR SIVAKUMAR\AppData\Roaming\npm;."/>
    <property name="java.vm.info" value="mixed mode, sharing"/>
    <property name="stderr.encoding" value="Cp1252"/>
    <property name="java.vendor" value="Eclipse Adoptium"/>
    <property name="java.vm.version" value="21.0.4+7-LTS"/>
    <property name="sun.io.unicode.encoding" value="UnicodeLittle"/>
    <property name="java.class.version" value="65.0"/>
    <property name="LOGGED_APPLICATION_NAME" value="[demo] "/>
  </properties>
  <testcase name="contextLoads" classname="com.example.demo.DemoApplicationTests" time="0.461">
    <system-out><![CDATA[22:43:50.762 [main] INFO org.springframework.test.context.support.AnnotationConfigContextLoaderUtils -- Could not detect default configuration classes for test class [com.example.demo.DemoApplicationTests]: DemoApplicationTests does not declare any static, non-private, non-final, nested classes annotated with @Configuration.
22:43:50.910 [main] INFO org.springframework.boot.test.context.SpringBootTestContextBootstrapper -- Found @SpringBootConfiguration com.example.demo.DemoApplication for test class com.example.demo.DemoApplicationTests

  .   ____          _            __ _ _
 /\\ / ___'_ __ _ _(_)_ __  __ _ \ \ \ \
( ( )\___ | '_ | '_| | '_ \/ _` | \ \ \ \
 \\/  ___)| |_)| | | | | || (_| |  ) ) ) )
  '  |____| .__|_| |_|_| |_\__, | / / / /
 =========|_|==============|___/=/_/_/_/

 :: Spring Boot ::                (v3.3.2)

2024-08-04T22:43:51.426+05:30  INFO 24256 --- [demo] [           main] com.example.demo.DemoApplicationTests    : Starting DemoApplicationTests using Java 21.0.4 with PID 24256 (started by NITHESHWAR SIVAKUMAR in D:\project2\demo)
2024-08-04T22:43:51.429+05:30  INFO 24256 --- [demo] [           main] com.example.demo.DemoApplicationTests    : No active profile set, falling back to 1 default profile: "default"
2024-08-04T22:43:52.620+05:30  INFO 24256 --- [demo] [           main] .s.d.r.c.RepositoryConfigurationDelegate : Bootstrapping Spring Data JPA repositories in DEFAULT mode.
2024-08-04T22:43:52.677+05:30  INFO 24256 --- [demo] [           main] .s.d.r.c.RepositoryConfigurationDelegate : Finished Spring Data repository scanning in 49 ms. Found 3 JPA repository interfaces.
2024-08-04T22:43:53.333+05:30 DEBUG 24256 --- [demo] [           main] o.hibernate.jpa.internal.util.LogHelper  : PersistenceUnitInfo [
	name: default
	persistence provider classname: null
	classloader: jdk.internal.loader.ClassLoaders$AppClassLoader@70dea4e
	excludeUnlistedClasses: true
	JTA datasource: null
	Non JTA datasource: HikariDataSource (null)
	Transaction type: RESOURCE_LOCAL
	PU root URL: file:/D:/project2/demo/target/test-classes/
	Shared Cache Mode: UNSPECIFIED
	Validation Mode: AUTO
	Jar files URLs []
	Managed classes names [
		com.example.demo.model.Faculty
		com.example.demo.model.Student
		com.example.demo.model.User]
	Mapping files names []
	Properties []
2024-08-04T22:43:53.347+05:30 DEBUG 24256 --- [demo] [           main] o.h.i.internal.IntegratorServiceImpl     : Adding Integrator [org.hibernate.boot.beanvalidation.BeanValidationIntegrator].
2024-08-04T22:43:53.349+05:30 DEBUG 24256 --- [demo] [           main] o.h.i.internal.IntegratorServiceImpl     : Adding Integrator [org.hibernate.cache.internal.CollectionCacheInvalidator].
2024-08-04T22:43:53.398+05:30  INFO 24256 --- [demo] [           main] org.hibernate.Version                    : HHH000412: Hibernate ORM core version 6.5.2.Final
2024-08-04T22:43:53.399+05:30 DEBUG 24256 --- [demo] [           main] org.hibernate.cfg.Environment            : HHH000206: 'hibernate.properties' not found
2024-08-04T22:43:53.436+05:30 DEBUG 24256 --- [demo] [           main] org.hibernate.orm.idgen.factory          : Registering IdentifierGenerator strategy [uuid2] -> [org.hibernate.id.UUIDGenerator]
2024-08-04T22:43:53.436+05:30 DEBUG 24256 --- [demo] [           main] org.hibernate.orm.idgen.factory          : Registering IdentifierGenerator strategy [guid] -> [org.hibernate.id.GUIDGenerator]
2024-08-04T22:43:53.437+05:30 DEBUG 24256 --- [demo] [           main] org.hibernate.orm.idgen.factory          : Registering IdentifierGenerator strategy [uuid] -> [org.hibernate.id.UUIDHexGenerator]
2024-08-04T22:43:53.437+05:30 DEBUG 24256 --- [demo] [           main] org.hibernate.orm.idgen.factory          : Registering IdentifierGenerator strategy [uuid.hex] -> [org.hibernate.id.UUIDHexGenerator]
2024-08-04T22:43:53.438+05:30 DEBUG 24256 --- [demo] [           main] org.hibernate.orm.idgen.factory          : Registering IdentifierGenerator strategy [assigned] -> [org.hibernate.id.Assigned]
2024-08-04T22:43:53.438+05:30 DEBUG 24256 --- [demo] [           main] org.hibernate.orm.idgen.factory          : Registering IdentifierGenerator strategy [identity] -> [org.hibernate.id.IdentityGenerator]
2024-08-04T22:43:53.438+05:30 DEBUG 24256 --- [demo] [           main] org.hibernate.orm.idgen.factory          : Registering IdentifierGenerator strategy [select] -> [org.hibernate.id.SelectGenerator]
2024-08-04T22:43:53.440+05:30 DEBUG 24256 --- [demo] [           main] org.hibernate.orm.idgen.factory          : Registering IdentifierGenerator strategy [sequence] -> [org.hibernate.id.enhanced.SequenceStyleGenerator]
2024-08-04T22:43:53.440+05:30 DEBUG 24256 --- [demo] [           main] org.hibernate.orm.idgen.factory          : Registering IdentifierGenerator strategy [increment] -> [org.hibernate.id.IncrementGenerator]
2024-08-04T22:43:53.441+05:30 DEBUG 24256 --- [demo] [           main] org.hibernate.orm.idgen.factory          : Registering IdentifierGenerator strategy [foreign] -> [org.hibernate.id.ForeignGenerator]
2024-08-04T22:43:53.441+05:30 DEBUG 24256 --- [demo] [           main] org.hibernate.orm.idgen.factory          : Registering IdentifierGenerator strategy [enhanced-sequence] -> [org.hibernate.id.enhanced.SequenceStyleGenerator]
2024-08-04T22:43:53.442+05:30 DEBUG 24256 --- [demo] [           main] org.hibernate.orm.idgen.factory          : Registering IdentifierGenerator strategy [enhanced-table] -> [org.hibernate.id.enhanced.TableGenerator]
2024-08-04T22:43:53.449+05:30 DEBUG 24256 --- [demo] [           main] o.h.c.internal.RegionFactoryInitiator    : Cannot default RegionFactory based on registered strategies as `[]` RegionFactory strategies were registered
2024-08-04T22:43:53.450+05:30  INFO 24256 --- [demo] [           main] o.h.c.internal.RegionFactoryInitiator    : HHH000026: Second-level cache disabled
2024-08-04T22:43:53.576+05:30 DEBUG 24256 --- [demo] [           main] org.hibernate.type.BasicTypeRegistry     : Adding type registration boolean -> org.hibernate.type.BasicTypeReference@60fc7f43
2024-08-04T22:43:53.577+05:30 DEBUG 24256 --- [demo] [           main] org.hibernate.type.BasicTypeRegistry     : Adding type registration boolean -> org.hibernate.type.BasicTypeReference@60fc7f43
2024-08-04T22:43:53.577+05:30 DEBUG 24256 --- [demo] [           main] org.hibernate.type.BasicTypeRegistry     : Adding type registration java.lang.Boolean -> org.hibernate.type.BasicTypeReference@60fc7f43
2024-08-04T22:43:53.577+05:30 DEBUG 24256 --- [demo] [           main] org.hibernate.type.BasicTypeRegistry     : Adding type registration numeric_boolean -> org.hibernate.type.BasicTypeReference@16e195cf
2024-08-04T22:43:53.577+05:30 DEBUG 24256 --- [demo] [           main] org.hibernate.type.BasicTypeRegistry     : Adding type registration org.hibernate.type.NumericBooleanConverter -> org.hibernate.type.BasicTypeReference@16e195cf
2024-08-04T22:43:53.577+05:30 DEBUG 24256 --- [demo] [           main] org.hibernate.type.BasicTypeRegistry     : Adding type registration true_false -> org.hibernate.type.BasicTypeReference@3212d853
2024-08-04T22:43:53.577+05:30 DEBUG 24256 --- [demo] [           main] org.hibernate.type.BasicTypeRegistry     : Adding type registration org.hibernate.type.TrueFalseConverter -> org.hibernate.type.BasicTypeReference@3212d853
2024-08-04T22:43:53.577+05:30 DEBUG 24256 --- [demo] [           main] org.hibernate.type.BasicTypeRegistry     : Adding type registration yes_no -> org.hibernate.type.BasicTypeReference@74c7522c
2024-08-04T22:43:53.578+05:30 DEBUG 24256 --- [demo] [           main] org.hibernate.type.BasicTypeRegistry     : Adding type registration org.hibernate.type.YesNoConverter -> org.hibernate.type.BasicTypeReference@74c7522c
2024-08-04T22:43:53.578+05:30 DEBUG 24256 --- [demo] [           main] org.hibernate.type.BasicTypeRegistry     : Adding type registration byte -> org.hibernate.type.BasicTypeReference@77c23d90
2024-08-04T22:43:53.578+05:30 DEBUG 24256 --- [demo] [           main] org.hibernate.type.BasicTypeRegistry     : Adding type registration byte -> org.hibernate.type.BasicTypeReference@77c23d90
2024-08-04T22:43:53.578+05:30 DEBUG 24256 --- [demo] [           main] org.hibernate.type.BasicTypeRegistry     : Adding type registration java.lang.Byte -> org.hibernate.type.BasicTypeReference@77c23d90
2024-08-04T22:43:53.578+05:30 DEBUG 24256 --- [demo] [           main] org.hibernate.type.BasicTypeRegistry     : Adding type registration binary -> org.hibernate.type.BasicTypeReference@6d17914a
2024-08-04T22:43:53.578+05:30 DEBUG 24256 --- [demo] [           main] org.hibernate.type.BasicTypeRegistry     : Adding type registration byte[] -> org.hibernate.type.BasicTypeReference@6d17914a
2024-08-04T22:43:53.578+05:30 DEBUG 24256 --- [demo] [           main] org.hibernate.type.BasicTypeRegistry     : Adding type registration [B -> org.hibernate.type.BasicTypeReference@6d17914a
2024-08-04T22:43:53.578+05:30 DEBUG 24256 --- [demo] [           main] org.hibernate.type.BasicTypeRegistry     : Adding type registration binary_wrapper -> org.hibernate.type.BasicTypeReference@49631cfb
2024-08-04T22:43:53.578+05:30 DEBUG 24256 --- [demo] [           main] org.hibernate.type.BasicTypeRegistry     : Adding type registration wrapper-binary -> org.hibernate.type.BasicTypeReference@49631cfb
2024-08-04T22:43:53.578+05:30 DEBUG 24256 --- [demo] [           main] org.hibernate.type.BasicTypeRegistry     : Adding type registration image -> org.hibernate.type.BasicTypeReference@77b71c9
2024-08-04T22:43:53.580+05:30 DEBUG 24256 --- [demo] [           main] org.hibernate.type.BasicTypeRegistry     : Adding type registration blob -> org.hibernate.type.BasicTypeReference@6133e20b
2024-08-04T22:43:53.580+05:30 DEBUG 24256 --- [demo] [           main] org.hibernate.type.BasicTypeRegistry     : Adding type registration java.sql.Blob -> org.hibernate.type.BasicTypeReference@6133e20b
2024-08-04T22:43:53.580+05:30 DEBUG 24256 --- [demo] [           main] org.hibernate.type.BasicTypeRegistry     : Adding type registration materialized_blob -> org.hibernate.type.BasicTypeReference@30ffb2a6
2024-08-04T22:43:53.580+05:30 DEBUG 24256 --- [demo] [           main] org.hibernate.type.BasicTypeRegistry     : Adding type registration materialized_blob_wrapper -> org.hibernate.type.BasicTypeReference@612af486
2024-08-04T22:43:53.580+05:30 DEBUG 24256 --- [demo] [           main] org.hibernate.type.BasicTypeRegistry     : Adding type registration short -> org.hibernate.type.BasicTypeReference@3d033453
2024-08-04T22:43:53.580+05:30 DEBUG 24256 --- [demo] [           main] org.hibernate.type.BasicTypeRegistry     : Adding type registration short -> org.hibernate.type.BasicTypeReference@3d033453
2024-08-04T22:43:53.580+05:30 DEBUG 24256 --- [demo] [           main] org.hibernate.type.BasicTypeRegistry     : Adding type registration java.lang.Short -> org.hibernate.type.BasicTypeReference@3d033453
2024-08-04T22:43:53.580+05:30 DEBUG 24256 --- [demo] [           main] org.hibernate.type.BasicTypeRegistry     : Adding type registration integer -> org.hibernate.type.BasicTypeReference@43deba42
2024-08-04T22:43:53.580+05:30 DEBUG 24256 --- [demo] [           main] org.hibernate.type.BasicTypeRegistry     : Adding type registration int -> org.hibernate.type.BasicTypeReference@43deba42
2024-08-04T22:43:53.580+05:30 DEBUG 24256 --- [demo] [           main] org.hibernate.type.BasicTypeRegistry     : Adding type registration java.lang.Integer -> org.hibernate.type.BasicTypeReference@43deba42
2024-08-04T22:43:53.580+05:30 DEBUG 24256 --- [demo] [           main] org.hibernate.type.BasicTypeRegistry     : Adding type registration long -> org.hibernate.type.BasicTypeReference@e795a1d
2024-08-04T22:43:53.580+05:30 DEBUG 24256 --- [demo] [           main] org.hibernate.type.BasicTypeRegistry     : Adding type registration long -> org.hibernate.type.BasicTypeReference@e795a1d
2024-08-04T22:43:53.580+05:30 DEBUG 24256 --- [demo] [           main] org.hibernate.type.BasicTypeRegistry     : Adding type registration java.lang.Long -> org.hibernate.type.BasicTypeReference@e795a1d
2024-08-04T22:43:53.580+05:30 DEBUG 24256 --- [demo] [           main] org.hibernate.type.BasicTypeRegistry     : Adding type registration float -> org.hibernate.type.BasicTypeReference@38c10190
2024-08-04T22:43:53.580+05:30 DEBUG 24256 --- [demo] [           main] org.hibernate.type.BasicTypeRegistry     : Adding type registration float -> org.hibernate.type.BasicTypeReference@38c10190
2024-08-04T22:43:53.580+05:30 DEBUG 24256 --- [demo] [           main] org.hibernate.type.BasicTypeRegistry     : Adding type registration java.lang.Float -> org.hibernate.type.BasicTypeReference@38c10190
2024-08-04T22:43:53.580+05:30 DEBUG 24256 --- [demo] [           main] org.hibernate.type.BasicTypeRegistry     : Adding type registration double -> org.hibernate.type.BasicTypeReference@1cc41b77
2024-08-04T22:43:53.581+05:30 DEBUG 24256 --- [demo] [           main] org.hibernate.type.BasicTypeRegistry     : Adding type registration double -> org.hibernate.type.BasicTypeReference@1cc41b77
2024-08-04T22:43:53.581+05:30 DEBUG 24256 --- [demo] [           main] org.hibernate.type.BasicTypeRegistry     : Adding type registration java.lang.Double -> org.hibernate.type.BasicTypeReference@1cc41b77
2024-08-04T22:43:53.581+05:30 DEBUG 24256 --- [demo] [           main] org.hibernate.type.BasicTypeRegistry     : Adding type registration big_integer -> org.hibernate.type.BasicTypeReference@2a7ebe07
2024-08-04T22:43:53.581+05:30 DEBUG 24256 --- [demo] [           main] org.hibernate.type.BasicTypeRegistry     : Adding type registration java.math.BigInteger -> org.hibernate.type.BasicTypeReference@2a7ebe07
2024-08-04T22:43:53.581+05:30 DEBUG 24256 --- [demo] [           main] org.hibernate.type.BasicTypeRegistry     : Adding type registration big_decimal -> org.hibernate.type.BasicTypeReference@6e93b0e7
2024-08-04T22:43:53.581+05:30 DEBUG 24256 --- [demo] [           main] org.hibernate.type.BasicTypeRegistry     : Adding type registration java.math.BigDecimal -> org.hibernate.type.BasicTypeReference@6e93b0e7
2024-08-04T22:43:53.581+05:30 DEBUG 24256 --- [demo] [           main] org.hibernate.type.BasicTypeRegistry     : Adding type registration character -> org.hibernate.type.BasicTypeReference@5eeee124
2024-08-04T22:43:53.581+05:30 DEBUG 24256 --- [demo] [           main] org.hibernate.type.BasicTypeRegistry     : Adding type registration char -> org.hibernate.type.BasicTypeReference@5eeee124
2024-08-04T22:43:53.581+05:30 DEBUG 24256 --- [demo] [           main] org.hibernate.type.BasicTypeRegistry     : Adding type registration java.lang.Character -> org.hibernate.type.BasicTypeReference@5eeee124
2024-08-04T22:43:53.581+05:30 DEBUG 24256 --- [demo] [           main] org.hibernate.type.BasicTypeRegistry     : Adding type registration character_nchar -> org.hibernate.type.BasicTypeReference@62cd562d
2024-08-04T22:43:53.581+05:30 DEBUG 24256 --- [demo] [           main] org.hibernate.type.BasicTypeRegistry     : Adding type registration string -> org.hibernate.type.BasicTypeReference@3d1c52f5
2024-08-04T22:43:53.581+05:30 DEBUG 24256 --- [demo] [           main] org.hibernate.type.BasicTypeRegistry     : Adding type registration java.lang.String -> org.hibernate.type.BasicTypeReference@3d1c52f5
2024-08-04T22:43:53.581+05:30 DEBUG 24256 --- [demo] [           main] org.hibernate.type.BasicTypeRegistry     : Adding type registration nstring -> org.hibernate.type.BasicTypeReference@4e7bc939
2024-08-04T22:43:53.582+05:30 DEBUG 24256 --- [demo] [           main] org.hibernate.type.BasicTypeRegistry     : Adding type registration characters -> org.hibernate.type.BasicTypeReference@67b5e613
2024-08-04T22:43:53.582+05:30 DEBUG 24256 --- [demo] [           main] org.hibernate.type.BasicTypeRegistry     : Adding type registration char[] -> org.hibernate.type.BasicTypeReference@67b5e613
2024-08-04T22:43:53.582+05:30 DEBUG 24256 --- [demo] [           main] org.hibernate.type.BasicTypeRegistry     : Adding type registration [C -> org.hibernate.type.BasicTypeReference@67b5e613
2024-08-04T22:43:53.582+05:30 DEBUG 24256 --- [demo] [           main] org.hibernate.type.BasicTypeRegistry     : Adding type registration wrapper-characters -> org.hibernate.type.BasicTypeReference@6fc1a8f6
2024-08-04T22:43:53.582+05:30 DEBUG 24256 --- [demo] [           main] org.hibernate.type.BasicTypeRegistry     : Adding type registration text -> org.hibernate.type.BasicTypeReference@3095d401
2024-08-04T22:43:53.582+05:30 DEBUG 24256 --- [demo] [           main] org.hibernate.type.BasicTypeRegistry     : Adding type registration ntext -> org.hibernate.type.BasicTypeReference@2037f12b
2024-08-04T22:43:53.582+05:30 DEBUG 24256 --- [demo] [           main] org.hibernate.type.BasicTypeRegistry     : Adding type registration clob -> org.hibernate.type.BasicTypeReference@687a0e40
2024-08-04T22:43:53.582+05:30 DEBUG 24256 --- [demo] [           main] org.hibernate.type.BasicTypeRegistry     : Adding type registration java.sql.Clob -> org.hibernate.type.BasicTypeReference@687a0e40
2024-08-04T22:43:53.582+05:30 DEBUG 24256 --- [demo] [           main] org.hibernate.type.BasicTypeRegistry     : Adding type registration nclob -> org.hibernate.type.BasicTypeReference@a9e8da1
2024-08-04T22:43:53.582+05:30 DEBUG 24256 --- [demo] [           main] org.hibernate.type.BasicTypeRegistry     : Adding type registration java.sql.NClob -> org.hibernate.type.BasicTypeReference@a9e8da1
2024-08-04T22:43:53.582+05:30 DEBUG 24256 --- [demo] [           main] org.hibernate.type.BasicTypeRegistry     : Adding type registration materialized_clob -> org.hibernate.type.BasicTypeReference@14b5752f
2024-08-04T22:43:53.582+05:30 DEBUG 24256 --- [demo] [           main] org.hibernate.type.BasicTypeRegistry     : Adding type registration materialized_clob_char_array -> org.hibernate.type.BasicTypeReference@b94703b
2024-08-04T22:43:53.583+05:30 DEBUG 24256 --- [demo] [           main] org.hibernate.type.BasicTypeRegistry     : Adding type registration materialized_clob_character_array -> org.hibernate.type.BasicTypeReference@33a47707
2024-08-04T22:43:53.583+05:30 DEBUG 24256 --- [demo] [           main] org.hibernate.type.BasicTypeRegistry     : Adding type registration materialized_nclob -> org.hibernate.type.BasicTypeReference@4d290757
2024-08-04T22:43:53.583+05:30 DEBUG 24256 --- [demo] [           main] org.hibernate.type.BasicTypeRegistry     : Adding type registration materialized_nclob_character_array -> org.hibernate.type.BasicTypeReference@720a1fd0
2024-08-04T22:43:53.583+05:30 DEBUG 24256 --- [demo] [           main] org.hibernate.type.BasicTypeRegistry     : Adding type registration materialized_nclob_char_array -> org.hibernate.type.BasicTypeReference@5ab7ac02
2024-08-04T22:43:53.583+05:30 DEBUG 24256 --- [demo] [           main] org.hibernate.type.BasicTypeRegistry     : Adding type registration Duration -> org.hibernate.type.BasicTypeReference@4abbe41c
2024-08-04T22:43:53.583+05:30 DEBUG 24256 --- [demo] [           main] org.hibernate.type.BasicTypeRegistry     : Adding type registration java.time.Duration -> org.hibernate.type.BasicTypeReference@4abbe41c
2024-08-04T22:43:53.583+05:30 DEBUG 24256 --- [demo] [           main] org.hibernate.type.BasicTypeRegistry     : Adding type registration LocalDateTime -> org.hibernate.type.BasicTypeReference@4fad51a3
2024-08-04T22:43:53.583+05:30 DEBUG 24256 --- [demo] [           main] org.hibernate.type.BasicTypeRegistry     : Adding type registration java.time.LocalDateTime -> org.hibernate.type.BasicTypeReference@4fad51a3
2024-08-04T22:43:53.583+05:30 DEBUG 24256 --- [demo] [           main] org.hibernate.type.BasicTypeRegistry     : Adding type registration LocalDate -> org.hibernate.type.BasicTypeReference@6d7b2319
2024-08-04T22:43:53.584+05:30 DEBUG 24256 --- [demo] [           main] org.hibernate.type.BasicTypeRegistry     : Adding type registration java.time.LocalDate -> org.hibernate.type.BasicTypeReference@6d7b2319
2024-08-04T22:43:53.584+05:30 DEBUG 24256 --- [demo] [           main] org.hibernate.type.BasicTypeRegistry     : Adding type registration LocalTime -> org.hibernate.type.BasicTypeReference@acb5508
2024-08-04T22:43:53.584+05:30 DEBUG 24256 --- [demo] [           main] org.hibernate.type.BasicTypeRegistry     : Adding type registration java.time.LocalTime -> org.hibernate.type.BasicTypeReference@acb5508
2024-08-04T22:43:53.584+05:30 DEBUG 24256 --- [demo] [           main] org.hibernate.type.BasicTypeRegistry     : Adding type registration OffsetDateTime -> org.hibernate.type.BasicTypeReference@1f45db49
2024-08-04T22:43:53.584+05:30 DEBUG 24256 --- [demo] [           main] org.hibernate.type.BasicTypeRegistry     : Adding type registration java.time.OffsetDateTime -> org.hibernate.type.BasicTypeReference@1f45db49
2024-08-04T22:43:53.584+05:30 DEBUG 24256 --- [demo] [           main] org.hibernate.type.BasicTypeRegistry     : Adding type registration OffsetDateTimeWithTimezone -> org.hibernate.type.BasicTypeReference@3ac0a14b
2024-08-04T22:43:53.584+05:30 DEBUG 24256 --- [demo] [           main] org.hibernate.type.BasicTypeRegistry     : Adding type registration OffsetDateTimeWithoutTimezone -> org.hibernate.type.BasicTypeReference@e972ee1
2024-08-04T22:43:53.584+05:30 DEBUG 24256 --- [demo] [           main] org.hibernate.type.BasicTypeRegistry     : Adding type registration OffsetTime -> org.hibernate.type.BasicTypeReference@5e24592e
2024-08-04T22:43:53.584+05:30 DEBUG 24256 --- [demo] [           main] org.hibernate.type.BasicTypeRegistry     : Adding type registration java.time.OffsetTime -> org.hibernate.type.BasicTypeReference@5e24592e
2024-08-04T22:43:53.584+05:30 DEBUG 24256 --- [demo] [           main] org.hibernate.type.BasicTypeRegistry     : Adding type registration OffsetTimeUtc -> org.hibernate.type.BasicTypeReference@6f0a4e30
2024-08-04T22:43:53.584+05:30 DEBUG 24256 --- [demo] [           main] org.hibernate.type.BasicTypeRegistry     : Adding type registration OffsetTimeWithTimezone -> org.hibernate.type.BasicTypeReference@50ff7063
2024-08-04T22:43:53.584+05:30 DEBUG 24256 --- [demo] [           main] org.hibernate.type.BasicTypeRegistry     : Adding type registration OffsetTimeWithoutTimezone -> org.hibernate.type.BasicTypeReference@67a8bcbb
2024-08-04T22:43:53.584+05:30 DEBUG 24256 --- [demo] [           main] org.hibernate.type.BasicTypeRegistry     : Adding type registration ZonedDateTime -> org.hibernate.type.BasicTypeReference@1bb96449
2024-08-04T22:43:53.584+05:30 DEBUG 24256 --- [demo] [           main] org.hibernate.type.BasicTypeRegistry     : Adding type registration java.time.ZonedDateTime -> org.hibernate.type.BasicTypeReference@1bb96449
2024-08-04T22:43:53.585+05:30 DEBUG 24256 --- [demo] [           main] org.hibernate.type.BasicTypeRegistry     : Adding type registration ZonedDateTimeWithTimezone -> org.hibernate.type.BasicTypeReference@26ffd2c0
2024-08-04T22:43:53.585+05:30 DEBUG 24256 --- [demo] [           main] org.hibernate.type.BasicTypeRegistry     : Adding type registration ZonedDateTimeWithoutTimezone -> org.hibernate.type.BasicTypeReference@d28c214
2024-08-04T22:43:53.585+05:30 DEBUG 24256 --- [demo] [           main] org.hibernate.type.BasicTypeRegistry     : Adding type registration date -> org.hibernate.type.BasicTypeReference@2fc7fa6e
2024-08-04T22:43:53.585+05:30 DEBUG 24256 --- [demo] [           main] org.hibernate.type.BasicTypeRegistry     : Adding type registration java.sql.Date -> org.hibernate.type.BasicTypeReference@2fc7fa6e
2024-08-04T22:43:53.585+05:30 DEBUG 24256 --- [demo] [           main] org.hibernate.type.BasicTypeRegistry     : Adding type registration time -> org.hibernate.type.BasicTypeReference@7f8c48f3
2024-08-04T22:43:53.585+05:30 DEBUG 24256 --- [demo] [           main] org.hibernate.type.BasicTypeRegistry     : Adding type registration java.sql.Time -> org.hibernate.type.BasicTypeReference@7f8c48f3
2024-08-04T22:43:53.585+05:30 DEBUG 24256 --- [demo] [           main] org.hibernate.type.BasicTypeRegistry     : Adding type registration timestamp -> org.hibernate.type.BasicTypeReference@273dec10
2024-08-04T22:43:53.585+05:30 DEBUG 24256 --- [demo] [           main] org.hibernate.type.BasicTypeRegistry     : Adding type registration java.sql.Timestamp -> org.hibernate.type.BasicTypeReference@273dec10
2024-08-04T22:43:53.585+05:30 DEBUG 24256 --- [demo] [           main] org.hibernate.type.BasicTypeRegistry     : Adding type registration java.util.Date -> org.hibernate.type.BasicTypeReference@273dec10
2024-08-04T22:43:53.585+05:30 DEBUG 24256 --- [demo] [           main] org.hibernate.type.BasicTypeRegistry     : Adding type registration calendar -> org.hibernate.type.BasicTypeReference@6cceb281
2024-08-04T22:43:53.585+05:30 DEBUG 24256 --- [demo] [           main] org.hibernate.type.BasicTypeRegistry     : Adding type registration java.util.Calendar -> org.hibernate.type.BasicTypeReference@6cceb281
2024-08-04T22:43:53.585+05:30 DEBUG 24256 --- [demo] [           main] org.hibernate.type.BasicTypeRegistry     : Adding type registration java.util.GregorianCalendar -> org.hibernate.type.BasicTypeReference@6cceb281
2024-08-04T22:43:53.585+05:30 DEBUG 24256 --- [demo] [           main] org.hibernate.type.BasicTypeRegistry     : Adding type registration calendar_date -> org.hibernate.type.BasicTypeReference@7cca31fc
2024-08-04T22:43:53.586+05:30 DEBUG 24256 --- [demo] [           main] org.hibernate.type.BasicTypeRegistry     : Adding type registration calendar_time -> org.hibernate.type.BasicTypeReference@619c3546
2024-08-04T22:43:53.586+05:30 DEBUG 24256 --- [demo] [           main] org.hibernate.type.BasicTypeRegistry     : Adding type registration instant -> org.hibernate.type.BasicTypeReference@29090809
2024-08-04T22:43:53.586+05:30 DEBUG 24256 --- [demo] [           main] org.hibernate.type.BasicTypeRegistry     : Adding type registration java.time.Instant -> org.hibernate.type.BasicTypeReference@29090809
2024-08-04T22:43:53.586+05:30 DEBUG 24256 --- [demo] [           main] org.hibernate.type.BasicTypeRegistry     : Adding type registration uuid -> org.hibernate.type.BasicTypeReference@30cafd13
2024-08-04T22:43:53.586+05:30 DEBUG 24256 --- [demo] [           main] org.hibernate.type.BasicTypeRegistry     : Adding type registration java.util.UUID -> org.hibernate.type.BasicTypeReference@30cafd13
2024-08-04T22:43:53.586+05:30 DEBUG 24256 --- [demo] [           main] org.hibernate.type.BasicTypeRegistry     : Adding type registration pg-uuid -> org.hibernate.type.BasicTypeReference@30cafd13
2024-08-04T22:43:53.586+05:30 DEBUG 24256 --- [demo] [           main] org.hibernate.type.BasicTypeRegistry     : Adding type registration uuid-binary -> org.hibernate.type.BasicTypeReference@1d226f27
2024-08-04T22:43:53.586+05:30 DEBUG 24256 --- [demo] [           main] org.hibernate.type.BasicTypeRegistry     : Adding type registration uuid-char -> org.hibernate.type.BasicTypeReference@1d944fc0
2024-08-04T22:43:53.586+05:30 DEBUG 24256 --- [demo] [           main] org.hibernate.type.BasicTypeRegistry     : Adding type registration class -> org.hibernate.type.BasicTypeReference@7c3c453b
2024-08-04T22:43:53.586+05:30 DEBUG 24256 --- [demo] [           main] org.hibernate.type.BasicTypeRegistry     : Adding type registration java.lang.Class -> org.hibernate.type.BasicTypeReference@7c3c453b
2024-08-04T22:43:53.586+05:30 DEBUG 24256 --- [demo] [           main] org.hibernate.type.BasicTypeRegistry     : Adding type registration currency -> org.hibernate.type.BasicTypeReference@1b791dca
2024-08-04T22:43:53.586+05:30 DEBUG 24256 --- [demo] [           main] org.hibernate.type.BasicTypeRegistry     : Adding type registration Currency -> org.hibernate.type.BasicTypeReference@1b791dca
2024-08-04T22:43:53.587+05:30 DEBUG 24256 --- [demo] [           main] org.hibernate.type.BasicTypeRegistry     : Adding type registration java.util.Currency -> org.hibernate.type.BasicTypeReference@1b791dca
2024-08-04T22:43:53.587+05:30 DEBUG 24256 --- [demo] [           main] org.hibernate.type.BasicTypeRegistry     : Adding type registration locale -> org.hibernate.type.BasicTypeReference@2af9a5ef
2024-08-04T22:43:53.587+05:30 DEBUG 24256 --- [demo] [           main] org.hibernate.type.BasicTypeRegistry     : Adding type registration java.util.Locale -> org.hibernate.type.BasicTypeReference@2af9a5ef
2024-08-04T22:43:53.587+05:30 DEBUG 24256 --- [demo] [           main] org.hibernate.type.BasicTypeRegistry     : Adding type registration serializable -> org.hibernate.type.BasicTypeReference@34f23816
2024-08-04T22:43:53.587+05:30 DEBUG 24256 --- [demo] [           main] org.hibernate.type.BasicTypeRegistry     : Adding type registration java.io.Serializable -> org.hibernate.type.BasicTypeReference@34f23816
2024-08-04T22:43:53.587+05:30 DEBUG 24256 --- [demo] [           main] org.hibernate.type.BasicTypeRegistry     : Adding type registration timezone -> org.hibernate.type.BasicTypeReference@6736f40f
2024-08-04T22:43:53.587+05:30 DEBUG 24256 --- [demo] [           main] org.hibernate.type.BasicTypeRegistry     : Adding type registration java.util.TimeZone -> org.hibernate.type.BasicTypeReference@6736f40f
2024-08-04T22:43:53.587+05:30 DEBUG 24256 --- [demo] [           main] org.hibernate.type.BasicTypeRegistry     : Adding type registration ZoneOffset -> org.hibernate.type.BasicTypeReference@12f9f896
2024-08-04T22:43:53.587+05:30 DEBUG 24256 --- [demo] [           main] org.hibernate.type.BasicTypeRegistry     : Adding type registration java.time.ZoneOffset -> org.hibernate.type.BasicTypeReference@12f9f896
2024-08-04T22:43:53.587+05:30 DEBUG 24256 --- [demo] [           main] org.hibernate.type.BasicTypeRegistry     : Adding type registration url -> org.hibernate.type.BasicTypeReference@7548e1fb
2024-08-04T22:43:53.587+05:30 DEBUG 24256 --- [demo] [           main] org.hibernate.type.BasicTypeRegistry     : Adding type registration java.net.URL -> org.hibernate.type.BasicTypeReference@7548e1fb
2024-08-04T22:43:53.587+05:30 DEBUG 24256 --- [demo] [           main] org.hibernate.type.BasicTypeRegistry     : Adding type registration vector -> org.hibernate.type.BasicTypeReference@505f45cc
2024-08-04T22:43:53.587+05:30 DEBUG 24256 --- [demo] [           main] org.hibernate.type.BasicTypeRegistry     : Adding type registration row_version -> org.hibernate.type.BasicTypeReference@994544
2024-08-04T22:43:53.592+05:30 DEBUG 24256 --- [demo] [           main] org.hibernate.type.BasicTypeRegistry     : Adding type registration object -> org.hibernate.type.JavaObjectType@3321291a
2024-08-04T22:43:53.593+05:30 DEBUG 24256 --- [demo] [           main] org.hibernate.type.BasicTypeRegistry     : Adding type registration java.lang.Object -> org.hibernate.type.JavaObjectType@3321291a
2024-08-04T22:43:53.594+05:30 DEBUG 24256 --- [demo] [           main] org.hibernate.type.BasicTypeRegistry     : Adding type registration null -> org.hibernate.type.NullType@4597e6e3
2024-08-04T22:43:53.594+05:30 DEBUG 24256 --- [demo] [           main] org.hibernate.type.BasicTypeRegistry     : Adding type registration imm_date -> org.hibernate.type.BasicTypeReference@41ece227
2024-08-04T22:43:53.594+05:30 DEBUG 24256 --- [demo] [           main] org.hibernate.type.BasicTypeRegistry     : Adding type registration imm_time -> org.hibernate.type.BasicTypeReference@5e3d2765
2024-08-04T22:43:53.594+05:30 DEBUG 24256 --- [demo] [           main] org.hibernate.type.BasicTypeRegistry     : Adding type registration imm_timestamp -> org.hibernate.type.BasicTypeReference@7910f355
2024-08-04T22:43:53.594+05:30 DEBUG 24256 --- [demo] [           main] org.hibernate.type.BasicTypeRegistry     : Adding type registration imm_calendar -> org.hibernate.type.BasicTypeReference@34ab26a
2024-08-04T22:43:53.594+05:30 DEBUG 24256 --- [demo] [           main] org.hibernate.type.BasicTypeRegistry     : Adding type registration imm_calendar_date -> org.hibernate.type.BasicTypeReference@259195fe
2024-08-04T22:43:53.594+05:30 DEBUG 24256 --- [demo] [           main] org.hibernate.type.BasicTypeRegistry     : Adding type registration imm_calendar_time -> org.hibernate.type.BasicTypeReference@12209826
2024-08-04T22:43:53.594+05:30 DEBUG 24256 --- [demo] [           main] org.hibernate.type.BasicTypeRegistry     : Adding type registration imm_binary -> org.hibernate.type.BasicTypeReference@6cd45b6c
2024-08-04T22:43:53.594+05:30 DEBUG 24256 --- [demo] [           main] org.hibernate.type.BasicTypeRegistry     : Adding type registration imm_serializable -> org.hibernate.type.BasicTypeReference@3a5b7d7e
2024-08-04T22:43:53.598+05:30 DEBUG 24256 --- [demo] [           main] o.h.boot.internal.BootstrapContextImpl   : Injecting JPA temp ClassLoader [org.springframework.instrument.classloading.SimpleThrowawayClassLoader@3611153f] into BootstrapContext; was [null]
2024-08-04T22:43:53.598+05:30 DEBUG 24256 --- [demo] [           main] o.h.boot.internal.ClassLoaderAccessImpl  : ClassLoaderAccessImpl#injectTempClassLoader(org.springframework.instrument.classloading.SimpleThrowawayClassLoader@3611153f) [was null]
2024-08-04T22:43:53.599+05:30 DEBUG 24256 --- [demo] [           main] o.h.boot.internal.BootstrapContextImpl   : Injecting ScanEnvironment [org.hibernate.jpa.boot.internal.StandardJpaScanEnvironmentImpl@3dfe92ef] into BootstrapContext; was [null]
2024-08-04T22:43:53.599+05:30 DEBUG 24256 --- [demo] [           main] o.h.boot.internal.BootstrapContextImpl   : Injecting ScanOptions [org.hibernate.boot.archive.scan.internal.StandardScanOptions@2b9b17ce] into BootstrapContext; was [org.hibernate.boot.archive.scan.internal.StandardScanOptions@1d2def55]
2024-08-04T22:43:53.827+05:30  INFO 24256 --- [demo] [           main] o.s.o.j.p.SpringPersistenceUnitInfo      : No LoadTimeWeaver setup: ignoring JPA class transformer
2024-08-04T22:43:53.827+05:30 DEBUG 24256 --- [demo] [           main] o.h.boot.internal.BootstrapContextImpl   : Injecting JPA temp ClassLoader [null] into BootstrapContext; was [org.springframework.instrument.classloading.SimpleThrowawayClassLoader@3611153f]
2024-08-04T22:43:53.827+05:30 DEBUG 24256 --- [demo] [           main] o.h.boot.internal.ClassLoaderAccessImpl  : ClassLoaderAccessImpl#injectTempClassLoader(null) [was org.springframework.instrument.classloading.SimpleThrowawayClassLoader@3611153f]
2024-08-04T22:43:53.854+05:30  INFO 24256 --- [demo] [           main] com.zaxxer.hikari.HikariDataSource       : HikariPool-1 - Starting...
2024-08-04T22:43:54.163+05:30  INFO 24256 --- [demo] [           main] com.zaxxer.hikari.pool.HikariPool        : HikariPool-1 - Added connection com.mysql.cj.jdbc.ConnectionImpl@6f80cf5
2024-08-04T22:43:54.166+05:30  INFO 24256 --- [demo] [           main] com.zaxxer.hikari.HikariDataSource       : HikariPool-1 - Start completed.
2024-08-04T22:43:54.170+05:30 DEBUG 24256 --- [demo] [           main] o.h.e.j.e.i.JdbcEnvironmentInitiator     : Database ->
	   name : MySQL
	version : 8.0.39
	  major : 8
	  minor : 0
2024-08-04T22:43:54.170+05:30 DEBUG 24256 --- [demo] [           main] o.h.e.j.e.i.JdbcEnvironmentInitiator     : Driver ->
	   name : MySQL Connector/J
	version : mysql-connector-j-8.0.33 (Revision: 7d6b0800528b6b25c68b52dc10d6c1c8429c100c)
	  major : 8
	  minor : 0
2024-08-04T22:43:54.170+05:30 DEBUG 24256 --- [demo] [           main] o.h.e.j.e.i.JdbcEnvironmentInitiator     : JDBC version : 4.2
2024-08-04T22:43:54.205+05:30  WARN 24256 --- [demo] [           main] org.hibernate.orm.deprecation            : HHH90000025: MySQL8Dialect does not need to be specified explicitly using 'hibernate.dialect' (remove the property setting and it will be selected by default)
2024-08-04T22:43:54.206+05:30 DEBUG 24256 --- [demo] [           main] org.hibernate.orm.dialect                : HHH035001: Using dialect: org.hibernate.dialect.MySQL8Dialect, version: 8.0
2024-08-04T22:43:54.206+05:30  WARN 24256 --- [demo] [           main] org.hibernate.orm.deprecation            : HHH90000026: MySQL8Dialect has been deprecated; use org.hibernate.dialect.MySQLDialect instead
2024-08-04T22:43:54.211+05:30 DEBUG 24256 --- [demo] [           main] o.h.e.j.env.spi.IdentifierHelperBuilder  : JDBC driver metadata reported database stores quoted identifiers in more than one case
2024-08-04T22:43:54.212+05:30 DEBUG 24256 --- [demo] [           main] o.h.e.j.env.spi.IdentifierHelperBuilder  : IdentifierCaseStrategy for both quoted and unquoted identifiers was set to the same strategy [LOWER]; that will likely lead to problems in schema update and validation if using quoted identifiers
2024-08-04T22:43:54.230+05:30 DEBUG 24256 --- [demo] [           main] o.h.t.d.sql.spi.DdlTypeRegistry          : addDescriptor(12, org.hibernate.type.descriptor.sql.internal.CapacityDependentDdlType@6595ffce) replaced previous registration(org.hibernate.type.descriptor.sql.internal.CapacityDependentDdlType@795eddda)
2024-08-04T22:43:54.230+05:30 DEBUG 24256 --- [demo] [           main] o.h.t.d.sql.spi.DdlTypeRegistry          : addDescriptor(-9, org.hibernate.type.descriptor.sql.internal.CapacityDependentDdlType@c6bf8d9) replaced previous registration(org.hibernate.type.descriptor.sql.internal.CapacityDependentDdlType@44392e64)
2024-08-04T22:43:54.230+05:30 DEBUG 24256 --- [demo] [           main] o.h.t.d.sql.spi.DdlTypeRegistry          : addDescriptor(-3, org.hibernate.type.descriptor.sql.internal.CapacityDependentDdlType@e18d2a2) replaced previous registration(org.hibernate.type.descriptor.sql.internal.CapacityDependentDdlType@1a77eb6)
2024-08-04T22:43:54.230+05:30 DEBUG 24256 --- [demo] [           main] o.h.t.d.sql.spi.DdlTypeRegistry          : addDescriptor(4003, org.hibernate.type.descriptor.sql.internal.DdlTypeImpl@52d9f36b) replaced previous registration(org.hibernate.type.descriptor.sql.internal.DdlTypeImpl@5f9ebd5a)
2024-08-04T22:43:54.230+05:30 DEBUG 24256 --- [demo] [           main] o.h.t.d.sql.spi.DdlTypeRegistry          : addDescriptor(4001, org.hibernate.type.descriptor.sql.internal.DdlTypeImpl@175bf9c9) replaced previous registration(org.hibernate.type.descriptor.sql.internal.DdlTypeImpl@2db3675a)
2024-08-04T22:43:54.230+05:30 DEBUG 24256 --- [demo] [           main] o.h.t.d.sql.spi.DdlTypeRegistry          : addDescriptor(4002, org.hibernate.type.descriptor.sql.internal.DdlTypeImpl@306c9b2c) replaced previous registration(org.hibernate.type.descriptor.sql.internal.DdlTypeImpl@1ab28416)
2024-08-04T22:43:54.230+05:30 DEBUG 24256 --- [demo] [           main] o.h.t.d.sql.spi.DdlTypeRegistry          : addDescriptor(2004, org.hibernate.type.descriptor.sql.internal.CapacityDependentDdlType@52efb338) replaced previous registration(org.hibernate.type.descriptor.sql.internal.DdlTypeImpl@64508788)
2024-08-04T22:43:54.230+05:30 DEBUG 24256 --- [demo] [           main] o.h.t.d.sql.spi.DdlTypeRegistry          : addDescriptor(2005, org.hibernate.type.descriptor.sql.internal.CapacityDependentDdlType@30b1c5d5) replaced previous registration(org.hibernate.type.descriptor.sql.internal.DdlTypeImpl@3e2d65e1)
2024-08-04T22:43:54.230+05:30 DEBUG 24256 --- [demo] [           main] o.h.t.d.sql.spi.DdlTypeRegistry          : addDescriptor(2011, org.hibernate.type.descriptor.sql.internal.CapacityDependentDdlType@1174676f) replaced previous registration(org.hibernate.type.descriptor.sql.internal.DdlTypeImpl@71f8ce0e)
2024-08-04T22:43:54.231+05:30 DEBUG 24256 --- [demo] [           main] o.h.t.d.jdbc.spi.JdbcTypeRegistry        : addDescriptor(NCharTypeDescriptor) replaced previous registration(CharTypeDescriptor)
2024-08-04T22:43:54.231+05:30 DEBUG 24256 --- [demo] [           main] o.h.t.d.jdbc.spi.JdbcTypeRegistry        : addDescriptor(NVarcharTypeDescriptor) replaced previous registration(VarcharTypeDescriptor)
2024-08-04T22:43:54.232+05:30 DEBUG 24256 --- [demo] [           main] o.h.t.d.jdbc.spi.JdbcTypeRegistry        : addDescriptor(LongNVarcharTypeDescriptor) replaced previous registration(LongVarcharTypeDescriptor)
2024-08-04T22:43:54.233+05:30 DEBUG 24256 --- [demo] [           main] o.h.t.d.jdbc.spi.JdbcTypeRegistry        : addDescriptor(NClobTypeDescriptor(DEFAULT)) replaced previous registration(ClobTypeDescriptor(DEFAULT))
2024-08-04T22:43:54.233+05:30 DEBUG 24256 --- [demo] [           main] o.h.t.d.jdbc.spi.JdbcTypeRegistry        : addDescriptor(2005, ClobTypeDescriptor(STREAM_BINDING)) replaced previous registration(ClobTypeDescriptor(DEFAULT))
2024-08-04T22:43:54.235+05:30 DEBUG 24256 --- [demo] [           main] org.hibernate.type.BasicTypeRegistry     : Adding type registration null -> org.hibernate.type.NullType@13a9cdae
2024-08-04T22:43:54.235+05:30 DEBUG 24256 --- [demo] [           main] org.hibernate.type.BasicTypeRegistry     : Type registration key [null] overrode previous entry : `org.hibernate.type.NullType@4597e6e3`
2024-08-04T22:43:54.237+05:30 DEBUG 24256 --- [demo] [           main] org.hibernate.type.BasicTypeRegistry     : Adding type registration org.hibernate.type.DurationType -> basicType@1(java.time.Duration,3015)
2024-08-04T22:43:54.237+05:30 DEBUG 24256 --- [demo] [           main] org.hibernate.type.BasicTypeRegistry     : Adding type registration Duration -> basicType@1(java.time.Duration,3015)
2024-08-04T22:43:54.237+05:30 DEBUG 24256 --- [demo] [           main] org.hibernate.type.BasicTypeRegistry     : Adding type registration java.time.Duration -> basicType@1(java.time.Duration,3015)
2024-08-04T22:43:54.240+05:30 DEBUG 24256 --- [demo] [           main] org.hibernate.type.BasicTypeRegistry     : Adding type registration org.hibernate.type.OffsetDateTimeType -> basicType@2(java.time.OffsetDateTime,3003)
2024-08-04T22:43:54.240+05:30 DEBUG 24256 --- [demo] [           main] org.hibernate.type.BasicTypeRegistry     : Adding type registration OffsetDateTime -> basicType@2(java.time.OffsetDateTime,3003)
2024-08-04T22:43:54.240+05:30 DEBUG 24256 --- [demo] [           main] org.hibernate.type.BasicTypeRegistry     : Adding type registration java.time.OffsetDateTime -> basicType@2(java.time.OffsetDateTime,3003)
2024-08-04T22:43:54.240+05:30 DEBUG 24256 --- [demo] [           main] org.hibernate.type.BasicTypeRegistry     : Adding type registration org.hibernate.type.ZonedDateTimeType -> basicType@3(java.time.ZonedDateTime,3003)
2024-08-04T22:43:54.240+05:30 DEBUG 24256 --- [demo] [           main] org.hibernate.type.BasicTypeRegistry     : Adding type registration ZonedDateTime -> basicType@3(java.time.ZonedDateTime,3003)
2024-08-04T22:43:54.240+05:30 DEBUG 24256 --- [demo] [           main] org.hibernate.type.BasicTypeRegistry     : Adding type registration java.time.ZonedDateTime -> basicType@3(java.time.ZonedDateTime,3003)
2024-08-04T22:43:54.240+05:30 DEBUG 24256 --- [demo] [           main] org.hibernate.type.BasicTypeRegistry     : Adding type registration org.hibernate.type.OffsetTimeType -> basicType@4(java.time.OffsetTime,3007)
2024-08-04T22:43:54.240+05:30 DEBUG 24256 --- [demo] [           main] org.hibernate.type.BasicTypeRegistry     : Adding type registration OffsetTime -> basicType@4(java.time.OffsetTime,3007)
2024-08-04T22:43:54.240+05:30 DEBUG 24256 --- [demo] [           main] org.hibernate.type.BasicTypeRegistry     : Adding type registration java.time.OffsetTime -> basicType@4(java.time.OffsetTime,3007)
2024-08-04T22:43:54.242+05:30 DEBUG 24256 --- [demo] [           main] o.h.type.spi.TypeConfiguration$Scope     : Scoping TypeConfiguration [org.hibernate.type.spi.TypeConfiguration@3f87780b] to MetadataBuildingContext [org.hibernate.boot.internal.MetadataBuildingContextRootImpl@2ba318c2]
2024-08-04T22:43:54.270+05:30 DEBUG 24256 --- [demo] [           main] o.h.boot.model.relational.Namespace      : Created database namespace [logicalName=Name{catalog=null, schema=null}, physicalName=Name{catalog=null, schema=null}]
2024-08-04T22:43:54.290+05:30 DEBUG 24256 --- [demo] [           main] o.h.boot.model.internal.EntityBinder     : Binding entity from annotated class: com.example.demo.model.Faculty
2024-08-04T22:43:54.296+05:30 DEBUG 24256 --- [demo] [           main] o.h.boot.model.internal.EntityBinder     : Import with entity name Faculty
2024-08-04T22:43:54.300+05:30 DEBUG 24256 --- [demo] [           main] o.h.boot.model.internal.EntityBinder     : Bind entity com.example.demo.model.Faculty on table faculty
2024-08-04T22:43:54.309+05:30 DEBUG 24256 --- [demo] [           main] o.h.boot.model.internal.AnnotatedColumn  : Binding column: AnnotatedDiscriminatorColumn(column='DTYPE')
2024-08-04T22:43:54.325+05:30 DEBUG 24256 --- [demo] [           main] o.h.boot.model.internal.AnnotatedColumn  : Binding column: AnnotatedColumn()
2024-08-04T22:43:54.326+05:30 DEBUG 24256 --- [demo] [           main] o.h.boot.internal.ClassLoaderAccessImpl  : Not known whether passed class name [com.example.demo.model.Faculty] is safe
2024-08-04T22:43:54.326+05:30 DEBUG 24256 --- [demo] [           main] o.h.boot.internal.ClassLoaderAccessImpl  : No temp ClassLoader provided; using live ClassLoader for loading potentially unsafe class : com.example.demo.model.Faculty
2024-08-04T22:43:54.328+05:30 DEBUG 24256 --- [demo] [           main] o.h.boot.model.internal.PropertyBinder   : MetadataSourceProcessor property id with lazy=false
2024-08-04T22:43:54.331+05:30 DEBUG 24256 --- [demo] [           main] o.h.b.m.internal.AbstractPropertyHolder  : Attempting to locate auto-apply AttributeConverter for property [com.example.demo.model.Faculty:id]
2024-08-04T22:43:54.335+05:30 DEBUG 24256 --- [demo] [           main] o.h.b.model.internal.BasicValueBinder    : building BasicValue for id
2024-08-04T22:43:54.336+05:30 DEBUG 24256 --- [demo] [           main] org.hibernate.mapping.BasicValue         : Skipping column re-registration: faculty.id
2024-08-04T22:43:54.338+05:30 DEBUG 24256 --- [demo] [           main] o.h.boot.model.internal.PropertyBinder   : Building property id
2024-08-04T22:43:54.340+05:30 DEBUG 24256 --- [demo] [           main] o.h.boot.model.internal.BinderHelper     : #makeIdGenerator(BasicValue([Column(id)]), id, identity, , ...)
2024-08-04T22:43:54.342+05:30 DEBUG 24256 --- [demo] [           main] o.h.boot.model.internal.AnnotatedColumn  : Binding column: AnnotatedJoinColumn(column='user_id',referencedColumn='id')
2024-08-04T22:43:54.342+05:30 DEBUG 24256 --- [demo] [           main] o.h.boot.model.internal.AnnotatedColumn  : Binding column: AnnotatedColumn()
2024-08-04T22:43:54.346+05:30 DEBUG 24256 --- [demo] [           main] o.h.boot.model.internal.PropertyBinder   : Building property user
2024-08-04T22:43:54.347+05:30 DEBUG 24256 --- [demo] [           main] o.h.b.r.c.i.ClassLoaderServiceImpl       : HHH000194: Package not found or no package-info.java: com.example.demo.model
2024-08-04T22:43:54.352+05:30 DEBUG 24256 --- [demo] [           main] o.h.boot.model.internal.EntityBinder     : Binding entity from annotated class: com.example.demo.model.Student
2024-08-04T22:43:54.352+05:30 DEBUG 24256 --- [demo] [           main] o.h.boot.model.internal.EntityBinder     : Import with entity name Student
2024-08-04T22:43:54.353+05:30 DEBUG 24256 --- [demo] [           main] o.h.boot.model.internal.EntityBinder     : Bind entity com.example.demo.model.Student on table students
2024-08-04T22:43:54.353+05:30 DEBUG 24256 --- [demo] [           main] o.h.boot.model.internal.AnnotatedColumn  : Binding column: AnnotatedDiscriminatorColumn(column='DTYPE')
2024-08-04T22:43:54.354+05:30 DEBUG 24256 --- [demo] [           main] o.h.boot.model.internal.AnnotatedColumn  : Binding column: AnnotatedColumn()
2024-08-04T22:43:54.354+05:30 DEBUG 24256 --- [demo] [           main] o.h.boot.internal.ClassLoaderAccessImpl  : Not known whether passed class name [com.example.demo.model.Student] is safe
2024-08-04T22:43:54.354+05:30 DEBUG 24256 --- [demo] [           main] o.h.boot.internal.ClassLoaderAccessImpl  : No temp ClassLoader provided; using live ClassLoader for loading potentially unsafe class : com.example.demo.model.Student
2024-08-04T22:43:54.354+05:30 DEBUG 24256 --- [demo] [           main] o.h.boot.model.internal.PropertyBinder   : MetadataSourceProcessor property id with lazy=false
2024-08-04T22:43:54.354+05:30 DEBUG 24256 --- [demo] [           main] o.h.b.m.internal.AbstractPropertyHolder  : Attempting to locate auto-apply AttributeConverter for property [com.example.demo.model.Student:id]
2024-08-04T22:43:54.354+05:30 DEBUG 24256 --- [demo] [           main] o.h.b.model.internal.BasicValueBinder    : building BasicValue for id
2024-08-04T22:43:54.354+05:30 DEBUG 24256 --- [demo] [           main] org.hibernate.mapping.BasicValue         : Skipping column re-registration: students.id
2024-08-04T22:43:54.354+05:30 DEBUG 24256 --- [demo] [           main] o.h.boot.model.internal.PropertyBinder   : Building property id
2024-08-04T22:43:54.354+05:30 DEBUG 24256 --- [demo] [           main] o.h.boot.model.internal.BinderHelper     : #makeIdGenerator(BasicValue([Column(id)]), id, identity, , ...)
2024-08-04T22:43:54.355+05:30 DEBUG 24256 --- [demo] [           main] o.h.boot.model.internal.AnnotatedColumn  : Binding column: AnnotatedColumn()
2024-08-04T22:43:54.355+05:30 DEBUG 24256 --- [demo] [           main] o.h.boot.model.internal.PropertyBinder   : MetadataSourceProcessor property registerNumber with lazy=false
2024-08-04T22:43:54.355+05:30 DEBUG 24256 --- [demo] [           main] o.h.b.m.internal.AbstractPropertyHolder  : Attempting to locate auto-apply AttributeConverter for property [com.example.demo.model.Student:registerNumber]
2024-08-04T22:43:54.355+05:30 DEBUG 24256 --- [demo] [           main] o.h.b.model.internal.BasicValueBinder    : building BasicValue for registerNumber
2024-08-04T22:43:54.355+05:30 DEBUG 24256 --- [demo] [           main] org.hibernate.mapping.BasicValue         : Skipping column re-registration: students.register_number
2024-08-04T22:43:54.355+05:30 DEBUG 24256 --- [demo] [           main] o.h.boot.model.internal.PropertyBinder   : Building property registerNumber
2024-08-04T22:43:54.355+05:30 DEBUG 24256 --- [demo] [           main] o.h.boot.model.internal.AnnotatedColumn  : Binding column: AnnotatedJoinColumn(column='user_id',referencedColumn='id')
2024-08-04T22:43:54.355+05:30 DEBUG 24256 --- [demo] [           main] o.h.boot.model.internal.AnnotatedColumn  : Binding column: AnnotatedColumn()
2024-08-04T22:43:54.355+05:30 DEBUG 24256 --- [demo] [           main] o.h.boot.model.internal.PropertyBinder   : Building property user
2024-08-04T22:43:54.356+05:30 DEBUG 24256 --- [demo] [           main] o.h.b.r.c.i.ClassLoaderServiceImpl       : HHH000194: Package not found or no package-info.java: com.example.demo.model
2024-08-04T22:43:54.356+05:30 DEBUG 24256 --- [demo] [           main] o.h.boot.model.internal.EntityBinder     : Binding entity from annotated class: com.example.demo.model.User
2024-08-04T22:43:54.356+05:30 DEBUG 24256 --- [demo] [           main] o.h.boot.model.internal.EntityBinder     : Import with entity name User
2024-08-04T22:43:54.356+05:30 DEBUG 24256 --- [demo] [           main] o.h.boot.model.internal.EntityBinder     : Bind entity com.example.demo.model.User on table users
2024-08-04T22:43:54.358+05:30 DEBUG 24256 --- [demo] [           main] o.h.boot.model.internal.AnnotatedColumn  : Binding column: AnnotatedDiscriminatorColumn(column='DTYPE')
2024-08-04T22:43:54.358+05:30 DEBUG 24256 --- [demo] [           main] o.h.boot.model.internal.AnnotatedColumn  : Binding column: AnnotatedColumn()
2024-08-04T22:43:54.358+05:30 DEBUG 24256 --- [demo] [           main] o.h.boot.internal.ClassLoaderAccessImpl  : Not known whether passed class name [com.example.demo.model.User] is safe
2024-08-04T22:43:54.358+05:30 DEBUG 24256 --- [demo] [           main] o.h.boot.internal.ClassLoaderAccessImpl  : No temp ClassLoader provided; using live ClassLoader for loading potentially unsafe class : com.example.demo.model.User
2024-08-04T22:43:54.358+05:30 DEBUG 24256 --- [demo] [           main] o.h.boot.model.internal.PropertyBinder   : MetadataSourceProcessor property id with lazy=false
2024-08-04T22:43:54.358+05:30 DEBUG 24256 --- [demo] [           main] o.h.b.m.internal.AbstractPropertyHolder  : Attempting to locate auto-apply AttributeConverter for property [com.example.demo.model.User:id]
2024-08-04T22:43:54.358+05:30 DEBUG 24256 --- [demo] [           main] o.h.b.model.internal.BasicValueBinder    : building BasicValue for id
2024-08-04T22:43:54.358+05:30 DEBUG 24256 --- [demo] [           main] org.hibernate.mapping.BasicValue         : Skipping column re-registration: users.id
2024-08-04T22:43:54.360+05:30 DEBUG 24256 --- [demo] [           main] o.h.boot.model.internal.PropertyBinder   : Building property id
2024-08-04T22:43:54.360+05:30 DEBUG 24256 --- [demo] [           main] o.h.boot.model.internal.BinderHelper     : #makeIdGenerator(BasicValue([Column(id)]), id, identity, , ...)
2024-08-04T22:43:54.360+05:30 DEBUG 24256 --- [demo] [           main] o.h.boot.model.internal.AnnotatedColumn  : Binding column: AnnotatedColumn()
2024-08-04T22:43:54.360+05:30 DEBUG 24256 --- [demo] [           main] o.h.boot.model.internal.PropertyBinder   : MetadataSourceProcessor property dateOfBirth with lazy=false
2024-08-04T22:43:54.360+05:30 DEBUG 24256 --- [demo] [           main] o.h.b.m.internal.AbstractPropertyHolder  : Attempting to locate auto-apply AttributeConverter for property [com.example.demo.model.User:dateOfBirth]
2024-08-04T22:43:54.360+05:30 DEBUG 24256 --- [demo] [           main] o.h.b.model.internal.BasicValueBinder    : building BasicValue for dateOfBirth
2024-08-04T22:43:54.360+05:30 DEBUG 24256 --- [demo] [           main] org.hibernate.mapping.BasicValue         : Skipping column re-registration: users.date_of_birth
2024-08-04T22:43:54.360+05:30 DEBUG 24256 --- [demo] [           main] o.h.boot.model.internal.PropertyBinder   : Building property dateOfBirth
2024-08-04T22:43:54.360+05:30 DEBUG 24256 --- [demo] [           main] o.h.boot.model.internal.AnnotatedColumn  : Binding column: AnnotatedColumn()
2024-08-04T22:43:54.360+05:30 DEBUG 24256 --- [demo] [           main] o.h.boot.model.internal.PropertyBinder   : MetadataSourceProcessor property email with lazy=false
2024-08-04T22:43:54.360+05:30 DEBUG 24256 --- [demo] [           main] o.h.b.m.internal.AbstractPropertyHolder  : Attempting to locate auto-apply AttributeConverter for property [com.example.demo.model.User:email]
2024-08-04T22:43:54.360+05:30 DEBUG 24256 --- [demo] [           main] o.h.b.model.internal.BasicValueBinder    : building BasicValue for email
2024-08-04T22:43:54.360+05:30 DEBUG 24256 --- [demo] [           main] org.hibernate.mapping.BasicValue         : Skipping column re-registration: users.email
2024-08-04T22:43:54.361+05:30 DEBUG 24256 --- [demo] [           main] o.h.boot.model.internal.PropertyBinder   : Building property email
2024-08-04T22:43:54.361+05:30 DEBUG 24256 --- [demo] [           main] o.h.boot.model.internal.AnnotatedColumn  : Binding column: AnnotatedColumn()
2024-08-04T22:43:54.361+05:30 DEBUG 24256 --- [demo] [           main] o.h.boot.model.internal.PropertyBinder   : MetadataSourceProcessor property gender with lazy=false
2024-08-04T22:43:54.361+05:30 DEBUG 24256 --- [demo] [           main] o.h.b.m.internal.AbstractPropertyHolder  : Attempting to locate auto-apply AttributeConverter for property [com.example.demo.model.User:gender]
2024-08-04T22:43:54.361+05:30 DEBUG 24256 --- [demo] [           main] o.h.b.model.internal.BasicValueBinder    : building BasicValue for gender
2024-08-04T22:43:54.361+05:30 DEBUG 24256 --- [demo] [           main] org.hibernate.mapping.BasicValue         : Skipping column re-registration: users.gender
2024-08-04T22:43:54.361+05:30 DEBUG 24256 --- [demo] [           main] o.h.boot.model.internal.PropertyBinder   : Building property gender
2024-08-04T22:43:54.361+05:30 DEBUG 24256 --- [demo] [           main] o.h.boot.model.internal.AnnotatedColumn  : Binding column: AnnotatedColumn()
2024-08-04T22:43:54.361+05:30 DEBUG 24256 --- [demo] [           main] o.h.boot.model.internal.PropertyBinder   : MetadataSourceProcessor property name with lazy=false
2024-08-04T22:43:54.361+05:30 DEBUG 24256 --- [demo] [           main] o.h.b.m.internal.AbstractPropertyHolder  : Attempting to locate auto-apply AttributeConverter for property [com.example.demo.model.User:name]
2024-08-04T22:43:54.361+05:30 DEBUG 24256 --- [demo] [           main] o.h.b.model.internal.BasicValueBinder    : building BasicValue for name
2024-08-04T22:43:54.361+05:30 DEBUG 24256 --- [demo] [           main] org.hibernate.mapping.BasicValue         : Skipping column re-registration: users.name
2024-08-04T22:43:54.361+05:30 DEBUG 24256 --- [demo] [           main] o.h.boot.model.internal.PropertyBinder   : Building property name
2024-08-04T22:43:54.362+05:30 DEBUG 24256 --- [demo] [           main] o.h.boot.model.internal.AnnotatedColumn  : Binding column: AnnotatedColumn()
2024-08-04T22:43:54.362+05:30 DEBUG 24256 --- [demo] [           main] o.h.boot.model.internal.PropertyBinder   : MetadataSourceProcessor property password with lazy=false
2024-08-04T22:43:54.362+05:30 DEBUG 24256 --- [demo] [           main] o.h.b.m.internal.AbstractPropertyHolder  : Attempting to locate auto-apply AttributeConverter for property [com.example.demo.model.User:password]
2024-08-04T22:43:54.362+05:30 DEBUG 24256 --- [demo] [           main] o.h.b.model.internal.BasicValueBinder    : building BasicValue for password
2024-08-04T22:43:54.362+05:30 DEBUG 24256 --- [demo] [           main] org.hibernate.mapping.BasicValue         : Skipping column re-registration: users.password
2024-08-04T22:43:54.362+05:30 DEBUG 24256 --- [demo] [           main] o.h.boot.model.internal.PropertyBinder   : Building property password
2024-08-04T22:43:54.362+05:30 DEBUG 24256 --- [demo] [           main] o.h.boot.model.internal.AnnotatedColumn  : Binding column: AnnotatedColumn()
2024-08-04T22:43:54.362+05:30 DEBUG 24256 --- [demo] [           main] o.h.boot.model.internal.PropertyBinder   : MetadataSourceProcessor property role with lazy=false
2024-08-04T22:43:54.362+05:30 DEBUG 24256 --- [demo] [           main] o.h.b.m.internal.AbstractPropertyHolder  : Attempting to locate auto-apply AttributeConverter for property [com.example.demo.model.User:role]
2024-08-04T22:43:54.362+05:30 DEBUG 24256 --- [demo] [           main] o.h.b.model.internal.BasicValueBinder    : building BasicValue for role
2024-08-04T22:43:54.362+05:30 DEBUG 24256 --- [demo] [           main] org.hibernate.mapping.BasicValue         : Skipping column re-registration: users.role
2024-08-04T22:43:54.362+05:30 DEBUG 24256 --- [demo] [           main] o.h.boot.model.internal.PropertyBinder   : Building property role
2024-08-04T22:43:54.362+05:30 DEBUG 24256 --- [demo] [           main] o.h.b.r.c.i.ClassLoaderServiceImpl       : HHH000194: Package not found or no package-info.java: com.example.demo.model
2024-08-04T22:43:54.364+05:30 DEBUG 24256 --- [demo] [           main] o.h.b.model.internal.BasicValueBinder    : Starting `BasicValueBinder#fillSimpleValue` for id
2024-08-04T22:43:54.366+05:30 DEBUG 24256 --- [demo] [           main] o.h.b.model.internal.BasicValueBinder    : Starting `BasicValueBinder#fillSimpleValue` for id
2024-08-04T22:43:54.366+05:30 DEBUG 24256 --- [demo] [           main] o.h.b.model.internal.BasicValueBinder    : Starting `BasicValueBinder#fillSimpleValue` for registerNumber
2024-08-04T22:43:54.366+05:30 DEBUG 24256 --- [demo] [           main] o.h.b.model.internal.BasicValueBinder    : Starting `BasicValueBinder#fillSimpleValue` for id
2024-08-04T22:43:54.366+05:30 DEBUG 24256 --- [demo] [           main] o.h.b.model.internal.BasicValueBinder    : Starting `BasicValueBinder#fillSimpleValue` for dateOfBirth
2024-08-04T22:43:54.366+05:30 DEBUG 24256 --- [demo] [           main] o.h.b.model.internal.BasicValueBinder    : Starting `BasicValueBinder#fillSimpleValue` for email
2024-08-04T22:43:54.366+05:30 DEBUG 24256 --- [demo] [           main] o.h.b.model.internal.BasicValueBinder    : Starting `BasicValueBinder#fillSimpleValue` for gender
2024-08-04T22:43:54.366+05:30 DEBUG 24256 --- [demo] [           main] o.h.b.model.internal.BasicValueBinder    : Starting `BasicValueBinder#fillSimpleValue` for name
2024-08-04T22:43:54.366+05:30 DEBUG 24256 --- [demo] [           main] o.h.b.model.internal.BasicValueBinder    : Starting `BasicValueBinder#fillSimpleValue` for password
2024-08-04T22:43:54.366+05:30 DEBUG 24256 --- [demo] [           main] o.h.b.model.internal.BasicValueBinder    : Starting `BasicValueBinder#fillSimpleValue` for role
2024-08-04T22:43:54.371+05:30 DEBUG 24256 --- [demo] [           main] org.hibernate.mapping.PrimaryKey         : Forcing column [id] to be non-null as it is part of the primary key for table [faculty]
2024-08-04T22:43:54.371+05:30 DEBUG 24256 --- [demo] [           main] org.hibernate.mapping.PrimaryKey         : Forcing column [id] to be non-null as it is part of the primary key for table [students]
2024-08-04T22:43:54.371+05:30 DEBUG 24256 --- [demo] [           main] org.hibernate.mapping.PrimaryKey         : Forcing column [id] to be non-null as it is part of the primary key for table [users]
2024-08-04T22:43:54.442+05:30 DEBUG 24256 --- [demo] [           main] o.hibernate.internal.SessionFactoryImpl  : Building session factory
2024-08-04T22:43:54.475+05:30 DEBUG 24256 --- [demo] [           main] .h.s.i.SessionFactoryServiceRegistryImpl : EventListenerRegistry access via ServiceRegistry is deprecated.  Use `sessionFactory.getEventEngine().getListenerRegistry()` instead
2024-08-04T22:43:54.476+05:30 DEBUG 24256 --- [demo] [           main] o.hibernate.internal.SessionFactoryImpl  : Instantiating SessionFactory with settings: {java.specification.version=21, sun.cpu.isalist=amd64, hibernate.resource.beans.container=org.springframework.orm.hibernate5.SpringBeanContainer@3d5f08d4, hibernate.connection.handling_mode=DELAYED_ACQUISITION_AND_HOLD, sun.jnu.encoding=Cp1252, hibernate.dialect=org.hibernate.dialect.MySQL8Dialect, hibernate.implicit_naming_strategy=org.springframework.boot.orm.jpa.hibernate.SpringImplicitNamingStrategy, java.class.path=D:\project2\demo\target\test-classes;D:\project2\demo\target\classes;C:\Users\NITHESHWAR SIVAKUMAR\.m2\repository\org\springframework\boot\spring-boot-starter-actuator\3.3.2\spring-boot-starter-actuator-3.3.2.jar;C:\Users\NITHESHWAR SIVAKUMAR\.m2\repository\org\springframework\boot\spring-boot-starter\3.3.2\spring-boot-starter-3.3.2.jar;C:\Users\NITHESHWAR SIVAKUMAR\.m2\repository\org\springframework\boot\spring-boot\3.3.2\spring-boot-3.3.2.jar;C:\Users\NITHESHWAR SIVAKUMAR\.m2\repository\org\springframework\boot\spring-boot-autoconfigure\3.3.2\spring-boot-autoconfigure-3.3.2.jar;C:\Users\NITHESHWAR SIVAKUMAR\.m2\repository\org\springframework\boot\spring-boot-starter-logging\3.3.2\spring-boot-starter-logging-3.3.2.jar;C:\Users\NITHESHWAR SIVAKUMAR\.m2\repository\ch\qos\logback\logback-classic\1.5.6\logback-classic-1.5.6.jar;C:\Users\NITHESHWAR SIVAKUMAR\.m2\repository\ch\qos\logback\logback-core\1.5.6\logback-core-1.5.6.jar;C:\Users\NITHESHWAR SIVAKUMAR\.m2\repository\org\apache\logging\log4j\log4j-to-slf4j\2.23.1\log4j-to-slf4j-2.23.1.jar;C:\Users\NITHESHWAR SIVAKUMAR\.m2\repository\org\apache\logging\log4j\log4j-api\2.23.1\log4j-api-2.23.1.jar;C:\Users\NITHESHWAR SIVAKUMAR\.m2\repository\org\slf4j\jul-to-slf4j\2.0.13\jul-to-slf4j-2.0.13.jar;C:\Users\NITHESHWAR SIVAKUMAR\.m2\repository\jakarta\annotation\jakarta.annotation-api\2.1.1\jakarta.annotation-api-2.1.1.jar;C:\Users\NITHESHWAR SIVAKUMAR\.m2\repository\org\yaml\snakeyaml\2.2\snakeyaml-2.2.jar;C:\Users\NITHESHWAR SIVAKUMAR\.m2\repository\org\springframework\boot\spring-boot-actuator-autoconfigure\3.3.2\spring-boot-actuator-autoconfigure-3.3.2.jar;C:\Users\NITHESHWAR SIVAKUMAR\.m2\repository\org\springframework\boot\spring-boot-actuator\3.3.2\spring-boot-actuator-3.3.2.jar;C:\Users\NITHESHWAR SIVAKUMAR\.m2\repository\com\fasterxml\jackson\core\jackson-databind\2.17.2\jackson-databind-2.17.2.jar;C:\Users\NITHESHWAR SIVAKUMAR\.m2\repository\com\fasterxml\jackson\core\jackson-annotations\2.17.2\jackson-annotations-2.17.2.jar;C:\Users\NITHESHWAR SIVAKUMAR\.m2\repository\com\fasterxml\jackson\core\jackson-core\2.17.2\jackson-core-2.17.2.jar;C:\Users\NITHESHWAR SIVAKUMAR\.m2\repository\com\fasterxml\jackson\datatype\jackson-datatype-jsr310\2.17.2\jackson-datatype-jsr310-2.17.2.jar;C:\Users\NITHESHWAR SIVAKUMAR\.m2\repository\io\micrometer\micrometer-observation\1.13.2\micrometer-observation-1.13.2.jar;C:\Users\NITHESHWAR SIVAKUMAR\.m2\repository\io\micrometer\micrometer-commons\1.13.2\micrometer-commons-1.13.2.jar;C:\Users\NITHESHWAR SIVAKUMAR\.m2\repository\io\micrometer\micrometer-jakarta9\1.13.2\micrometer-jakarta9-1.13.2.jar;C:\Users\NITHESHWAR SIVAKUMAR\.m2\repository\io\micrometer\micrometer-core\1.13.2\micrometer-core-1.13.2.jar;C:\Users\NITHESHWAR SIVAKUMAR\.m2\repository\org\hdrhistogram\HdrHistogram\2.2.2\HdrHistogram-2.2.2.jar;C:\Users\NITHESHWAR SIVAKUMAR\.m2\repository\org\latencyutils\LatencyUtils\2.0.3\LatencyUtils-2.0.3.jar;C:\Users\NITHESHWAR SIVAKUMAR\.m2\repository\org\springdoc\springdoc-openapi-starter-webmvc-ui\2.5.0\springdoc-openapi-starter-webmvc-ui-2.5.0.jar;C:\Users\NITHESHWAR SIVAKUMAR\.m2\repository\org\springdoc\springdoc-openapi-starter-webmvc-api\2.5.0\springdoc-openapi-starter-webmvc-api-2.5.0.jar;C:\Users\NITHESHWAR SIVAKUMAR\.m2\repository\org\springdoc\springdoc-openapi-starter-common\2.5.0\springdoc-openapi-starter-common-2.5.0.jar;C:\Users\NITHESHWAR SIVAKUMAR\.m2\repository\io\swagger\core\v3\swagger-core-jakarta\2.2.21\swagger-core-jakarta-2.2.21.jar;C:\Users\NITHESHWAR SIVAKUMAR\.m2\repository\org\apache\commons\commons-lang3\3.14.0\commons-lang3-3.14.0.jar;C:\Users\NITHESHWAR SIVAKUMAR\.m2\repository\io\swagger\core\v3\swagger-annotations-jakarta\2.2.21\swagger-annotations-jakarta-2.2.21.jar;C:\Users\NITHESHWAR SIVAKUMAR\.m2\repository\io\swagger\core\v3\swagger-models-jakarta\2.2.21\swagger-models-jakarta-2.2.21.jar;C:\Users\NITHESHWAR SIVAKUMAR\.m2\repository\jakarta\validation\jakarta.validation-api\3.0.2\jakarta.validation-api-3.0.2.jar;C:\Users\NITHESHWAR SIVAKUMAR\.m2\repository\com\fasterxml\jackson\dataformat\jackson-dataformat-yaml\2.17.2\jackson-dataformat-yaml-2.17.2.jar;C:\Users\NITHESHWAR SIVAKUMAR\.m2\repository\org\webjars\swagger-ui\5.13.0\swagger-ui-5.13.0.jar;C:\Users\NITHESHWAR SIVAKUMAR\.m2\repository\com\mysql\mysql-connector-j\8.0.33\mysql-connector-j-8.0.33.jar;C:\Users\NITHESHWAR SIVAKUMAR\.m2\repository\org\springframework\boot\spring-boot-starter-data-jpa\3.3.2\spring-boot-starter-data-jpa-3.3.2.jar;C:\Users\NITHESHWAR SIVAKUMAR\.m2\repository\org\springframework\boot\spring-boot-starter-aop\3.3.2\spring-boot-starter-aop-3.3.2.jar;C:\Users\NITHESHWAR SIVAKUMAR\.m2\repository\org\springframework\spring-aop\6.1.11\spring-aop-6.1.11.jar;C:\Users\NITHESHWAR SIVAKUMAR\.m2\repository\org\aspectj\aspectjweaver\1.9.22.1\aspectjweaver-1.9.22.1.jar;C:\Users\NITHESHWAR SIVAKUMAR\.m2\repository\org\springframework\boot\spring-boot-starter-jdbc\3.3.2\spring-boot-starter-jdbc-3.3.2.jar;C:\Users\NITHESHWAR SIVAKUMAR\.m2\repository\com\zaxxer\HikariCP\5.1.0\HikariCP-5.1.0.jar;C:\Users\NITHESHWAR SIVAKUMAR\.m2\repository\org\springframework\spring-jdbc\6.1.11\spring-jdbc-6.1.11.jar;C:\Users\NITHESHWAR SIVAKUMAR\.m2\repository\org\hibernate\orm\hibernate-core\6.5.2.Final\hibernate-core-6.5.2.Final.jar;C:\Users\NITHESHWAR SIVAKUMAR\.m2\repository\jakarta\persistence\jakarta.persistence-api\3.1.0\jakarta.persistence-api-3.1.0.jar;C:\Users\NITHESHWAR SIVAKUMAR\.m2\repository\jakarta\transaction\jakarta.transaction-api\2.0.1\jakarta.transaction-api-2.0.1.jar;C:\Users\NITHESHWAR SIVAKUMAR\.m2\repository\org\jboss\logging\jboss-logging\3.5.3.Final\jboss-logging-3.5.3.Final.jar;C:\Users\NITHESHWAR SIVAKUMAR\.m2\repository\org\hibernate\common\hibernate-commons-annotations\6.0.6.Final\hibernate-commons-annotations-6.0.6.Final.jar;C:\Users\NITHESHWAR SIVAKUMAR\.m2\repository\io\smallrye\jandex\3.1.2\jandex-3.1.2.jar;C:\Users\NITHESHWAR SIVAKUMAR\.m2\repository\com\fasterxml\classmate\1.7.0\classmate-1.7.0.jar;C:\Users\NITHESHWAR SIVAKUMAR\.m2\repository\net\bytebuddy\byte-buddy\1.14.18\byte-buddy-1.14.18.jar;C:\Users\NITHESHWAR SIVAKUMAR\.m2\repository\org\glassfish\jaxb\jaxb-runtime\4.0.5\jaxb-runtime-4.0.5.jar;C:\Users\NITHESHWAR SIVAKUMAR\.m2\repository\org\glassfish\jaxb\jaxb-core\4.0.5\jaxb-core-4.0.5.jar;C:\Users\NITHESHWAR SIVAKUMAR\.m2\repository\org\eclipse\angus\angus-activation\2.0.2\angus-activation-2.0.2.jar;C:\Users\NITHESHWAR SIVAKUMAR\.m2\repository\org\glassfish\jaxb\txw2\4.0.5\txw2-4.0.5.jar;C:\Users\NITHESHWAR SIVAKUMAR\.m2\repository\com\sun\istack\istack-commons-runtime\4.1.2\istack-commons-runtime-4.1.2.jar;C:\Users\NITHESHWAR SIVAKUMAR\.m2\repository\jakarta\inject\jakarta.inject-api\2.0.1\jakarta.inject-api-2.0.1.jar;C:\Users\NITHESHWAR SIVAKUMAR\.m2\repository\org\antlr\antlr4-runtime\4.13.0\antlr4-runtime-4.13.0.jar;C:\Users\NITHESHWAR SIVAKUMAR\.m2\repository\org\springframework\data\spring-data-jpa\3.3.2\spring-data-jpa-3.3.2.jar;C:\Users\NITHESHWAR SIVAKUMAR\.m2\repository\org\springframework\data\spring-data-commons\3.3.2\spring-data-commons-3.3.2.jar;C:\Users\NITHESHWAR SIVAKUMAR\.m2\repository\org\springframework\spring-orm\6.1.11\spring-orm-6.1.11.jar;C:\Users\NITHESHWAR SIVAKUMAR\.m2\repository\org\springframework\spring-context\6.1.11\spring-context-6.1.11.jar;C:\Users\NITHESHWAR SIVAKUMAR\.m2\repository\org\springframework\spring-tx\6.1.11\spring-tx-6.1.11.jar;C:\Users\NITHESHWAR SIVAKUMAR\.m2\repository\org\springframework\spring-beans\6.1.11\spring-beans-6.1.11.jar;C:\Users\NITHESHWAR SIVAKUMAR\.m2\repository\org\slf4j\slf4j-api\2.0.13\slf4j-api-2.0.13.jar;C:\Users\NITHESHWAR SIVAKUMAR\.m2\repository\org\springframework\spring-aspects\6.1.11\spring-aspects-6.1.11.jar;C:\Users\NITHESHWAR SIVAKUMAR\.m2\repository\org\springframework\boot\spring-boot-starter-web\3.3.2\spring-boot-starter-web-3.3.2.jar;C:\Users\NITHESHWAR SIVAKUMAR\.m2\repository\org\springframework\boot\spring-boot-starter-json\3.3.2\spring-boot-starter-json-3.3.2.jar;C:\Users\NITHESHWAR SIVAKUMAR\.m2\repository\com\fasterxml\jackson\datatype\jackson-datatype-jdk8\2.17.2\jackson-datatype-jdk8-2.17.2.jar;C:\Users\NITHESHWAR SIVAKUMAR\.m2\repository\com\fasterxml\jackson\module\jackson-module-parameter-names\2.17.2\jackson-module-parameter-names-2.17.2.jar;C:\Users\NITHESHWAR SIVAKUMAR\.m2\repository\org\springframework\boot\spring-boot-starter-tomcat\3.3.2\spring-boot-starter-tomcat-3.3.2.jar;C:\Users\NITHESHWAR SIVAKUMAR\.m2\repository\org\apache\tomcat\embed\tomcat-embed-core\10.1.26\tomcat-embed-core-10.1.26.jar;C:\Users\NITHESHWAR SIVAKUMAR\.m2\repository\org\apache\tomcat\embed\tomcat-embed-el\10.1.26\tomcat-embed-el-10.1.26.jar;C:\Users\NITHESHWAR SIVAKUMAR\.m2\repository\org\apache\tomcat\embed\tomcat-embed-websocket\10.1.26\tomcat-embed-websocket-10.1.26.jar;C:\Users\NITHESHWAR SIVAKUMAR\.m2\repository\org\springframework\spring-web\6.1.11\spring-web-6.1.11.jar;C:\Users\NITHESHWAR SIVAKUMAR\.m2\repository\org\springframework\spring-webmvc\6.1.11\spring-webmvc-6.1.11.jar;C:\Users\NITHESHWAR SIVAKUMAR\.m2\repository\org\springframework\spring-expression\6.1.11\spring-expression-6.1.11.jar;C:\Users\NITHESHWAR SIVAKUMAR\.m2\repository\org\projectlombok\lombok\1.18.34\lombok-1.18.34.jar;C:\Users\NITHESHWAR SIVAKUMAR\.m2\repository\org\springframework\boot\spring-boot-starter-test\3.3.2\spring-boot-starter-test-3.3.2.jar;C:\Users\NITHESHWAR SIVAKUMAR\.m2\repository\org\springframework\boot\spring-boot-test\3.3.2\spring-boot-test-3.3.2.jar;C:\Users\NITHESHWAR SIVAKUMAR\.m2\repository\org\springframework\boot\spring-boot-test-autoconfigure\3.3.2\spring-boot-test-autoconfigure-3.3.2.jar;C:\Users\NITHESHWAR SIVAKUMAR\.m2\repository\com\jayway\jsonpath\json-path\2.9.0\json-path-2.9.0.jar;C:\Users\NITHESHWAR SIVAKUMAR\.m2\repository\jakarta\xml\bind\jakarta.xml.bind-api\4.0.2\jakarta.xml.bind-api-4.0.2.jar;C:\Users\NITHESHWAR SIVAKUMAR\.m2\repository\jakarta\activation\jakarta.activation-api\2.1.3\jakarta.activation-api-2.1.3.jar;C:\Users\NITHESHWAR SIVAKUMAR\.m2\repository\net\minidev\json-smart\2.5.1\json-smart-2.5.1.jar;C:\Users\NITHESHWAR SIVAKUMAR\.m2\repository\net\minidev\accessors-smart\2.5.1\accessors-smart-2.5.1.jar;C:\Users\NITHESHWAR SIVAKUMAR\.m2\repository\org\ow2\asm\asm\9.6\asm-9.6.jar;C:\Users\NITHESHWAR SIVAKUMAR\.m2\repository\org\assertj\assertj-core\3.25.3\assertj-core-3.25.3.jar;C:\Users\NITHESHWAR SIVAKUMAR\.m2\repository\org\awaitility\awaitility\4.2.1\awaitility-4.2.1.jar;C:\Users\NITHESHWAR SIVAKUMAR\.m2\repository\org\hamcrest\hamcrest\2.2\hamcrest-2.2.jar;C:\Users\NITHESHWAR SIVAKUMAR\.m2\repository\org\junit\jupiter\junit-jupiter\5.10.3\junit-jupiter-5.10.3.jar;C:\Users\NITHESHWAR SIVAKUMAR\.m2\repository\org\junit\jupiter\junit-jupiter-api\5.10.3\junit-jupiter-api-5.10.3.jar;C:\Users\NITHESHWAR SIVAKUMAR\.m2\repository\org\opentest4j\opentest4j\1.3.0\opentest4j-1.3.0.jar;C:\Users\NITHESHWAR SIVAKUMAR\.m2\repository\org\junit\platform\junit-platform-commons\1.10.3\junit-platform-commons-1.10.3.jar;C:\Users\NITHESHWAR SIVAKUMAR\.m2\repository\org\apiguardian\apiguardian-api\1.1.2\apiguardian-api-1.1.2.jar;C:\Users\NITHESHWAR SIVAKUMAR\.m2\repository\org\junit\jupiter\junit-jupiter-params\5.10.3\junit-jupiter-params-5.10.3.jar;C:\Users\NITHESHWAR SIVAKUMAR\.m2\repository\org\junit\jupiter\junit-jupiter-engine\5.10.3\junit-jupiter-engine-5.10.3.jar;C:\Users\NITHESHWAR SIVAKUMAR\.m2\repository\org\junit\platform\junit-platform-engine\1.10.3\junit-platform-engine-1.10.3.jar;C:\Users\NITHESHWAR SIVAKUMAR\.m2\repository\org\mockito\mockito-core\5.11.0\mockito-core-5.11.0.jar;C:\Users\NITHESHWAR SIVAKUMAR\.m2\repository\net\bytebuddy\byte-buddy-agent\1.14.18\byte-buddy-agent-1.14.18.jar;C:\Users\NITHESHWAR SIVAKUMAR\.m2\repository\org\objenesis\objenesis\3.3\objenesis-3.3.jar;C:\Users\NITHESHWAR SIVAKUMAR\.m2\repository\org\mockito\mockito-junit-jupiter\5.11.0\mockito-junit-jupiter-5.11.0.jar;C:\Users\NITHESHWAR SIVAKUMAR\.m2\repository\org\skyscreamer\jsonassert\1.5.3\jsonassert-1.5.3.jar;C:\Users\NITHESHWAR SIVAKUMAR\.m2\repository\com\vaadin\external\google\android-json\0.0.20131108.vaadin1\android-json-0.0.20131108.vaadin1.jar;C:\Users\NITHESHWAR SIVAKUMAR\.m2\repository\org\springframework\spring-core\6.1.11\spring-core-6.1.11.jar;C:\Users\NITHESHWAR SIVAKUMAR\.m2\repository\org\springframework\spring-jcl\6.1.11\spring-jcl-6.1.11.jar;C:\Users\NITHESHWAR SIVAKUMAR\.m2\repository\org\springframework\spring-test\6.1.11\spring-test-6.1.11.jar;C:\Users\NITHESHWAR SIVAKUMAR\.m2\repository\org\xmlunit\xmlunit-core\2.9.1\xmlunit-core-2.9.1.jar;, java.vm.vendor=Eclipse Adoptium, sun.arch.data.model=64, user.variant=, java.vendor.url=https://adoptium.net/, user.timezone=Asia/Calcutta, jakarta.persistence.sharedCache.mode=UNSPECIFIED, org.jboss.logging.provider=slf4j, java.vm.specification.version=21, os.name=Windows 11, jakarta.persistence.nonJtaDataSource=HikariDataSource (HikariPool-1), sun.java.launcher=SUN_STANDARD, user.country=IN, sun.boot.library.path=C:\Users\NITHESHWAR SIVAKUMAR\AppData\Roaming\Code\User\globalStorage\pleiades.java-extension-pack-jdk\java\21\bin, sun.java.command=C:\Users\NITHESHWAR SIVAKUMAR\AppData\Local\Temp\surefire5474961456674216201\surefirebooter-20240804224349379_3.jar C:\Users\NITHESHWAR SIVAKUMAR\AppData\Local\Temp\surefire5474961456674216201 2024-08-04T22-43-46_627-jvmRun1 surefire-20240804224349379_1tmp surefire_0-20240804224349379_2tmp, javax.persistence.nonJtaDataSource=HikariDataSource (HikariPool-1), hibernate.transaction.jta.platform=org.hibernate.engine.transaction.jta.platform.internal.NoJtaPlatform@3afaa39f, jdk.debug=release, surefire.test.class.path=D:\project2\demo\target\test-classes;D:\project2\demo\target\classes;C:\Users\NITHESHWAR SIVAKUMAR\.m2\repository\org\springframework\boot\spring-boot-starter-actuator\3.3.2\spring-boot-starter-actuator-3.3.2.jar;C:\Users\NITHESHWAR SIVAKUMAR\.m2\repository\org\springframework\boot\spring-boot-starter\3.3.2\spring-boot-starter-3.3.2.jar;C:\Users\NITHESHWAR SIVAKUMAR\.m2\repository\org\springframework\boot\spring-boot\3.3.2\spring-boot-3.3.2.jar;C:\Users\NITHESHWAR SIVAKUMAR\.m2\repository\org\springframework\boot\spring-boot-autoconfigure\3.3.2\spring-boot-autoconfigure-3.3.2.jar;C:\Users\NITHESHWAR SIVAKUMAR\.m2\repository\org\springframework\boot\spring-boot-starter-logging\3.3.2\spring-boot-starter-logging-3.3.2.jar;C:\Users\NITHESHWAR SIVAKUMAR\.m2\repository\ch\qos\logback\logback-classic\1.5.6\logback-classic-1.5.6.jar;C:\Users\NITHESHWAR SIVAKUMAR\.m2\repository\ch\qos\logback\logback-core\1.5.6\logback-core-1.5.6.jar;C:\Users\NITHESHWAR SIVAKUMAR\.m2\repository\org\apache\logging\log4j\log4j-to-slf4j\2.23.1\log4j-to-slf4j-2.23.1.jar;C:\Users\NITHESHWAR SIVAKUMAR\.m2\repository\org\apache\logging\log4j\log4j-api\2.23.1\log4j-api-2.23.1.jar;C:\Users\NITHESHWAR SIVAKUMAR\.m2\repository\org\slf4j\jul-to-slf4j\2.0.13\jul-to-slf4j-2.0.13.jar;C:\Users\NITHESHWAR SIVAKUMAR\.m2\repository\jakarta\annotation\jakarta.annotation-api\2.1.1\jakarta.annotation-api-2.1.1.jar;C:\Users\NITHESHWAR SIVAKUMAR\.m2\repository\org\yaml\snakeyaml\2.2\snakeyaml-2.2.jar;C:\Users\NITHESHWAR SIVAKUMAR\.m2\repository\org\springframework\boot\spring-boot-actuator-autoconfigure\3.3.2\spring-boot-actuator-autoconfigure-3.3.2.jar;C:\Users\NITHESHWAR SIVAKUMAR\.m2\repository\org\springframework\boot\spring-boot-actuator\3.3.2\spring-boot-actuator-3.3.2.jar;C:\Users\NITHESHWAR SIVAKUMAR\.m2\repository\com\fasterxml\jackson\core\jackson-databind\2.17.2\jackson-databind-2.17.2.jar;C:\Users\NITHESHWAR SIVAKUMAR\.m2\repository\com\fasterxml\jackson\core\jackson-annotations\2.17.2\jackson-annotations-2.17.2.jar;C:\Users\NITHESHWAR SIVAKUMAR\.m2\repository\com\fasterxml\jackson\core\jackson-core\2.17.2\jackson-core-2.17.2.jar;C:\Users\NITHESHWAR SIVAKUMAR\.m2\repository\com\fasterxml\jackson\datatype\jackson-datatype-jsr310\2.17.2\jackson-datatype-jsr310-2.17.2.jar;C:\Users\NITHESHWAR SIVAKUMAR\.m2\repository\io\micrometer\micrometer-observation\1.13.2\micrometer-observation-1.13.2.jar;C:\Users\NITHESHWAR SIVAKUMAR\.m2\repository\io\micrometer\micrometer-commons\1.13.2\micrometer-commons-1.13.2.jar;C:\Users\NITHESHWAR SIVAKUMAR\.m2\repository\io\micrometer\micrometer-jakarta9\1.13.2\micrometer-jakarta9-1.13.2.jar;C:\Users\NITHESHWAR SIVAKUMAR\.m2\repository\io\micrometer\micrometer-core\1.13.2\micrometer-core-1.13.2.jar;C:\Users\NITHESHWAR SIVAKUMAR\.m2\repository\org\hdrhistogram\HdrHistogram\2.2.2\HdrHistogram-2.2.2.jar;C:\Users\NITHESHWAR SIVAKUMAR\.m2\repository\org\latencyutils\LatencyUtils\2.0.3\LatencyUtils-2.0.3.jar;C:\Users\NITHESHWAR SIVAKUMAR\.m2\repository\org\springdoc\springdoc-openapi-starter-webmvc-ui\2.5.0\springdoc-openapi-starter-webmvc-ui-2.5.0.jar;C:\Users\NITHESHWAR SIVAKUMAR\.m2\repository\org\springdoc\springdoc-openapi-starter-webmvc-api\2.5.0\springdoc-openapi-starter-webmvc-api-2.5.0.jar;C:\Users\NITHESHWAR SIVAKUMAR\.m2\repository\org\springdoc\springdoc-openapi-starter-common\2.5.0\springdoc-openapi-starter-common-2.5.0.jar;C:\Users\NITHESHWAR SIVAKUMAR\.m2\repository\io\swagger\core\v3\swagger-core-jakarta\2.2.21\swagger-core-jakarta-2.2.21.jar;C:\Users\NITHESHWAR SIVAKUMAR\.m2\repository\org\apache\commons\commons-lang3\3.14.0\commons-lang3-3.14.0.jar;C:\Users\NITHESHWAR SIVAKUMAR\.m2\repository\io\swagger\core\v3\swagger-annotations-jakarta\2.2.21\swagger-annotations-jakarta-2.2.21.jar;C:\Users\NITHESHWAR SIVAKUMAR\.m2\repository\io\swagger\core\v3\swagger-models-jakarta\2.2.21\swagger-models-jakarta-2.2.21.jar;C:\Users\NITHESHWAR SIVAKUMAR\.m2\repository\jakarta\validation\jakarta.validation-api\3.0.2\jakarta.validation-api-3.0.2.jar;C:\Users\NITHESHWAR SIVAKUMAR\.m2\repository\com\fasterxml\jackson\dataformat\jackson-dataformat-yaml\2.17.2\jackson-dataformat-yaml-2.17.2.jar;C:\Users\NITHESHWAR SIVAKUMAR\.m2\repository\org\webjars\swagger-ui\5.13.0\swagger-ui-5.13.0.jar;C:\Users\NITHESHWAR SIVAKUMAR\.m2\repository\com\mysql\mysql-connector-j\8.0.33\mysql-connector-j-8.0.33.jar;C:\Users\NITHESHWAR SIVAKUMAR\.m2\repository\org\springframework\boot\spring-boot-starter-data-jpa\3.3.2\spring-boot-starter-data-jpa-3.3.2.jar;C:\Users\NITHESHWAR SIVAKUMAR\.m2\repository\org\springframework\boot\spring-boot-starter-aop\3.3.2\spring-boot-starter-aop-3.3.2.jar;C:\Users\NITHESHWAR SIVAKUMAR\.m2\repository\org\springframework\spring-aop\6.1.11\spring-aop-6.1.11.jar;C:\Users\NITHESHWAR SIVAKUMAR\.m2\repository\org\aspectj\aspectjweaver\1.9.22.1\aspectjweaver-1.9.22.1.jar;C:\Users\NITHESHWAR SIVAKUMAR\.m2\repository\org\springframework\boot\spring-boot-starter-jdbc\3.3.2\spring-boot-starter-jdbc-3.3.2.jar;C:\Users\NITHESHWAR SIVAKUMAR\.m2\repository\com\zaxxer\HikariCP\5.1.0\HikariCP-5.1.0.jar;C:\Users\NITHESHWAR SIVAKUMAR\.m2\repository\org\springframework\spring-jdbc\6.1.11\spring-jdbc-6.1.11.jar;C:\Users\NITHESHWAR SIVAKUMAR\.m2\repository\org\hibernate\orm\hibernate-core\6.5.2.Final\hibernate-core-6.5.2.Final.jar;C:\Users\NITHESHWAR SIVAKUMAR\.m2\repository\jakarta\persistence\jakarta.persistence-api\3.1.0\jakarta.persistence-api-3.1.0.jar;C:\Users\NITHESHWAR SIVAKUMAR\.m2\repository\jakarta\transaction\jakarta.transaction-api\2.0.1\jakarta.transaction-api-2.0.1.jar;C:\Users\NITHESHWAR SIVAKUMAR\.m2\repository\org\jboss\logging\jboss-logging\3.5.3.Final\jboss-logging-3.5.3.Final.jar;C:\Users\NITHESHWAR SIVAKUMAR\.m2\repository\org\hibernate\common\hibernate-commons-annotations\6.0.6.Final\hibernate-commons-annotations-6.0.6.Final.jar;C:\Users\NITHESHWAR SIVAKUMAR\.m2\repository\io\smallrye\jandex\3.1.2\jandex-3.1.2.jar;C:\Users\NITHESHWAR SIVAKUMAR\.m2\repository\com\fasterxml\classmate\1.7.0\classmate-1.7.0.jar;C:\Users\NITHESHWAR SIVAKUMAR\.m2\repository\net\bytebuddy\byte-buddy\1.14.18\byte-buddy-1.14.18.jar;C:\Users\NITHESHWAR SIVAKUMAR\.m2\repository\org\glassfish\jaxb\jaxb-runtime\4.0.5\jaxb-runtime-4.0.5.jar;C:\Users\NITHESHWAR SIVAKUMAR\.m2\repository\org\glassfish\jaxb\jaxb-core\4.0.5\jaxb-core-4.0.5.jar;C:\Users\NITHESHWAR SIVAKUMAR\.m2\repository\org\eclipse\angus\angus-activation\2.0.2\angus-activation-2.0.2.jar;C:\Users\NITHESHWAR SIVAKUMAR\.m2\repository\org\glassfish\jaxb\txw2\4.0.5\txw2-4.0.5.jar;C:\Users\NITHESHWAR SIVAKUMAR\.m2\repository\com\sun\istack\istack-commons-runtime\4.1.2\istack-commons-runtime-4.1.2.jar;C:\Users\NITHESHWAR SIVAKUMAR\.m2\repository\jakarta\inject\jakarta.inject-api\2.0.1\jakarta.inject-api-2.0.1.jar;C:\Users\NITHESHWAR SIVAKUMAR\.m2\repository\org\antlr\antlr4-runtime\4.13.0\antlr4-runtime-4.13.0.jar;C:\Users\NITHESHWAR SIVAKUMAR\.m2\repository\org\springframework\data\spring-data-jpa\3.3.2\spring-data-jpa-3.3.2.jar;C:\Users\NITHESHWAR SIVAKUMAR\.m2\repository\org\springframework\data\spring-data-commons\3.3.2\spring-data-commons-3.3.2.jar;C:\Users\NITHESHWAR SIVAKUMAR\.m2\repository\org\springframework\spring-orm\6.1.11\spring-orm-6.1.11.jar;C:\Users\NITHESHWAR SIVAKUMAR\.m2\repository\org\springframework\spring-context\6.1.11\spring-context-6.1.11.jar;C:\Users\NITHESHWAR SIVAKUMAR\.m2\repository\org\springframework\spring-tx\6.1.11\spring-tx-6.1.11.jar;C:\Users\NITHESHWAR SIVAKUMAR\.m2\repository\org\springframework\spring-beans\6.1.11\spring-beans-6.1.11.jar;C:\Users\NITHESHWAR SIVAKUMAR\.m2\repository\org\slf4j\slf4j-api\2.0.13\slf4j-api-2.0.13.jar;C:\Users\NITHESHWAR SIVAKUMAR\.m2\repository\org\springframework\spring-aspects\6.1.11\spring-aspects-6.1.11.jar;C:\Users\NITHESHWAR SIVAKUMAR\.m2\repository\org\springframework\boot\spring-boot-starter-web\3.3.2\spring-boot-starter-web-3.3.2.jar;C:\Users\NITHESHWAR SIVAKUMAR\.m2\repository\org\springframework\boot\spring-boot-starter-json\3.3.2\spring-boot-starter-json-3.3.2.jar;C:\Users\NITHESHWAR SIVAKUMAR\.m2\repository\com\fasterxml\jackson\datatype\jackson-datatype-jdk8\2.17.2\jackson-datatype-jdk8-2.17.2.jar;C:\Users\NITHESHWAR SIVAKUMAR\.m2\repository\com\fasterxml\jackson\module\jackson-module-parameter-names\2.17.2\jackson-module-parameter-names-2.17.2.jar;C:\Users\NITHESHWAR SIVAKUMAR\.m2\repository\org\springframework\boot\spring-boot-starter-tomcat\3.3.2\spring-boot-starter-tomcat-3.3.2.jar;C:\Users\NITHESHWAR SIVAKUMAR\.m2\repository\org\apache\tomcat\embed\tomcat-embed-core\10.1.26\tomcat-embed-core-10.1.26.jar;C:\Users\NITHESHWAR SIVAKUMAR\.m2\repository\org\apache\tomcat\embed\tomcat-embed-el\10.1.26\tomcat-embed-el-10.1.26.jar;C:\Users\NITHESHWAR SIVAKUMAR\.m2\repository\org\apache\tomcat\embed\tomcat-embed-websocket\10.1.26\tomcat-embed-websocket-10.1.26.jar;C:\Users\NITHESHWAR SIVAKUMAR\.m2\repository\org\springframework\spring-web\6.1.11\spring-web-6.1.11.jar;C:\Users\NITHESHWAR SIVAKUMAR\.m2\repository\org\springframework\spring-webmvc\6.1.11\spring-webmvc-6.1.11.jar;C:\Users\NITHESHWAR SIVAKUMAR\.m2\repository\org\springframework\spring-expression\6.1.11\spring-expression-6.1.11.jar;C:\Users\NITHESHWAR SIVAKUMAR\.m2\repository\org\projectlombok\lombok\1.18.34\lombok-1.18.34.jar;C:\Users\NITHESHWAR SIVAKUMAR\.m2\repository\org\springframework\boot\spring-boot-starter-test\3.3.2\spring-boot-starter-test-3.3.2.jar;C:\Users\NITHESHWAR SIVAKUMAR\.m2\repository\org\springframework\boot\spring-boot-test\3.3.2\spring-boot-test-3.3.2.jar;C:\Users\NITHESHWAR SIVAKUMAR\.m2\repository\org\springframework\boot\spring-boot-test-autoconfigure\3.3.2\spring-boot-test-autoconfigure-3.3.2.jar;C:\Users\NITHESHWAR SIVAKUMAR\.m2\repository\com\jayway\jsonpath\json-path\2.9.0\json-path-2.9.0.jar;C:\Users\NITHESHWAR SIVAKUMAR\.m2\repository\jakarta\xml\bind\jakarta.xml.bind-api\4.0.2\jakarta.xml.bind-api-4.0.2.jar;C:\Users\NITHESHWAR SIVAKUMAR\.m2\repository\jakarta\activation\jakarta.activation-api\2.1.3\jakarta.activation-api-2.1.3.jar;C:\Users\NITHESHWAR SIVAKUMAR\.m2\repository\net\minidev\json-smart\2.5.1\json-smart-2.5.1.jar;C:\Users\NITHESHWAR SIVAKUMAR\.m2\repository\net\minidev\accessors-smart\2.5.1\accessors-smart-2.5.1.jar;C:\Users\NITHESHWAR SIVAKUMAR\.m2\repository\org\ow2\asm\asm\9.6\asm-9.6.jar;C:\Users\NITHESHWAR SIVAKUMAR\.m2\repository\org\assertj\assertj-core\3.25.3\assertj-core-3.25.3.jar;C:\Users\NITHESHWAR SIVAKUMAR\.m2\repository\org\awaitility\awaitility\4.2.1\awaitility-4.2.1.jar;C:\Users\NITHESHWAR SIVAKUMAR\.m2\repository\org\hamcrest\hamcrest\2.2\hamcrest-2.2.jar;C:\Users\NITHESHWAR SIVAKUMAR\.m2\repository\org\junit\jupiter\junit-jupiter\5.10.3\junit-jupiter-5.10.3.jar;C:\Users\NITHESHWAR SIVAKUMAR\.m2\repository\org\junit\jupiter\junit-jupiter-api\5.10.3\junit-jupiter-api-5.10.3.jar;C:\Users\NITHESHWAR SIVAKUMAR\.m2\repository\org\opentest4j\opentest4j\1.3.0\opentest4j-1.3.0.jar;C:\Users\NITHESHWAR SIVAKUMAR\.m2\repository\org\junit\platform\junit-platform-commons\1.10.3\junit-platform-commons-1.10.3.jar;C:\Users\NITHESHWAR SIVAKUMAR\.m2\repository\org\apiguardian\apiguardian-api\1.1.2\apiguardian-api-1.1.2.jar;C:\Users\NITHESHWAR SIVAKUMAR\.m2\repository\org\junit\jupiter\junit-jupiter-params\5.10.3\junit-jupiter-params-5.10.3.jar;C:\Users\NITHESHWAR SIVAKUMAR\.m2\repository\org\junit\jupiter\junit-jupiter-engine\5.10.3\junit-jupiter-engine-5.10.3.jar;C:\Users\NITHESHWAR SIVAKUMAR\.m2\repository\org\junit\platform\junit-platform-engine\1.10.3\junit-platform-engine-1.10.3.jar;C:\Users\NITHESHWAR SIVAKUMAR\.m2\repository\org\mockito\mockito-core\5.11.0\mockito-core-5.11.0.jar;C:\Users\NITHESHWAR SIVAKUMAR\.m2\repository\net\bytebuddy\byte-buddy-agent\1.14.18\byte-buddy-agent-1.14.18.jar;C:\Users\NITHESHWAR SIVAKUMAR\.m2\repository\org\objenesis\objenesis\3.3\objenesis-3.3.jar;C:\Users\NITHESHWAR SIVAKUMAR\.m2\repository\org\mockito\mockito-junit-jupiter\5.11.0\mockito-junit-jupiter-5.11.0.jar;C:\Users\NITHESHWAR SIVAKUMAR\.m2\repository\org\skyscreamer\jsonassert\1.5.3\jsonassert-1.5.3.jar;C:\Users\NITHESHWAR SIVAKUMAR\.m2\repository\com\vaadin\external\google\android-json\0.0.20131108.vaadin1\android-json-0.0.20131108.vaadin1.jar;C:\Users\NITHESHWAR SIVAKUMAR\.m2\repository\org\springframework\spring-core\6.1.11\spring-core-6.1.11.jar;C:\Users\NITHESHWAR SIVAKUMAR\.m2\repository\org\springframework\spring-jcl\6.1.11\spring-jcl-6.1.11.jar;C:\Users\NITHESHWAR SIVAKUMAR\.m2\repository\org\springframework\spring-test\6.1.11\spring-test-6.1.11.jar;C:\Users\NITHESHWAR SIVAKUMAR\.m2\repository\org\xmlunit\xmlunit-core\2.9.1\xmlunit-core-2.9.1.jar;, sun.cpu.endian=little, hibernate.cdi.extensions=true, user.home=C:\Users\NITHESHWAR SIVAKUMAR, user.language=en, java.specification.vendor=Oracle Corporation, java.version.date=2024-07-16, java.home=C:\Users\NITHESHWAR SIVAKUMAR\AppData\Roaming\Code\User\globalStorage\pleiades.java-extension-pack-jdk\java\21, file.separator=\, basedir=D:\project2\demo, java.vm.compressedOopsMode=Zero based, line.separator=
, hibernate.persistenceUnitName=default, java.vm.specification.vendor=Oracle Corporation, java.specification.name=Java Platform API Specification, FILE_LOG_CHARSET=UTF-8, hibernate.transaction.coordinator_class=class org.hibernate.resource.transaction.backend.jdbc.internal.JdbcResourceLocalTransactionCoordinatorBuilderImpl, java.awt.headless=true, surefire.real.class.path=C:\Users\NITHESHWAR SIVAKUMAR\AppData\Local\Temp\surefire5474961456674216201\surefirebooter-20240804224349379_3.jar, jakarta.persistence.validation.mode=AUTO, hibernate.hbm2ddl.auto=update, user.script=, sun.management.compiler=HotSpot 64-Bit Tiered Compilers, java.runtime.version=21.0.4+7-LTS, user.name=NITHESHWAR SIVAKUMAR, stdout.encoding=Cp1252, path.separator=;, os.version=10.0, java.runtime.name=OpenJDK Runtime Environment, file.encoding=UTF-8, java.vm.name=OpenJDK 64-Bit Server VM, hibernate.show_sql=true, java.vendor.version=Temurin-21.0.4+7, localRepository=C:\Users\NITHESHWAR SIVAKUMAR\.m2\repository, java.vendor.url.bug=https://github.com/adoptium/adoptium-support/issues, java.io.tmpdir=C:\Users\NITHES~1\AppData\Local\Temp\, java.version=21.0.4, hibernate.physical_naming_strategy=org.hibernate.boot.model.naming.CamelCaseToUnderscoresNamingStrategy, user.dir=D:\project2\demo, os.arch=amd64, java.vm.specification.name=Java Virtual Machine Specification, PID=24256, sun.os.patch.level=, CONSOLE_LOG_CHARSET=UTF-8, hibernate.boot.CfgXmlAccessService.key=org.hibernate.boot.registry.StandardServiceRegistryBuilder$1@7b7b1448, native.encoding=Cp1252, java.library.path=C:\Users\NITHESHWAR SIVAKUMAR\AppData\Roaming\Code\User\globalStorage\pleiades.java-extension-pack-jdk\java\21\bin;C:\WINDOWS\Sun\Java\bin;C:\WINDOWS\system32;C:\WINDOWS;C:\Users\NITHESHWAR SIVAKUMAR\AppData\Roaming\Code\User\globalStorage\pleiades.java-extension-pack-jdk\gradle\latest\bin;C:\Users\NITHESHWAR SIVAKUMAR\AppData\Roaming\Code\User\globalStorage\pleiades.java-extension-pack-jdk\maven\latest\bin;C:\Users\NITHESHWAR SIVAKUMAR\AppData\Roaming\Code\User\globalStorage\pleiades.java-extension-pack-jdk\java\21\bin;C:\Program Files\Common Files\Oracle\Java\javapath;C:\Windows\system32;C:\Windows;C:\Windows\System32\Wbem;C:\Windows\System32\WindowsPowerShell\v1.0\;C:\Windows\System32\OpenSSH\;C:\Program Files (x86)\NVIDIA Corporation\PhysX\Common;C:\Program Files\NVIDIA Corporation\NVIDIA NvDLISR;C:\Program Files\PuTTY\;C:\WINDOWS\system32;C:\WINDOWS;C:\WINDOWS\System32\Wbem;C:\WINDOWS\System32\WindowsPowerShell\v1.0\;C:\WINDOWS\System32\OpenSSH\;C:\Program Files\Git\cmd;C:\Program Files\nodejs\;C:\Program Files\MySQL\MySQL Shell 8.0\bin\;C:\Users\NITHESHWAR SIVAKUMAR\AppData\Local\Microsoft\WindowsApps;C:\Users\NITHESHWAR SIVAKUMAR\AppData\Local\Programs\Microsoft VS Code\bin;C:\Users\NITHESHWAR SIVAKUMAR\AppData\Roaming\npm;., stderr.encoding=Cp1252, java.vendor=Eclipse Adoptium, java.vm.info=mixed mode, sharing, java.vm.version=21.0.4+7-LTS, sun.io.unicode.encoding=UnicodeLittle, hibernate.archive.scanner=org.hibernate.boot.archive.scan.internal.DisabledScanner, hibernate.connection.datasource=HikariDataSource (HikariPool-1), java.class.version=65.0, LOGGED_APPLICATION_NAME=[demo] }
2024-08-04T22:43:54.480+05:30 DEBUG 24256 --- [demo] [           main] o.hibernate.internal.SessionFactoryImpl  : Session factory constructed with filter configurations : {}
2024-08-04T22:43:54.482+05:30 DEBUG 24256 --- [demo] [           main] o.h.b.beanvalidation.TypeSafeActivator   : Unable to acquire Bean Validation ValidatorFactory, skipping activation
2024-08-04T22:43:54.515+05:30 DEBUG 24256 --- [demo] [           main] o.h.q.sqm.function.SqmFunctionRegistry   : Registered SqmFunctionTemplate [NamedSqmFunctionTemplate(max)] under max; prior registration was null
2024-08-04T22:43:54.516+05:30 DEBUG 24256 --- [demo] [           main] o.h.q.sqm.function.SqmFunctionRegistry   : Registered SqmFunctionTemplate [NamedSqmFunctionTemplate(min)] under min; prior registration was null
2024-08-04T22:43:54.516+05:30 DEBUG 24256 --- [demo] [           main] o.h.q.sqm.function.SqmFunctionRegistry   : Registered SqmFunctionTemplate [NamedSqmFunctionTemplate(sum)] under sum; prior registration was null
2024-08-04T22:43:54.517+05:30 DEBUG 24256 --- [demo] [           main] o.h.q.sqm.function.SqmFunctionRegistry   : Registered SqmFunctionTemplate [NamedSqmFunctionTemplate(avg)] under avg; prior registration was null
2024-08-04T22:43:54.517+05:30 DEBUG 24256 --- [demo] [           main] o.h.q.sqm.function.SqmFunctionRegistry   : Registered SqmFunctionTemplate [org.hibernate.dialect.function.CountFunction@490fbeaa] under count; prior registration was null
2024-08-04T22:43:54.518+05:30 DEBUG 24256 --- [demo] [           main] o.h.q.sqm.function.SqmFunctionRegistry   : Registered SqmFunctionTemplate [org.hibernate.dialect.function.EveryAnyEmulation@677c2820] under every; prior registration was null
2024-08-04T22:43:54.518+05:30 DEBUG 24256 --- [demo] [           main] o.h.q.sqm.function.SqmFunctionRegistry   : Registered SqmFunctionTemplate [org.hibernate.dialect.function.EveryAnyEmulation@39c1e7b7] under any; prior registration was null
2024-08-04T22:43:54.518+05:30 DEBUG 24256 --- [demo] [           main] o.h.q.sqm.function.SqmFunctionRegistry   : Registered SqmFunctionTemplate [NamedSqmFunctionTemplate(floor)] under floor; prior registration was null
2024-08-04T22:43:54.518+05:30 DEBUG 24256 --- [demo] [           main] o.h.q.sqm.function.SqmFunctionRegistry   : Registered SqmFunctionTemplate [NamedSqmFunctionTemplate(ceiling)] under ceiling; prior registration was null
2024-08-04T22:43:54.518+05:30 DEBUG 24256 --- [demo] [           main] o.h.q.sqm.function.SqmFunctionRegistry   : Registered SqmFunctionTemplate [NamedSqmFunctionTemplate(mod)] under mod; prior registration was null
2024-08-04T22:43:54.518+05:30 DEBUG 24256 --- [demo] [           main] o.h.q.sqm.function.SqmFunctionRegistry   : Registered SqmFunctionTemplate [NamedSqmFunctionTemplate(abs)] under abs; prior registration was null
2024-08-04T22:43:54.518+05:30 DEBUG 24256 --- [demo] [           main] o.h.q.sqm.function.SqmFunctionRegistry   : Registered SqmFunctionTemplate [NamedSqmFunctionTemplate(sign)] under sign; prior registration was null
2024-08-04T22:43:54.518+05:30 DEBUG 24256 --- [demo] [           main] o.h.q.sqm.function.SqmFunctionRegistry   : Registered SqmFunctionTemplate [NamedSqmFunctionTemplate(sqrt)] under sqrt; prior registration was null
2024-08-04T22:43:54.518+05:30 DEBUG 24256 --- [demo] [           main] o.h.q.sqm.function.SqmFunctionRegistry   : Registered SqmFunctionTemplate [NamedSqmFunctionTemplate(ln)] under ln; prior registration was null
2024-08-04T22:43:54.518+05:30 DEBUG 24256 --- [demo] [           main] o.h.q.sqm.function.SqmFunctionRegistry   : Registered SqmFunctionTemplate [NamedSqmFunctionTemplate(exp)] under exp; prior registration was null
2024-08-04T22:43:54.518+05:30 DEBUG 24256 --- [demo] [           main] o.h.q.sqm.function.SqmFunctionRegistry   : Registered SqmFunctionTemplate [NamedSqmFunctionTemplate(power)] under power; prior registration was null
2024-08-04T22:43:54.518+05:30 DEBUG 24256 --- [demo] [           main] o.h.q.sqm.function.SqmFunctionRegistry   : Registered SqmFunctionTemplate [NamedSqmFunctionTemplate(round)] under round; prior registration was null
2024-08-04T22:43:54.518+05:30 DEBUG 24256 --- [demo] [           main] o.h.q.sqm.function.SqmFunctionRegistry   : Registered SqmFunctionTemplate [NamedSqmFunctionTemplate(sin)] under sin; prior registration was null
2024-08-04T22:43:54.518+05:30 DEBUG 24256 --- [demo] [           main] o.h.q.sqm.function.SqmFunctionRegistry   : Registered SqmFunctionTemplate [NamedSqmFunctionTemplate(cos)] under cos; prior registration was null
2024-08-04T22:43:54.518+05:30 DEBUG 24256 --- [demo] [           main] o.h.q.sqm.function.SqmFunctionRegistry   : Registered SqmFunctionTemplate [NamedSqmFunctionTemplate(tan)] under tan; prior registration was null
2024-08-04T22:43:54.518+05:30 DEBUG 24256 --- [demo] [           main] o.h.q.sqm.function.SqmFunctionRegistry   : Registered SqmFunctionTemplate [NamedSqmFunctionTemplate(asin)] under asin; prior registration was null
2024-08-04T22:43:54.518+05:30 DEBUG 24256 --- [demo] [           main] o.h.q.sqm.function.SqmFunctionRegistry   : Registered SqmFunctionTemplate [NamedSqmFunctionTemplate(acos)] under acos; prior registration was null
2024-08-04T22:43:54.518+05:30 DEBUG 24256 --- [demo] [           main] o.h.q.sqm.function.SqmFunctionRegistry   : Registered SqmFunctionTemplate [NamedSqmFunctionTemplate(atan)] under atan; prior registration was null
2024-08-04T22:43:54.518+05:30 DEBUG 24256 --- [demo] [           main] o.h.q.sqm.function.SqmFunctionRegistry   : Registered SqmFunctionTemplate [NamedSqmFunctionTemplate(atan2)] under atan2; prior registration was null
2024-08-04T22:43:54.520+05:30 DEBUG 24256 --- [demo] [           main] o.h.q.sqm.function.SqmFunctionRegistry   : Registered SqmFunctionTemplate [org.hibernate.query.sqm.function.PatternBasedSqmFunctionDescriptor@7a569672] under sinh; prior registration was null
2024-08-04T22:43:54.520+05:30 DEBUG 24256 --- [demo] [           main] o.h.q.sqm.function.SqmFunctionRegistry   : Registered SqmFunctionTemplate [org.hibernate.query.sqm.function.PatternBasedSqmFunctionDescriptor@49f41c2e] under cosh; prior registration was null
2024-08-04T22:43:54.520+05:30 DEBUG 24256 --- [demo] [           main] o.h.q.sqm.function.SqmFunctionRegistry   : Registered SqmFunctionTemplate [org.hibernate.query.sqm.function.PatternBasedSqmFunctionDescriptor@194eae3e] under tanh; prior registration was null
2024-08-04T22:43:54.520+05:30 DEBUG 24256 --- [demo] [           main] o.h.q.sqm.function.SqmFunctionRegistry   : Registered SqmFunctionTemplate [org.hibernate.query.sqm.function.PatternBasedSqmFunctionDescriptor@2ab39942] under pi; prior registration was null
2024-08-04T22:43:54.520+05:30 DEBUG 24256 --- [demo] [           main] o.h.q.sqm.function.SqmFunctionRegistry   : Registered SqmFunctionTemplate [org.hibernate.query.sqm.function.PatternBasedSqmFunctionDescriptor@64186f60] under log; prior registration was null
2024-08-04T22:43:54.521+05:30 DEBUG 24256 --- [demo] [           main] o.h.q.sqm.function.SqmFunctionRegistry   : Registered SqmFunctionTemplate [NamedSqmFunctionTemplate(coalesce)] under coalesce; prior registration was null
2024-08-04T22:43:54.521+05:30 DEBUG 24256 --- [demo] [           main] o.h.q.sqm.function.SqmFunctionRegistry   : Registered SqmFunctionTemplate [NamedSqmFunctionTemplate(nullif)] under nullif; prior registration was null
2024-08-04T22:43:54.521+05:30 DEBUG 24256 --- [demo] [           main] o.h.q.sqm.function.SqmFunctionRegistry   : Registered SqmFunctionTemplate [NamedSqmFunctionTemplate(left)] under left; prior registration was null
2024-08-04T22:43:54.521+05:30 DEBUG 24256 --- [demo] [           main] o.h.q.sqm.function.SqmFunctionRegistry   : Registered SqmFunctionTemplate [NamedSqmFunctionTemplate(right)] under right; prior registration was null
2024-08-04T22:43:54.521+05:30 DEBUG 24256 --- [demo] [           main] o.h.q.sqm.function.SqmFunctionRegistry   : Registered SqmFunctionTemplate [NamedSqmFunctionTemplate(replace)] under replace; prior registration was null
2024-08-04T22:43:54.522+05:30 DEBUG 24256 --- [demo] [           main] o.h.q.sqm.function.SqmFunctionRegistry   : Registered SqmFunctionTemplate [NamedSqmFunctionTemplate(concat)] under concat; prior registration was null
2024-08-04T22:43:54.522+05:30 DEBUG 24256 --- [demo] [           main] o.h.q.sqm.function.SqmFunctionRegistry   : Registered SqmFunctionTemplate [NamedSqmFunctionTemplate(lower)] under lower; prior registration was null
2024-08-04T22:43:54.522+05:30 DEBUG 24256 --- [demo] [           main] o.h.q.sqm.function.SqmFunctionRegistry   : Registered SqmFunctionTemplate [NamedSqmFunctionTemplate(upper)] under upper; prior registration was null
2024-08-04T22:43:54.522+05:30 DEBUG 24256 --- [demo] [           main] o.h.q.sqm.function.SqmFunctionRegistry   : Registered SqmFunctionTemplate [NamedSqmFunctionTemplate(substring)] under substring; prior registration was null
2024-08-04T22:43:54.522+05:30 DEBUG 24256 --- [demo] [           main] o.h.q.sqm.function.SqmFunctionRegistry   : Registered SqmFunctionTemplate [NamedSqmFunctionTemplate(locate)] under locate; prior registration was null
2024-08-04T22:43:54.522+05:30 DEBUG 24256 --- [demo] [           main] o.h.q.sqm.function.SqmFunctionRegistry   : Registered SqmFunctionTemplate [NamedSqmFunctionTemplate(character_length)] under character_length; prior registration was null
2024-08-04T22:43:54.522+05:30 DEBUG 24256 --- [demo] [           main] o.h.q.sqm.function.SqmFunctionRegistry   : Registering alternate key : length -> character_length
2024-08-04T22:43:54.523+05:30 DEBUG 24256 --- [demo] [           main] o.h.q.sqm.function.SqmFunctionRegistry   : Registered SqmFunctionTemplate [org.hibernate.dialect.function.LocatePositionEmulation@29174dfe] under position; prior registration was null
2024-08-04T22:43:54.524+05:30 DEBUG 24256 --- [demo] [           main] o.h.q.sqm.function.SqmFunctionRegistry   : Registered SqmFunctionTemplate [org.hibernate.dialect.function.InsertSubstringOverlayEmulation@4c24c40a] under overlay; prior registration was null
2024-08-04T22:43:54.524+05:30 DEBUG 24256 --- [demo] [           main] o.h.q.sqm.function.SqmFunctionRegistry   : Registered SqmFunctionTemplate [org.hibernate.dialect.function.TrimFunction@57fc6759] under trim; prior registration was null
2024-08-04T22:43:54.525+05:30 DEBUG 24256 --- [demo] [           main] o.h.q.sqm.function.SqmFunctionRegistry   : Registered SqmFunctionTemplate [org.hibernate.dialect.function.CastFunction@44a98a23] under cast; prior registration was null
2024-08-04T22:43:54.525+05:30 DEBUG 24256 --- [demo] [           main] o.h.q.sqm.function.SqmFunctionRegistry   : Registered SqmFunctionTemplate [org.hibernate.query.sqm.function.PatternBasedSqmFunctionDescriptor@107ebdad] under collate; prior registration was null
2024-08-04T22:43:54.527+05:30 DEBUG 24256 --- [demo] [           main] o.h.q.sqm.function.SqmFunctionRegistry   : Registered SqmFunctionTemplate [org.hibernate.dialect.function.ExtractFunction@767cc126] under extract; prior registration was null
2024-08-04T22:43:54.527+05:30 DEBUG 24256 --- [demo] [           main] o.h.q.sqm.function.SqmFunctionRegistry   : Registered SqmFunctionTemplate [NamedSqmFunctionTemplate(least)] under least; prior registration was null
2024-08-04T22:43:54.527+05:30 DEBUG 24256 --- [demo] [           main] o.h.q.sqm.function.SqmFunctionRegistry   : Registered SqmFunctionTemplate [NamedSqmFunctionTemplate(greatest)] under greatest; prior registration was null
2024-08-04T22:43:54.527+05:30 DEBUG 24256 --- [demo] [           main] o.h.q.sqm.function.SqmFunctionRegistry   : Registered SqmFunctionTemplate [org.hibernate.dialect.function.CoalesceIfnullEmulation@70ad0854] under ifnull; prior registration was null
2024-08-04T22:43:54.528+05:30 DEBUG 24256 --- [demo] [           main] o.h.q.sqm.function.SqmFunctionRegistry   : Registered SqmFunctionTemplate [NamedSqmFunctionTemplate(lpad)] under lpad; prior registration was null
2024-08-04T22:43:54.528+05:30 DEBUG 24256 --- [demo] [           main] o.h.q.sqm.function.SqmFunctionRegistry   : Registered SqmFunctionTemplate [NamedSqmFunctionTemplate(rpad)] under rpad; prior registration was null
2024-08-04T22:43:54.528+05:30 DEBUG 24256 --- [demo] [           main] o.h.q.sqm.function.SqmFunctionRegistry   : Registered SqmFunctionTemplate [org.hibernate.dialect.function.LpadRpadPadEmulation@f0381f0] under pad; prior registration was null
2024-08-04T22:43:54.529+05:30 DEBUG 24256 --- [demo] [           main] o.h.q.sqm.function.SqmFunctionRegistry   : Registered SqmFunctionTemplate [org.hibernate.dialect.function.CastStrEmulation@acb1c9c] under str; prior registration was null
2024-08-04T22:43:54.530+05:30 DEBUG 24256 --- [demo] [           main] o.h.q.sqm.function.SqmFunctionRegistry   : Registered SqmFunctionTemplate [org.hibernate.dialect.function.FormatFunction@1fe7fa16] under format; prior registration was null
2024-08-04T22:43:54.531+05:30 DEBUG 24256 --- [demo] [           main] o.h.q.sqm.function.SqmFunctionRegistry   : Registered SqmFunctionTemplate [org.hibernate.dialect.function.TimestampaddFunction@1eab0700] under timestampadd; prior registration was null
2024-08-04T22:43:54.532+05:30 DEBUG 24256 --- [demo] [           main] o.h.q.sqm.function.SqmFunctionRegistry   : Registered SqmFunctionTemplate [org.hibernate.dialect.function.TimestampdiffFunction@54ef9698] under timestampdiff; prior registration was null
2024-08-04T22:43:54.532+05:30 DEBUG 24256 --- [demo] [           main] o.h.q.sqm.function.SqmFunctionRegistry   : Registering alternate key : dateadd -> timestampadd
2024-08-04T22:43:54.532+05:30 DEBUG 24256 --- [demo] [           main] o.h.q.sqm.function.SqmFunctionRegistry   : Registering alternate key : datediff -> timestampdiff
2024-08-04T22:43:54.532+05:30 DEBUG 24256 --- [demo] [           main] o.h.q.sqm.function.SqmFunctionRegistry   : Registered SqmFunctionTemplate [org.hibernate.dialect.function.CurrentFunction@31028e45] under current_date; prior registration was null
2024-08-04T22:43:54.532+05:30 DEBUG 24256 --- [demo] [           main] o.h.q.sqm.function.SqmFunctionRegistry   : Registered SqmFunctionTemplate [org.hibernate.dialect.function.CurrentFunction@68f75a35] under current_time; prior registration was null
2024-08-04T22:43:54.532+05:30 DEBUG 24256 --- [demo] [           main] o.h.q.sqm.function.SqmFunctionRegistry   : Registered SqmFunctionTemplate [org.hibernate.dialect.function.CurrentFunction@50e0b472] under current_timestamp; prior registration was null
2024-08-04T22:43:54.532+05:30 DEBUG 24256 --- [demo] [           main] o.h.q.sqm.function.SqmFunctionRegistry   : Registering alternate key : current date -> current_date
2024-08-04T22:43:54.532+05:30 DEBUG 24256 --- [demo] [           main] o.h.q.sqm.function.SqmFunctionRegistry   : Registering alternate key : current time -> current_time
2024-08-04T22:43:54.532+05:30 DEBUG 24256 --- [demo] [           main] o.h.q.sqm.function.SqmFunctionRegistry   : Registering alternate key : current timestamp -> current_timestamp
2024-08-04T22:43:54.534+05:30 DEBUG 24256 --- [demo] [           main] o.h.q.sqm.function.SqmFunctionRegistry   : Registered SqmFunctionTemplate [org.hibernate.dialect.function.CurrentFunction@45017263] under local_date; prior registration was null
2024-08-04T22:43:54.534+05:30 DEBUG 24256 --- [demo] [           main] o.h.q.sqm.function.SqmFunctionRegistry   : Registered SqmFunctionTemplate [org.hibernate.dialect.function.CurrentFunction@6054ac20] under local_time; prior registration was null
2024-08-04T22:43:54.534+05:30 DEBUG 24256 --- [demo] [           main] o.h.q.sqm.function.SqmFunctionRegistry   : Registered SqmFunctionTemplate [org.hibernate.dialect.function.CurrentFunction@32a074ed] under local_datetime; prior registration was null
2024-08-04T22:43:54.534+05:30 DEBUG 24256 --- [demo] [           main] o.h.q.sqm.function.SqmFunctionRegistry   : Registered SqmFunctionTemplate [org.hibernate.dialect.function.CurrentFunction@673605ef] under offset_datetime; prior registration was null
2024-08-04T22:43:54.534+05:30 DEBUG 24256 --- [demo] [           main] o.h.q.sqm.function.SqmFunctionRegistry   : Registering alternate key : local date -> local_date
2024-08-04T22:43:54.534+05:30 DEBUG 24256 --- [demo] [           main] o.h.q.sqm.function.SqmFunctionRegistry   : Registering alternate key : local time -> local_time
2024-08-04T22:43:54.534+05:30 DEBUG 24256 --- [demo] [           main] o.h.q.sqm.function.SqmFunctionRegistry   : Registering alternate key : local datetime -> local_datetime
2024-08-04T22:43:54.535+05:30 DEBUG 24256 --- [demo] [           main] o.h.q.sqm.function.SqmFunctionRegistry   : Registering alternate key : offset datetime -> offset_datetime
2024-08-04T22:43:54.535+05:30 DEBUG 24256 --- [demo] [           main] o.h.q.sqm.function.SqmFunctionRegistry   : Registered SqmFunctionTemplate [org.hibernate.dialect.function.CurrentFunction@29eaf100] under instant; prior registration was null
2024-08-04T22:43:54.535+05:30 DEBUG 24256 --- [demo] [           main] o.h.q.sqm.function.SqmFunctionRegistry   : Registering alternate key : current_instant -> instant
2024-08-04T22:43:54.535+05:30 DEBUG 24256 --- [demo] [           main] o.h.q.sqm.function.SqmFunctionRegistry   : Registered SqmFunctionTemplate [org.hibernate.dialect.function.SqlFunction@747e8659] under sql; prior registration was null
2024-08-04T22:43:54.535+05:30 DEBUG 24256 --- [demo] [           main] o.h.q.sqm.function.SqmFunctionRegistry   : Registered SqmFunctionTemplate [NamedSqmFunctionTemplate(soundex)] under soundex; prior registration was null
2024-08-04T22:43:54.535+05:30 DEBUG 24256 --- [demo] [           main] o.h.q.sqm.function.SqmFunctionRegistry   : Registered SqmFunctionTemplate [NamedSqmFunctionTemplate(radians)] under radians; prior registration was null
2024-08-04T22:43:54.535+05:30 DEBUG 24256 --- [demo] [           main] o.h.q.sqm.function.SqmFunctionRegistry   : Registered SqmFunctionTemplate [NamedSqmFunctionTemplate(degrees)] under degrees; prior registration was null
2024-08-04T22:43:54.535+05:30 DEBUG 24256 --- [demo] [           main] o.h.q.sqm.function.SqmFunctionRegistry   : Registered SqmFunctionTemplate [NamedSqmFunctionTemplate(cot)] under cot; prior registration was null
2024-08-04T22:43:54.535+05:30 DEBUG 24256 --- [demo] [           main] o.h.q.sqm.function.SqmFunctionRegistry   : Registered SqmFunctionTemplate [NamedSqmFunctionTemplate(log)] under log; prior registration was org.hibernate.query.sqm.function.PatternBasedSqmFunctionDescriptor@64186f60
2024-08-04T22:43:54.535+05:30 DEBUG 24256 --- [demo] [           main] o.h.q.sqm.function.SqmFunctionRegistry   : Registered SqmFunctionTemplate [NamedSqmFunctionTemplate(log2)] under log2; prior registration was null
2024-08-04T22:43:54.535+05:30 DEBUG 24256 --- [demo] [           main] o.h.q.sqm.function.SqmFunctionRegistry   : Registered SqmFunctionTemplate [NamedSqmFunctionTemplate(log10)] under log10; prior registration was null
2024-08-04T22:43:54.535+05:30 DEBUG 24256 --- [demo] [           main] o.h.q.sqm.function.SqmFunctionRegistry   : Registered SqmFunctionTemplate [NamedSqmFunctionTemplate(ltrim)] under ltrim; prior registration was null
2024-08-04T22:43:54.535+05:30 DEBUG 24256 --- [demo] [           main] o.h.q.sqm.function.SqmFunctionRegistry   : Registered SqmFunctionTemplate [NamedSqmFunctionTemplate(rtrim)] under rtrim; prior registration was null
2024-08-04T22:43:54.535+05:30 DEBUG 24256 --- [demo] [           main] o.h.q.sqm.function.SqmFunctionRegistry   : Registered SqmFunctionTemplate [NamedSqmFunctionTemplate(octet_length)] under octet_length; prior registration was null
2024-08-04T22:43:54.535+05:30 DEBUG 24256 --- [demo] [           main] o.h.q.sqm.function.SqmFunctionRegistry   : Registered SqmFunctionTemplate [NamedSqmFunctionTemplate(reverse)] under reverse; prior registration was null
2024-08-04T22:43:54.535+05:30 DEBUG 24256 --- [demo] [           main] o.h.q.sqm.function.SqmFunctionRegistry   : Registered SqmFunctionTemplate [NamedSqmFunctionTemplate(space)] under space; prior registration was null
2024-08-04T22:43:54.536+05:30 DEBUG 24256 --- [demo] [           main] o.h.q.sqm.function.SqmFunctionRegistry   : Registered SqmFunctionTemplate [NamedSqmFunctionTemplate(repeat)] under repeat; prior registration was null
2024-08-04T22:43:54.536+05:30 DEBUG 24256 --- [demo] [           main] o.h.q.sqm.function.SqmFunctionRegistry   : Registered SqmFunctionTemplate [org.hibernate.query.sqm.function.MultipatternSqmFunctionDescriptor@6f69e2d8] under lpad; prior registration was NamedSqmFunctionTemplate(lpad)
2024-08-04T22:43:54.536+05:30 DEBUG 24256 --- [demo] [           main] o.h.q.sqm.function.SqmFunctionRegistry   : Registered SqmFunctionTemplate [org.hibernate.query.sqm.function.MultipatternSqmFunctionDescriptor@147097ad] under rpad; prior registration was NamedSqmFunctionTemplate(rpad)
2024-08-04T22:43:54.536+05:30 DEBUG 24256 --- [demo] [           main] o.h.q.sqm.function.SqmFunctionRegistry   : Registered SqmFunctionTemplate [NamedSqmFunctionTemplate(md5)] under md5; prior registration was null
2024-08-04T22:43:54.536+05:30 DEBUG 24256 --- [demo] [           main] o.h.q.sqm.function.SqmFunctionRegistry   : Registered SqmFunctionTemplate [NamedSqmFunctionTemplate(day)] under day; prior registration was null
2024-08-04T22:43:54.536+05:30 DEBUG 24256 --- [demo] [           main] o.h.q.sqm.function.SqmFunctionRegistry   : Registered SqmFunctionTemplate [NamedSqmFunctionTemplate(month)] under month; prior registration was null
2024-08-04T22:43:54.536+05:30 DEBUG 24256 --- [demo] [           main] o.h.q.sqm.function.SqmFunctionRegistry   : Registered SqmFunctionTemplate [NamedSqmFunctionTemplate(year)] under year; prior registration was null
2024-08-04T22:43:54.536+05:30 DEBUG 24256 --- [demo] [           main] o.h.q.sqm.function.SqmFunctionRegistry   : Registered SqmFunctionTemplate [NamedSqmFunctionTemplate(hour)] under hour; prior registration was null
2024-08-04T22:43:54.536+05:30 DEBUG 24256 --- [demo] [           main] o.h.q.sqm.function.SqmFunctionRegistry   : Registered SqmFunctionTemplate [NamedSqmFunctionTemplate(minute)] under minute; prior registration was null
2024-08-04T22:43:54.536+05:30 DEBUG 24256 --- [demo] [           main] o.h.q.sqm.function.SqmFunctionRegistry   : Registered SqmFunctionTemplate [NamedSqmFunctionTemplate(second)] under second; prior registration was null
2024-08-04T22:43:54.536+05:30 DEBUG 24256 --- [demo] [           main] o.h.q.sqm.function.SqmFunctionRegistry   : Registered SqmFunctionTemplate [NamedSqmFunctionTemplate(microsecond)] under microsecond; prior registration was null
2024-08-04T22:43:54.536+05:30 DEBUG 24256 --- [demo] [           main] o.h.q.sqm.function.SqmFunctionRegistry   : Registered SqmFunctionTemplate [NamedSqmFunctionTemplate(dayofweek)] under dayofweek; prior registration was null
2024-08-04T22:43:54.537+05:30 DEBUG 24256 --- [demo] [           main] o.h.q.sqm.function.SqmFunctionRegistry   : Registered SqmFunctionTemplate [NamedSqmFunctionTemplate(dayofmonth)] under dayofmonth; prior registration was null
2024-08-04T22:43:54.537+05:30 DEBUG 24256 --- [demo] [           main] o.h.q.sqm.function.SqmFunctionRegistry   : Registering alternate key : day -> dayofmonth
2024-08-04T22:43:54.537+05:30 DEBUG 24256 --- [demo] [           main] o.h.q.sqm.function.SqmFunctionRegistry   : Registered SqmFunctionTemplate [NamedSqmFunctionTemplate(dayofyear)] under dayofyear; prior registration was null
2024-08-04T22:43:54.537+05:30 DEBUG 24256 --- [demo] [           main] o.h.q.sqm.function.SqmFunctionRegistry   : Registered SqmFunctionTemplate [NamedSqmFunctionTemplate(week)] under week; prior registration was null
2024-08-04T22:43:54.537+05:30 DEBUG 24256 --- [demo] [           main] o.h.q.sqm.function.SqmFunctionRegistry   : Registered SqmFunctionTemplate [NamedSqmFunctionTemplate(quarter)] under quarter; prior registration was null
2024-08-04T22:43:54.537+05:30 DEBUG 24256 --- [demo] [           main] o.h.q.sqm.function.SqmFunctionRegistry   : Registered SqmFunctionTemplate [NamedSqmFunctionTemplate(monthname)] under monthname; prior registration was null
2024-08-04T22:43:54.537+05:30 DEBUG 24256 --- [demo] [           main] o.h.q.sqm.function.SqmFunctionRegistry   : Registered SqmFunctionTemplate [NamedSqmFunctionTemplate(dayname)] under dayname; prior registration was null
2024-08-04T22:43:54.537+05:30 DEBUG 24256 --- [demo] [           main] o.h.q.sqm.function.SqmFunctionRegistry   : Registered SqmFunctionTemplate [NamedSqmFunctionTemplate(last_day)] under last_day; prior registration was null
2024-08-04T22:43:54.537+05:30 DEBUG 24256 --- [demo] [           main] o.h.q.sqm.function.SqmFunctionRegistry   : Registered SqmFunctionTemplate [NamedSqmFunctionTemplate(date)] under date; prior registration was null
2024-08-04T22:43:54.537+05:30 DEBUG 24256 --- [demo] [           main] o.h.q.sqm.function.SqmFunctionRegistry   : Registered SqmFunctionTemplate [NamedSqmFunctionTemplate(timestamp)] under timestamp; prior registration was null
2024-08-04T22:43:54.537+05:30 DEBUG 24256 --- [demo] [           main] o.h.q.sqm.function.SqmFunctionRegistry   : Registered SqmFunctionTemplate [NamedSqmFunctionTemplate(time)] under time; prior registration was null
2024-08-04T22:43:54.537+05:30 DEBUG 24256 --- [demo] [           main] o.h.q.sqm.function.SqmFunctionRegistry   : Registered SqmFunctionTemplate [NamedSqmFunctionTemplate(utc_date)] under utc_date; prior registration was null
2024-08-04T22:43:54.537+05:30 DEBUG 24256 --- [demo] [           main] o.h.q.sqm.function.SqmFunctionRegistry   : Registered SqmFunctionTemplate [NamedSqmFunctionTemplate(utc_time)] under utc_time; prior registration was null
2024-08-04T22:43:54.537+05:30 DEBUG 24256 --- [demo] [           main] o.h.q.sqm.function.SqmFunctionRegistry   : Registered SqmFunctionTemplate [NamedSqmFunctionTemplate(utc_timestamp)] under utc_timestamp; prior registration was null
2024-08-04T22:43:54.537+05:30 DEBUG 24256 --- [demo] [           main] o.h.q.sqm.function.SqmFunctionRegistry   : Registered SqmFunctionTemplate [NamedSqmFunctionTemplate(rand)] under rand; prior registration was null
2024-08-04T22:43:54.537+05:30 DEBUG 24256 --- [demo] [           main] o.h.q.sqm.function.SqmFunctionRegistry   : Registered SqmFunctionTemplate [NamedSqmFunctionTemplate(crc32)] under crc32; prior registration was null
2024-08-04T22:43:54.537+05:30 DEBUG 24256 --- [demo] [           main] o.h.q.sqm.function.SqmFunctionRegistry   : Registered SqmFunctionTemplate [NamedSqmFunctionTemplate(sha1)] under sha1; prior registration was null
2024-08-04T22:43:54.537+05:30 DEBUG 24256 --- [demo] [           main] o.h.q.sqm.function.SqmFunctionRegistry   : Registered SqmFunctionTemplate [NamedSqmFunctionTemplate(sha2)] under sha2; prior registration was null
2024-08-04T22:43:54.537+05:30 DEBUG 24256 --- [demo] [           main] o.h.q.sqm.function.SqmFunctionRegistry   : Registered SqmFunctionTemplate [NamedSqmFunctionTemplate(sha)] under sha; prior registration was null
2024-08-04T22:43:54.537+05:30 DEBUG 24256 --- [demo] [           main] o.h.q.sqm.function.SqmFunctionRegistry   : Registered SqmFunctionTemplate [NamedSqmFunctionTemplate(bit_length)] under bit_length; prior registration was null
2024-08-04T22:43:54.537+05:30 DEBUG 24256 --- [demo] [           main] o.h.q.sqm.function.SqmFunctionRegistry   : Registered SqmFunctionTemplate [NamedSqmFunctionTemplate(octet_length)] under octet_length; prior registration was NamedSqmFunctionTemplate(octet_length)
2024-08-04T22:43:54.537+05:30 DEBUG 24256 --- [demo] [           main] o.h.q.sqm.function.SqmFunctionRegistry   : Registered SqmFunctionTemplate [NamedSqmFunctionTemplate(ascii)] under ascii; prior registration was null
2024-08-04T22:43:54.537+05:30 DEBUG 24256 --- [demo] [           main] o.h.q.sqm.function.SqmFunctionRegistry   : Registered SqmFunctionTemplate [NamedSqmFunctionTemplate(instr)] under instr; prior registration was null
2024-08-04T22:43:54.537+05:30 DEBUG 24256 --- [demo] [           main] o.h.q.sqm.function.SqmFunctionRegistry   : Registered SqmFunctionTemplate [NamedSqmFunctionTemplate(substr)] under substr; prior registration was null
2024-08-04T22:43:54.537+05:30 DEBUG 24256 --- [demo] [           main] o.h.q.sqm.function.SqmFunctionRegistry   : Registered SqmFunctionTemplate [org.hibernate.query.sqm.function.PatternBasedSqmFunctionDescriptor@3539cf45] under position; prior registration was org.hibernate.dialect.function.LocatePositionEmulation@29174dfe
2024-08-04T22:43:54.537+05:30 DEBUG 24256 --- [demo] [           main] o.h.q.sqm.function.SqmFunctionRegistry   : Registered SqmFunctionTemplate [NamedSqmFunctionTemplate(curtime)] under curtime; prior registration was null
2024-08-04T22:43:54.537+05:30 DEBUG 24256 --- [demo] [           main] o.h.q.sqm.function.SqmFunctionRegistry   : Registered SqmFunctionTemplate [NamedSqmFunctionTemplate(curdate)] under curdate; prior registration was null
2024-08-04T22:43:54.537+05:30 DEBUG 24256 --- [demo] [           main] o.h.q.sqm.function.SqmFunctionRegistry   : Registered SqmFunctionTemplate [NamedSqmFunctionTemplate(now)] under now; prior registration was null
2024-08-04T22:43:54.541+05:30 DEBUG 24256 --- [demo] [           main] o.h.q.sqm.function.SqmFunctionRegistry   : Registered SqmFunctionTemplate [org.hibernate.dialect.function.TruncFunction@3225d950] under trunc; prior registration was null
2024-08-04T22:43:54.541+05:30 DEBUG 24256 --- [demo] [           main] o.h.q.sqm.function.SqmFunctionRegistry   : Registering alternate key : truncate -> trunc
2024-08-04T22:43:54.541+05:30 DEBUG 24256 --- [demo] [           main] o.h.q.sqm.function.SqmFunctionRegistry   : Registered SqmFunctionTemplate [NamedSqmFunctionTemplate(insert)] under insert; prior registration was null
2024-08-04T22:43:54.541+05:30 DEBUG 24256 --- [demo] [           main] o.h.q.sqm.function.SqmFunctionRegistry   : Registered SqmFunctionTemplate [org.hibernate.query.sqm.function.PatternBasedSqmFunctionDescriptor@1be427b4] under bitand; prior registration was null
2024-08-04T22:43:54.541+05:30 DEBUG 24256 --- [demo] [           main] o.h.q.sqm.function.SqmFunctionRegistry   : Registered SqmFunctionTemplate [org.hibernate.query.sqm.function.PatternBasedSqmFunctionDescriptor@470a446f] under bitor; prior registration was null
2024-08-04T22:43:54.541+05:30 DEBUG 24256 --- [demo] [           main] o.h.q.sqm.function.SqmFunctionRegistry   : Registered SqmFunctionTemplate [org.hibernate.query.sqm.function.PatternBasedSqmFunctionDescriptor@55315a00] under bitxor; prior registration was null
2024-08-04T22:43:54.541+05:30 DEBUG 24256 --- [demo] [           main] o.h.q.sqm.function.SqmFunctionRegistry   : Registered SqmFunctionTemplate [org.hibernate.query.sqm.function.PatternBasedSqmFunctionDescriptor@4942e6af] under bitnot; prior registration was null
2024-08-04T22:43:54.541+05:30 DEBUG 24256 --- [demo] [           main] o.h.q.sqm.function.SqmFunctionRegistry   : Registered SqmFunctionTemplate [NamedSqmFunctionTemplate(bit_and)] under bit_and; prior registration was null
2024-08-04T22:43:54.541+05:30 DEBUG 24256 --- [demo] [           main] o.h.q.sqm.function.SqmFunctionRegistry   : Registered SqmFunctionTemplate [NamedSqmFunctionTemplate(bit_or)] under bit_or; prior registration was null
2024-08-04T22:43:54.541+05:30 DEBUG 24256 --- [demo] [           main] o.h.q.sqm.function.SqmFunctionRegistry   : Registered SqmFunctionTemplate [NamedSqmFunctionTemplate(stddev)] under stddev; prior registration was null
2024-08-04T22:43:54.541+05:30 DEBUG 24256 --- [demo] [           main] o.h.q.sqm.function.SqmFunctionRegistry   : Registered SqmFunctionTemplate [NamedSqmFunctionTemplate(stddev_pop)] under stddev_pop; prior registration was null
2024-08-04T22:43:54.541+05:30 DEBUG 24256 --- [demo] [           main] o.h.q.sqm.function.SqmFunctionRegistry   : Registered SqmFunctionTemplate [NamedSqmFunctionTemplate(stddev_samp)] under stddev_samp; prior registration was null
2024-08-04T22:43:54.541+05:30 DEBUG 24256 --- [demo] [           main] o.h.q.sqm.function.SqmFunctionRegistry   : Registered SqmFunctionTemplate [NamedSqmFunctionTemplate(variance)] under variance; prior registration was null
2024-08-04T22:43:54.541+05:30 DEBUG 24256 --- [demo] [           main] o.h.q.sqm.function.SqmFunctionRegistry   : Registered SqmFunctionTemplate [NamedSqmFunctionTemplate(var_pop)] under var_pop; prior registration was null
2024-08-04T22:43:54.541+05:30 DEBUG 24256 --- [demo] [           main] o.h.q.sqm.function.SqmFunctionRegistry   : Registered SqmFunctionTemplate [NamedSqmFunctionTemplate(var_samp)] under var_samp; prior registration was null
2024-08-04T22:43:54.541+05:30 DEBUG 24256 --- [demo] [           main] o.h.q.sqm.function.SqmFunctionRegistry   : Registered SqmFunctionTemplate [NamedSqmFunctionTemplate(datediff)] under datediff; prior registration was null
2024-08-04T22:43:54.541+05:30 DEBUG 24256 --- [demo] [           main] o.h.q.sqm.function.SqmFunctionRegistry   : Registered SqmFunctionTemplate [NamedSqmFunctionTemplate(adddate)] under adddate; prior registration was null
2024-08-04T22:43:54.541+05:30 DEBUG 24256 --- [demo] [           main] o.h.q.sqm.function.SqmFunctionRegistry   : Registered SqmFunctionTemplate [NamedSqmFunctionTemplate(subdate)] under subdate; prior registration was null
2024-08-04T22:43:54.541+05:30 DEBUG 24256 --- [demo] [           main] o.h.q.sqm.function.SqmFunctionRegistry   : Registered SqmFunctionTemplate [NamedSqmFunctionTemplate(addtime)] under addtime; prior registration was null
2024-08-04T22:43:54.541+05:30 DEBUG 24256 --- [demo] [           main] o.h.q.sqm.function.SqmFunctionRegistry   : Registered SqmFunctionTemplate [NamedSqmFunctionTemplate(subtime)] under subtime; prior registration was null
2024-08-04T22:43:54.541+05:30 DEBUG 24256 --- [demo] [           main] o.h.q.sqm.function.SqmFunctionRegistry   : Registered SqmFunctionTemplate [org.hibernate.dialect.function.FormatFunction@73a1a1b4] under format; prior registration was org.hibernate.dialect.function.FormatFunction@1fe7fa16
2024-08-04T22:43:54.541+05:30 DEBUG 24256 --- [demo] [           main] o.h.q.sqm.function.SqmFunctionRegistry   : Registered SqmFunctionTemplate [NamedSqmFunctionTemplate(makedate)] under makedate; prior registration was null
2024-08-04T22:43:54.541+05:30 DEBUG 24256 --- [demo] [           main] o.h.q.sqm.function.SqmFunctionRegistry   : Registered SqmFunctionTemplate [NamedSqmFunctionTemplate(maketime)] under maketime; prior registration was null
2024-08-04T22:43:54.541+05:30 DEBUG 24256 --- [demo] [           main] o.h.q.sqm.function.SqmFunctionRegistry   : Registered SqmFunctionTemplate [NamedSqmFunctionTemplate(localtime)] under localtime; prior registration was null
2024-08-04T22:43:54.541+05:30 DEBUG 24256 --- [demo] [           main] o.h.q.sqm.function.SqmFunctionRegistry   : Registered SqmFunctionTemplate [NamedSqmFunctionTemplate(localtimestamp)] under localtimestamp; prior registration was null
2024-08-04T22:43:54.541+05:30 DEBUG 24256 --- [demo] [           main] o.h.q.sqm.function.SqmFunctionRegistry   : Registered SqmFunctionTemplate [NamedSqmFunctionTemplate(localtime)] under local_time; prior registration was org.hibernate.dialect.function.CurrentFunction@6054ac20
2024-08-04T22:43:54.541+05:30 DEBUG 24256 --- [demo] [           main] o.h.q.sqm.function.SqmFunctionRegistry   : Registered SqmFunctionTemplate [NamedSqmFunctionTemplate(localtimestamp)] under local_datetime; prior registration was org.hibernate.dialect.function.CurrentFunction@32a074ed
2024-08-04T22:43:54.541+05:30 DEBUG 24256 --- [demo] [           main] o.h.q.sqm.function.SqmFunctionRegistry   : Registered SqmFunctionTemplate [NamedSqmFunctionTemplate(localtime)] under localtime; prior registration was NamedSqmFunctionTemplate(localtime)
2024-08-04T22:43:54.541+05:30 DEBUG 24256 --- [demo] [           main] o.h.q.sqm.function.SqmFunctionRegistry   : Registered SqmFunctionTemplate [org.hibernate.query.sqm.function.PatternBasedSqmFunctionDescriptor@669daa93] under pi; prior registration was org.hibernate.query.sqm.function.PatternBasedSqmFunctionDescriptor@2ab39942
2024-08-04T22:43:54.541+05:30 DEBUG 24256 --- [demo] [           main] o.h.q.sqm.function.SqmFunctionRegistry   : Registered SqmFunctionTemplate [org.hibernate.query.sqm.function.PatternBasedSqmFunctionDescriptor@39a30d1a] under chr; prior registration was null
2024-08-04T22:43:54.541+05:30 DEBUG 24256 --- [demo] [           main] o.h.q.sqm.function.SqmFunctionRegistry   : Registering alternate key : char -> chr
2024-08-04T22:43:54.541+05:30 DEBUG 24256 --- [demo] [           main] o.h.q.sqm.function.SqmFunctionRegistry   : Registered SqmFunctionTemplate [org.hibernate.query.sqm.function.PatternBasedSqmFunctionDescriptor@670ae31f] under sysdate; prior registration was null
2024-08-04T22:43:54.543+05:30 DEBUG 24256 --- [demo] [           main] o.h.q.sqm.function.SqmFunctionRegistry   : Registered SqmFunctionTemplate [org.hibernate.dialect.function.ListaggGroupConcatEmulation@3d2b13f] under listagg; prior registration was null
2024-08-04T22:43:54.544+05:30 DEBUG 24256 --- [demo] [           main] org.hibernate.HQL_FUNCTIONS              : abs(NUMERIC arg)
2024-08-04T22:43:54.545+05:30 DEBUG 24256 --- [demo] [           main] org.hibernate.HQL_FUNCTIONS              : Double acos(NUMERIC arg)
2024-08-04T22:43:54.545+05:30 DEBUG 24256 --- [demo] [           main] org.hibernate.HQL_FUNCTIONS              : adddate(DATE datetime, INTEGER days)
2024-08-04T22:43:54.545+05:30 DEBUG 24256 --- [demo] [           main] org.hibernate.HQL_FUNCTIONS              : addtime(TIME datetime, TIME time)
2024-08-04T22:43:54.545+05:30 DEBUG 24256 --- [demo] [           main] org.hibernate.HQL_FUNCTIONS              : Boolean any(BOOLEAN arg)
2024-08-04T22:43:54.545+05:30 DEBUG 24256 --- [demo] [           main] org.hibernate.HQL_FUNCTIONS              : Integer ascii(STRING arg)
2024-08-04T22:43:54.545+05:30 DEBUG 24256 --- [demo] [           main] org.hibernate.HQL_FUNCTIONS              : Double asin(NUMERIC arg)
2024-08-04T22:43:54.545+05:30 DEBUG 24256 --- [demo] [           main] org.hibernate.HQL_FUNCTIONS              : Double atan(NUMERIC arg)
2024-08-04T22:43:54.545+05:30 DEBUG 24256 --- [demo] [           main] org.hibernate.HQL_FUNCTIONS              : Double atan2(NUMERIC arg0, NUMERIC arg1)
2024-08-04T22:43:54.545+05:30 DEBUG 24256 --- [demo] [           main] org.hibernate.HQL_FUNCTIONS              : avg(arg)
2024-08-04T22:43:54.545+05:30 DEBUG 24256 --- [demo] [           main] org.hibernate.HQL_FUNCTIONS              : bit_and(arg)
2024-08-04T22:43:54.545+05:30 DEBUG 24256 --- [demo] [           main] org.hibernate.HQL_FUNCTIONS              : Integer bit_length(STRING_OR_CLOB arg)
2024-08-04T22:43:54.545+05:30 DEBUG 24256 --- [demo] [           main] org.hibernate.HQL_FUNCTIONS              : bit_or(arg)
2024-08-04T22:43:54.545+05:30 DEBUG 24256 --- [demo] [           main] org.hibernate.HQL_FUNCTIONS              : bitand(arg0, arg1)
2024-08-04T22:43:54.545+05:30 DEBUG 24256 --- [demo] [           main] org.hibernate.HQL_FUNCTIONS              : bitnot(arg)
2024-08-04T22:43:54.545+05:30 DEBUG 24256 --- [demo] [           main] org.hibernate.HQL_FUNCTIONS              : bitor(arg0, arg1)
2024-08-04T22:43:54.545+05:30 DEBUG 24256 --- [demo] [           main] org.hibernate.HQL_FUNCTIONS              : bitxor(arg0, arg1)
2024-08-04T22:43:54.545+05:30 DEBUG 24256 --- [demo] [           main] org.hibernate.HQL_FUNCTIONS              : cast(arg as Type)
2024-08-04T22:43:54.545+05:30 DEBUG 24256 --- [demo] [           main] org.hibernate.HQL_FUNCTIONS              : ceiling(NUMERIC arg)
2024-08-04T22:43:54.545+05:30 DEBUG 24256 --- [demo] [           main] org.hibernate.HQL_FUNCTIONS              : Character char(INTEGER arg)
2024-08-04T22:43:54.545+05:30 DEBUG 24256 --- [demo] [           main] org.hibernate.HQL_FUNCTIONS              : Integer character_length(STRING_OR_CLOB arg)
2024-08-04T22:43:54.545+05:30 DEBUG 24256 --- [demo] [           main] org.hibernate.HQL_FUNCTIONS              : Character chr(INTEGER arg)
2024-08-04T22:43:54.545+05:30 DEBUG 24256 --- [demo] [           main] org.hibernate.HQL_FUNCTIONS              : coalesce(arg0[, arg1[, ...]])
2024-08-04T22:43:54.545+05:30 DEBUG 24256 --- [demo] [           main] org.hibernate.HQL_FUNCTIONS              : String collate(STRING string as COLLATION collation)
2024-08-04T22:43:54.545+05:30 DEBUG 24256 --- [demo] [           main] org.hibernate.HQL_FUNCTIONS              : String concat(STRING string0[, STRING string1[, ...]])
2024-08-04T22:43:54.545+05:30 DEBUG 24256 --- [demo] [           main] org.hibernate.HQL_FUNCTIONS              : Double cos(NUMERIC arg)
2024-08-04T22:43:54.545+05:30 DEBUG 24256 --- [demo] [           main] org.hibernate.HQL_FUNCTIONS              : Double cosh(NUMERIC arg)
2024-08-04T22:43:54.545+05:30 DEBUG 24256 --- [demo] [           main] org.hibernate.HQL_FUNCTIONS              : Double cot(NUMERIC arg)
2024-08-04T22:43:54.545+05:30 DEBUG 24256 --- [demo] [           main] org.hibernate.HQL_FUNCTIONS              : Long count([distinct ]{arg|*})
2024-08-04T22:43:54.546+05:30 DEBUG 24256 --- [demo] [           main] org.hibernate.HQL_FUNCTIONS              : Integer crc32(arg)
2024-08-04T22:43:54.546+05:30 DEBUG 24256 --- [demo] [           main] org.hibernate.HQL_FUNCTIONS              : Date curdate()
2024-08-04T22:43:54.546+05:30 DEBUG 24256 --- [demo] [           main] org.hibernate.HQL_FUNCTIONS              : Date current date
2024-08-04T22:43:54.546+05:30 DEBUG 24256 --- [demo] [           main] org.hibernate.HQL_FUNCTIONS              : Time current time
2024-08-04T22:43:54.546+05:30 DEBUG 24256 --- [demo] [           main] org.hibernate.HQL_FUNCTIONS              : Timestamp current timestamp
2024-08-04T22:43:54.546+05:30 DEBUG 24256 --- [demo] [           main] org.hibernate.HQL_FUNCTIONS              : Date current_date
2024-08-04T22:43:54.546+05:30 DEBUG 24256 --- [demo] [           main] org.hibernate.HQL_FUNCTIONS              : Instant current_instant
2024-08-04T22:43:54.546+05:30 DEBUG 24256 --- [demo] [           main] org.hibernate.HQL_FUNCTIONS              : Time current_time
2024-08-04T22:43:54.546+05:30 DEBUG 24256 --- [demo] [           main] org.hibernate.HQL_FUNCTIONS              : Timestamp current_timestamp
2024-08-04T22:43:54.546+05:30 DEBUG 24256 --- [demo] [           main] org.hibernate.HQL_FUNCTIONS              : Time curtime()
2024-08-04T22:43:54.546+05:30 DEBUG 24256 --- [demo] [           main] org.hibernate.HQL_FUNCTIONS              : Date date(arg)
2024-08-04T22:43:54.546+05:30 DEBUG 24256 --- [demo] [           main] org.hibernate.HQL_FUNCTIONS              : dateadd(TEMPORAL_UNIT field, INTEGER magnitude, TEMPORAL datetime)
2024-08-04T22:43:54.546+05:30 DEBUG 24256 --- [demo] [           main] org.hibernate.HQL_FUNCTIONS              : Integer datediff(DATE end, DATE start)
2024-08-04T22:43:54.546+05:30 DEBUG 24256 --- [demo] [           main] org.hibernate.HQL_FUNCTIONS              : Integer day(DATE arg)
2024-08-04T22:43:54.546+05:30 DEBUG 24256 --- [demo] [           main] org.hibernate.HQL_FUNCTIONS              : String dayname(DATE arg)
2024-08-04T22:43:54.546+05:30 DEBUG 24256 --- [demo] [           main] org.hibernate.HQL_FUNCTIONS              : Integer dayofmonth(DATE arg)
2024-08-04T22:43:54.546+05:30 DEBUG 24256 --- [demo] [           main] org.hibernate.HQL_FUNCTIONS              : Integer dayofweek(DATE arg)
2024-08-04T22:43:54.546+05:30 DEBUG 24256 --- [demo] [           main] org.hibernate.HQL_FUNCTIONS              : Integer dayofyear(DATE arg)
2024-08-04T22:43:54.546+05:30 DEBUG 24256 --- [demo] [           main] org.hibernate.HQL_FUNCTIONS              : Double degrees(NUMERIC arg)
2024-08-04T22:43:54.546+05:30 DEBUG 24256 --- [demo] [           main] org.hibernate.HQL_FUNCTIONS              : Boolean every(BOOLEAN arg)
2024-08-04T22:43:54.546+05:30 DEBUG 24256 --- [demo] [           main] org.hibernate.HQL_FUNCTIONS              : Double exp(NUMERIC arg)
2024-08-04T22:43:54.546+05:30 DEBUG 24256 --- [demo] [           main] org.hibernate.HQL_FUNCTIONS              : extract(TEMPORAL_UNIT field from TEMPORAL arg)
2024-08-04T22:43:54.546+05:30 DEBUG 24256 --- [demo] [           main] org.hibernate.HQL_FUNCTIONS              : floor(NUMERIC arg)
2024-08-04T22:43:54.546+05:30 DEBUG 24256 --- [demo] [           main] org.hibernate.HQL_FUNCTIONS              : String format(TEMPORAL datetime as STRING pattern)
2024-08-04T22:43:54.548+05:30 DEBUG 24256 --- [demo] [           main] org.hibernate.HQL_FUNCTIONS              : greatest(COMPARABLE arg0, COMPARABLE arg1[, arg2[, ...]])
2024-08-04T22:43:54.548+05:30 DEBUG 24256 --- [demo] [           main] org.hibernate.HQL_FUNCTIONS              : Integer hour(TIME arg)
2024-08-04T22:43:54.548+05:30 DEBUG 24256 --- [demo] [           main] org.hibernate.HQL_FUNCTIONS              : ifnull(arg0, arg1)
2024-08-04T22:43:54.548+05:30 DEBUG 24256 --- [demo] [           main] org.hibernate.HQL_FUNCTIONS              : String insert(STRING string, INTEGER start, INTEGER length, STRING replacement)
2024-08-04T22:43:54.548+05:30 DEBUG 24256 --- [demo] [           main] org.hibernate.HQL_FUNCTIONS              : Instant instant
2024-08-04T22:43:54.548+05:30 DEBUG 24256 --- [demo] [           main] org.hibernate.HQL_FUNCTIONS              : Integer instr(STRING string, STRING pattern[, INTEGER start[, INTEGER occurrence]])
2024-08-04T22:43:54.548+05:30 DEBUG 24256 --- [demo] [           main] org.hibernate.HQL_FUNCTIONS              : Date last_day(DATE arg)
2024-08-04T22:43:54.548+05:30 DEBUG 24256 --- [demo] [           main] org.hibernate.HQL_FUNCTIONS              : least(COMPARABLE arg0, COMPARABLE arg1[, arg2[, ...]])
2024-08-04T22:43:54.548+05:30 DEBUG 24256 --- [demo] [           main] org.hibernate.HQL_FUNCTIONS              : String left(STRING string, INTEGER length)
2024-08-04T22:43:54.548+05:30 DEBUG 24256 --- [demo] [           main] org.hibernate.HQL_FUNCTIONS              : Integer length(STRING_OR_CLOB arg)
2024-08-04T22:43:54.548+05:30 DEBUG 24256 --- [demo] [           main] org.hibernate.HQL_FUNCTIONS              : String listagg(STRING arg0, STRING arg1)
2024-08-04T22:43:54.548+05:30 DEBUG 24256 --- [demo] [           main] org.hibernate.HQL_FUNCTIONS              : Double ln(NUMERIC arg)
2024-08-04T22:43:54.548+05:30 DEBUG 24256 --- [demo] [           main] org.hibernate.HQL_FUNCTIONS              : LocalDate local date
2024-08-04T22:43:54.548+05:30 DEBUG 24256 --- [demo] [           main] org.hibernate.HQL_FUNCTIONS              : LocalDateTime local datetime
2024-08-04T22:43:54.548+05:30 DEBUG 24256 --- [demo] [           main] org.hibernate.HQL_FUNCTIONS              : LocalTime local time
2024-08-04T22:43:54.548+05:30 DEBUG 24256 --- [demo] [           main] org.hibernate.HQL_FUNCTIONS              : LocalDate local_date
2024-08-04T22:43:54.548+05:30 DEBUG 24256 --- [demo] [           main] org.hibernate.HQL_FUNCTIONS              : LocalDateTime local_datetime
2024-08-04T22:43:54.548+05:30 DEBUG 24256 --- [demo] [           main] org.hibernate.HQL_FUNCTIONS              : LocalTime local_time
2024-08-04T22:43:54.548+05:30 DEBUG 24256 --- [demo] [           main] org.hibernate.HQL_FUNCTIONS              : Timestamp localtime
2024-08-04T22:43:54.548+05:30 DEBUG 24256 --- [demo] [           main] org.hibernate.HQL_FUNCTIONS              : Timestamp localtimestamp
2024-08-04T22:43:54.548+05:30 DEBUG 24256 --- [demo] [           main] org.hibernate.HQL_FUNCTIONS              : Integer locate(STRING pattern, STRING string[, INTEGER start])
2024-08-04T22:43:54.548+05:30 DEBUG 24256 --- [demo] [           main] org.hibernate.HQL_FUNCTIONS              : Double log(NUMERIC arg0[, NUMERIC arg1])
2024-08-04T22:43:54.548+05:30 DEBUG 24256 --- [demo] [           main] org.hibernate.HQL_FUNCTIONS              : Double log10(NUMERIC arg)
2024-08-04T22:43:54.548+05:30 DEBUG 24256 --- [demo] [           main] org.hibernate.HQL_FUNCTIONS              : Double log2(NUMERIC arg)
2024-08-04T22:43:54.548+05:30 DEBUG 24256 --- [demo] [           main] org.hibernate.HQL_FUNCTIONS              : String lower(STRING string)
2024-08-04T22:43:54.548+05:30 DEBUG 24256 --- [demo] [           main] org.hibernate.HQL_FUNCTIONS              : String lpad(string, length[, padding])
2024-08-04T22:43:54.548+05:30 DEBUG 24256 --- [demo] [           main] org.hibernate.HQL_FUNCTIONS              : String ltrim(STRING string[, STRING characters])
2024-08-04T22:43:54.548+05:30 DEBUG 24256 --- [demo] [           main] org.hibernate.HQL_FUNCTIONS              : Date makedate(INTEGER year, INTEGER dayofyear)
2024-08-04T22:43:54.548+05:30 DEBUG 24256 --- [demo] [           main] org.hibernate.HQL_FUNCTIONS              : Time maketime(INTEGER hour, INTEGER min, INTEGER sec)
2024-08-04T22:43:54.548+05:30 DEBUG 24256 --- [demo] [           main] org.hibernate.HQL_FUNCTIONS              : max(COMPARABLE arg)
2024-08-04T22:43:54.548+05:30 DEBUG 24256 --- [demo] [           main] org.hibernate.HQL_FUNCTIONS              : String md5(arg)
2024-08-04T22:43:54.548+05:30 DEBUG 24256 --- [demo] [           main] org.hibernate.HQL_FUNCTIONS              : Integer microsecond(TIME arg)
2024-08-04T22:43:54.548+05:30 DEBUG 24256 --- [demo] [           main] org.hibernate.HQL_FUNCTIONS              : min(COMPARABLE arg)
2024-08-04T22:43:54.548+05:30 DEBUG 24256 --- [demo] [           main] org.hibernate.HQL_FUNCTIONS              : Integer minute(TIME arg)
2024-08-04T22:43:54.548+05:30 DEBUG 24256 --- [demo] [           main] org.hibernate.HQL_FUNCTIONS              : Integer mod(INTEGER arg0, INTEGER arg1)
2024-08-04T22:43:54.548+05:30 DEBUG 24256 --- [demo] [           main] org.hibernate.HQL_FUNCTIONS              : Integer month(DATE arg)
2024-08-04T22:43:54.548+05:30 DEBUG 24256 --- [demo] [           main] org.hibernate.HQL_FUNCTIONS              : String monthname(DATE arg)
2024-08-04T22:43:54.548+05:30 DEBUG 24256 --- [demo] [           main] org.hibernate.HQL_FUNCTIONS              : Timestamp now()
2024-08-04T22:43:54.548+05:30 DEBUG 24256 --- [demo] [           main] org.hibernate.HQL_FUNCTIONS              : nullif(arg0, arg1)
2024-08-04T22:43:54.548+05:30 DEBUG 24256 --- [demo] [           main] org.hibernate.HQL_FUNCTIONS              : Integer octet_length(STRING_OR_CLOB arg)
2024-08-04T22:43:54.548+05:30 DEBUG 24256 --- [demo] [           main] org.hibernate.HQL_FUNCTIONS              : OffsetDateTime offset datetime
2024-08-04T22:43:54.548+05:30 DEBUG 24256 --- [demo] [           main] org.hibernate.HQL_FUNCTIONS              : OffsetDateTime offset_datetime
2024-08-04T22:43:54.548+05:30 DEBUG 24256 --- [demo] [           main] org.hibernate.HQL_FUNCTIONS              : String overlay(STRING string placing STRING replacement from INTEGER start[ for INTEGER length])
2024-08-04T22:43:54.548+05:30 DEBUG 24256 --- [demo] [           main] org.hibernate.HQL_FUNCTIONS              : String pad(STRING string with INTEGER length {leading|trailing}[ STRING character])
2024-08-04T22:43:54.548+05:30 DEBUG 24256 --- [demo] [           main] org.hibernate.HQL_FUNCTIONS              : Double pi
2024-08-04T22:43:54.548+05:30 DEBUG 24256 --- [demo] [           main] org.hibernate.HQL_FUNCTIONS              : Integer position(STRING pattern in STRING string)
2024-08-04T22:43:54.548+05:30 DEBUG 24256 --- [demo] [           main] org.hibernate.HQL_FUNCTIONS              : Double power(NUMERIC arg0, NUMERIC arg1)
2024-08-04T22:43:54.548+05:30 DEBUG 24256 --- [demo] [           main] org.hibernate.HQL_FUNCTIONS              : Integer quarter(DATE arg)
2024-08-04T22:43:54.548+05:30 DEBUG 24256 --- [demo] [           main] org.hibernate.HQL_FUNCTIONS              : Double radians(NUMERIC arg)
2024-08-04T22:43:54.548+05:30 DEBUG 24256 --- [demo] [           main] org.hibernate.HQL_FUNCTIONS              : Double rand([INTEGER seed])
2024-08-04T22:43:54.548+05:30 DEBUG 24256 --- [demo] [           main] org.hibernate.HQL_FUNCTIONS              : String repeat(STRING string, INTEGER times)
2024-08-04T22:43:54.548+05:30 DEBUG 24256 --- [demo] [           main] org.hibernate.HQL_FUNCTIONS              : String replace(STRING string, STRING pattern, STRING replacement)
2024-08-04T22:43:54.548+05:30 DEBUG 24256 --- [demo] [           main] org.hibernate.HQL_FUNCTIONS              : String reverse(STRING arg)
2024-08-04T22:43:54.548+05:30 DEBUG 24256 --- [demo] [           main] org.hibernate.HQL_FUNCTIONS              : String right(STRING string, INTEGER length)
2024-08-04T22:43:54.548+05:30 DEBUG 24256 --- [demo] [           main] org.hibernate.HQL_FUNCTIONS              : round(NUMERIC number[, INTEGER places])
2024-08-04T22:43:54.549+05:30 DEBUG 24256 --- [demo] [           main] org.hibernate.HQL_FUNCTIONS              : String rpad(string, length[, padding])
2024-08-04T22:43:54.549+05:30 DEBUG 24256 --- [demo] [           main] org.hibernate.HQL_FUNCTIONS              : String rtrim(STRING string[, STRING characters])
2024-08-04T22:43:54.549+05:30 DEBUG 24256 --- [demo] [           main] org.hibernate.HQL_FUNCTIONS              : Integer second(TIME arg)
2024-08-04T22:43:54.549+05:30 DEBUG 24256 --- [demo] [           main] org.hibernate.HQL_FUNCTIONS              : String sha(arg)
2024-08-04T22:43:54.549+05:30 DEBUG 24256 --- [demo] [           main] org.hibernate.HQL_FUNCTIONS              : String sha1(arg)
2024-08-04T22:43:54.549+05:30 DEBUG 24256 --- [demo] [           main] org.hibernate.HQL_FUNCTIONS              : String sha2(arg0, arg1)
2024-08-04T22:43:54.549+05:30 DEBUG 24256 --- [demo] [           main] org.hibernate.HQL_FUNCTIONS              : Integer sign(NUMERIC arg)
2024-08-04T22:43:54.549+05:30 DEBUG 24256 --- [demo] [           main] org.hibernate.HQL_FUNCTIONS              : Double sin(NUMERIC arg)
2024-08-04T22:43:54.549+05:30 DEBUG 24256 --- [demo] [           main] org.hibernate.HQL_FUNCTIONS              : Double sinh(NUMERIC arg)
2024-08-04T22:43:54.549+05:30 DEBUG 24256 --- [demo] [           main] org.hibernate.HQL_FUNCTIONS              : String soundex(arg)
2024-08-04T22:43:54.549+05:30 DEBUG 24256 --- [demo] [           main] org.hibernate.HQL_FUNCTIONS              : String space(INTEGER arg)
2024-08-04T22:43:54.549+05:30 DEBUG 24256 --- [demo] [           main] org.hibernate.HQL_FUNCTIONS              : Object sql
2024-08-04T22:43:54.549+05:30 DEBUG 24256 --- [demo] [           main] org.hibernate.HQL_FUNCTIONS              : Double sqrt(NUMERIC arg)
2024-08-04T22:43:54.549+05:30 DEBUG 24256 --- [demo] [           main] org.hibernate.HQL_FUNCTIONS              : Double stddev(NUMERIC arg)
2024-08-04T22:43:54.549+05:30 DEBUG 24256 --- [demo] [           main] org.hibernate.HQL_FUNCTIONS              : Double stddev_pop(NUMERIC arg)
2024-08-04T22:43:54.549+05:30 DEBUG 24256 --- [demo] [           main] org.hibernate.HQL_FUNCTIONS              : Double stddev_samp(NUMERIC arg)
2024-08-04T22:43:54.549+05:30 DEBUG 24256 --- [demo] [           main] org.hibernate.HQL_FUNCTIONS              : String str(arg)
2024-08-04T22:43:54.549+05:30 DEBUG 24256 --- [demo] [           main] org.hibernate.HQL_FUNCTIONS              : subdate(DATE datetime, INTEGER days)
2024-08-04T22:43:54.549+05:30 DEBUG 24256 --- [demo] [           main] org.hibernate.HQL_FUNCTIONS              : String substr(STRING string, INTEGER start[, INTEGER length])
2024-08-04T22:43:54.549+05:30 DEBUG 24256 --- [demo] [           main] org.hibernate.HQL_FUNCTIONS              : String substring(STRING string{ from|,} INTEGER start[{ for|,} INTEGER length])
2024-08-04T22:43:54.549+05:30 DEBUG 24256 --- [demo] [           main] org.hibernate.HQL_FUNCTIONS              : subtime(TIME datetime, TIME time)
2024-08-04T22:43:54.549+05:30 DEBUG 24256 --- [demo] [           main] org.hibernate.HQL_FUNCTIONS              : sum(arg)
2024-08-04T22:43:54.549+05:30 DEBUG 24256 --- [demo] [           main] org.hibernate.HQL_FUNCTIONS              : Timestamp sysdate()
2024-08-04T22:43:54.549+05:30 DEBUG 24256 --- [demo] [           main] org.hibernate.HQL_FUNCTIONS              : Double tan(NUMERIC arg)
2024-08-04T22:43:54.549+05:30 DEBUG 24256 --- [demo] [           main] org.hibernate.HQL_FUNCTIONS              : Double tanh(NUMERIC arg)
2024-08-04T22:43:54.549+05:30 DEBUG 24256 --- [demo] [           main] org.hibernate.HQL_FUNCTIONS              : String time(arg)
2024-08-04T22:43:54.549+05:30 DEBUG 24256 --- [demo] [           main] org.hibernate.HQL_FUNCTIONS              : Timestamp timestamp(arg0[, arg1])
2024-08-04T22:43:54.549+05:30 DEBUG 24256 --- [demo] [           main] org.hibernate.HQL_FUNCTIONS              : timestampadd(TEMPORAL_UNIT field, INTEGER magnitude, TEMPORAL datetime)
2024-08-04T22:43:54.549+05:30 DEBUG 24256 --- [demo] [           main] org.hibernate.HQL_FUNCTIONS              : Long|Double timestampdiff(TEMPORAL_UNIT field, TEMPORAL start, TEMPORAL end)
2024-08-04T22:43:54.549+05:30 DEBUG 24256 --- [demo] [           main] org.hibernate.HQL_FUNCTIONS              : String trim([[{leading|trailing|both} ][STRING arg0 ]from] STRING arg1)
2024-08-04T22:43:54.549+05:30 DEBUG 24256 --- [demo] [           main] org.hibernate.HQL_FUNCTIONS              : trunc( ... )
2024-08-04T22:43:54.549+05:30 DEBUG 24256 --- [demo] [           main] org.hibernate.HQL_FUNCTIONS              : truncate( ... )
2024-08-04T22:43:54.549+05:30 DEBUG 24256 --- [demo] [           main] org.hibernate.HQL_FUNCTIONS              : String upper(STRING string)
2024-08-04T22:43:54.549+05:30 DEBUG 24256 --- [demo] [           main] org.hibernate.HQL_FUNCTIONS              : Date utc_date
2024-08-04T22:43:54.549+05:30 DEBUG 24256 --- [demo] [           main] org.hibernate.HQL_FUNCTIONS              : Time utc_time
2024-08-04T22:43:54.550+05:30 DEBUG 24256 --- [demo] [           main] org.hibernate.HQL_FUNCTIONS              : Timestamp utc_timestamp
2024-08-04T22:43:54.550+05:30 DEBUG 24256 --- [demo] [           main] org.hibernate.HQL_FUNCTIONS              : Double var_pop(NUMERIC arg)
2024-08-04T22:43:54.550+05:30 DEBUG 24256 --- [demo] [           main] org.hibernate.HQL_FUNCTIONS              : Double var_samp(NUMERIC arg)
2024-08-04T22:43:54.550+05:30 DEBUG 24256 --- [demo] [           main] org.hibernate.HQL_FUNCTIONS              : Double variance(NUMERIC arg)
2024-08-04T22:43:54.550+05:30 DEBUG 24256 --- [demo] [           main] org.hibernate.HQL_FUNCTIONS              : Integer week(DATE arg)
2024-08-04T22:43:54.550+05:30 DEBUG 24256 --- [demo] [           main] org.hibernate.HQL_FUNCTIONS              : Integer year(DATE arg)
2024-08-04T22:43:54.555+05:30 DEBUG 24256 --- [demo] [           main] org.hibernate.orm.query.plan.cache       : Starting QueryInterpretationCache(2048)
2024-08-04T22:43:54.609+05:30 DEBUG 24256 --- [demo] [           main] .h.s.i.SessionFactoryServiceRegistryImpl : EventListenerRegistry access via ServiceRegistry is deprecated.  Use `sessionFactory.getEventEngine().getListenerRegistry()` instead
2024-08-04T22:43:54.610+05:30 DEBUG 24256 --- [demo] [           main] h.e.i.EntityCopyObserverFactoryInitiator : Configured EntityCopyObserver strategy: disallow
2024-08-04T22:43:54.670+05:30 DEBUG 24256 --- [demo] [           main] org.hibernate.ormbytecode.interceptor    : To-one property `com.example.demo.model.Faculty#user` was mapped with LAZY + NO_PROXY but the class was not enhanced
2024-08-04T22:43:54.674+05:30 DEBUG 24256 --- [demo] [           main] org.hibernate.ormbytecode.interceptor    : To-one property `com.example.demo.model.Faculty#user` was mapped with LAZY + NO_PROXY but the class was not enhanced
2024-08-04T22:43:54.676+05:30 DEBUG 24256 --- [demo] [           main] o.h.boot.internal.ClassLoaderAccessImpl  : Not known whether passed class name [com.example.demo.model.Faculty] is safe
2024-08-04T22:43:54.676+05:30 DEBUG 24256 --- [demo] [           main] o.h.boot.internal.ClassLoaderAccessImpl  : No temp ClassLoader provided; using live ClassLoader for loading potentially unsafe class : com.example.demo.model.Faculty
2024-08-04T22:43:54.812+05:30 DEBUG 24256 --- [demo] [           main] o.h.b.i.bytebuddy.BytecodeProviderImpl   : HHH000513: Unable to create the ReflectionOptimizer for [com.example.demo.model.Faculty]: private accessor [user]
2024-08-04T22:43:54.815+05:30 DEBUG 24256 --- [demo] [           main] org.hibernate.ormbytecode.interceptor    : To-one property `com.example.demo.model.Faculty#user` was mapped with LAZY + NO_PROXY but the class was not enhanced
2024-08-04T22:43:54.841+05:30 DEBUG 24256 --- [demo] [           main] org.hibernate.ormbytecode.interceptor    : To-one property `com.example.demo.model.Student#user` was mapped with LAZY + NO_PROXY but the class was not enhanced
2024-08-04T22:43:54.841+05:30 DEBUG 24256 --- [demo] [           main] org.hibernate.ormbytecode.interceptor    : To-one property `com.example.demo.model.Student#user` was mapped with LAZY + NO_PROXY but the class was not enhanced
2024-08-04T22:43:54.841+05:30 DEBUG 24256 --- [demo] [           main] o.h.boot.internal.ClassLoaderAccessImpl  : Not known whether passed class name [com.example.demo.model.Student] is safe
2024-08-04T22:43:54.842+05:30 DEBUG 24256 --- [demo] [           main] o.h.boot.internal.ClassLoaderAccessImpl  : No temp ClassLoader provided; using live ClassLoader for loading potentially unsafe class : com.example.demo.model.Student
2024-08-04T22:43:54.853+05:30 DEBUG 24256 --- [demo] [           main] o.h.b.i.bytebuddy.BytecodeProviderImpl   : HHH000513: Unable to create the ReflectionOptimizer for [com.example.demo.model.Student]: private accessor [registerNumber]
2024-08-04T22:43:54.853+05:30 DEBUG 24256 --- [demo] [           main] org.hibernate.ormbytecode.interceptor    : To-one property `com.example.demo.model.Student#user` was mapped with LAZY + NO_PROXY but the class was not enhanced
2024-08-04T22:43:54.855+05:30 DEBUG 24256 --- [demo] [           main] o.h.boot.internal.ClassLoaderAccessImpl  : Not known whether passed class name [com.example.demo.model.User] is safe
2024-08-04T22:43:54.855+05:30 DEBUG 24256 --- [demo] [           main] o.h.boot.internal.ClassLoaderAccessImpl  : No temp ClassLoader provided; using live ClassLoader for loading potentially unsafe class : com.example.demo.model.User
2024-08-04T22:43:54.869+05:30 DEBUG 24256 --- [demo] [           main] o.h.b.i.bytebuddy.BytecodeProviderImpl   : HHH000513: Unable to create the ReflectionOptimizer for [com.example.demo.model.User]: private accessor [dateOfBirth]
2024-08-04T22:43:54.903+05:30 DEBUG 24256 --- [demo] [           main] o.hibernate.orm.model.mapping.creation   : Starting post-init callbacks
2024-08-04T22:43:54.903+05:30 DEBUG 24256 --- [demo] [           main] o.hibernate.orm.model.mapping.creation   : Starting PostInitCallbackEntry : To-one key - NavigableRole[com.example.demo.model.Faculty.user]
2024-08-04T22:43:54.906+05:30 DEBUG 24256 --- [demo] [           main] o.hibernate.orm.model.mapping.creation   : Starting PostInitCallbackEntry : Entity(com.example.demo.model.Faculty) `staticFetchableList` generator
2024-08-04T22:43:54.906+05:30 DEBUG 24256 --- [demo] [           main] o.hibernate.orm.model.mapping.creation   : Starting PostInitCallbackEntry : To-one key - NavigableRole[com.example.demo.model.Student.user]
2024-08-04T22:43:54.906+05:30 DEBUG 24256 --- [demo] [           main] o.hibernate.orm.model.mapping.creation   : Starting PostInitCallbackEntry : Entity(com.example.demo.model.Student) `staticFetchableList` generator
2024-08-04T22:43:54.906+05:30 DEBUG 24256 --- [demo] [           main] o.hibernate.orm.model.mapping.creation   : Starting PostInitCallbackEntry : Entity(com.example.demo.model.User) `staticFetchableList` generator
2024-08-04T22:43:54.973+05:30 DEBUG 24256 --- [demo] [           main] org.hibernate.orm.sql.ast.create         : Created new SQL alias : f1_0
2024-08-04T22:43:54.974+05:30 DEBUG 24256 --- [demo] [           main] org.hibernate.orm.sql.ast.create         : Registration of TableGroup [StandardTableGroup(com.example.demo.model.Faculty)] with identifierForTableGroup [com.example.demo.model.Faculty] for NavigablePath [com.example.demo.model.Faculty] 
2024-08-04T22:43:54.982+05:30 DEBUG 24256 --- [demo] [           main] org.hibernate.orm.sql.ast.create         : Registration of TableGroup [org.hibernate.sql.ast.tree.from.LazyTableGroup@2dc319cf] with identifierForTableGroup [com.example.demo.model.Faculty.user] for NavigablePath [com.example.demo.model.Faculty.user] 
2024-08-04T22:43:54.983+05:30 DEBUG 24256 --- [demo] [           main] org.hibernate.orm.sql.ast.create         : Created new SQL alias : u1_0
2024-08-04T22:43:54.990+05:30 DEBUG 24256 --- [demo] [           main] org.hibernate.orm.results.graph.AST      : DomainResult Graph:
 \-EntityResultImpl [com.example.demo.model.Faculty]
 |  \-EntityFetchJoinedImpl [com.example.demo.model.Faculty.user]

2024-08-04T22:43:54.991+05:30 DEBUG 24256 --- [demo] [           main] org.hibernate.orm.sql.ast.tree           : SQL AST Tree:
    SelectStatement {
      FromClause {
        StandardTableGroup (f1 : com.example.demo.model.Faculty) {
          primaryTableReference : faculty as f1_0
          TableGroupJoins {
            left  join LazyTableGroup (u1 : com.example.demo.model.Faculty.user) {
              primaryTableReference : users as u1_0
            }
          }
        }
      }
    }

2024-08-04T22:43:55.001+05:30 DEBUG 24256 --- [demo] [           main] o.h.p.entity.AbstractEntityPersister     : Static SQL for entity: com.example.demo.model.Faculty
2024-08-04T22:43:55.001+05:30 DEBUG 24256 --- [demo] [           main] o.h.p.entity.AbstractEntityPersister     :  Version select: select id from faculty where id=?
2024-08-04T22:43:55.001+05:30 DEBUG 24256 --- [demo] [           main] o.h.p.entity.AbstractEntityPersister     :  Insert (0): insert into faculty (user_id) values (?)
2024-08-04T22:43:55.001+05:30 DEBUG 24256 --- [demo] [           main] o.h.p.entity.AbstractEntityPersister     :  Update (0): update faculty set user_id=? where id=?
2024-08-04T22:43:55.001+05:30 DEBUG 24256 --- [demo] [           main] o.h.p.entity.AbstractEntityPersister     :  Delete (0): delete from faculty where id=?
2024-08-04T22:43:55.002+05:30 DEBUG 24256 --- [demo] [           main] org.hibernate.orm.sql.ast.create         : Created new SQL alias : s1_0
2024-08-04T22:43:55.002+05:30 DEBUG 24256 --- [demo] [           main] org.hibernate.orm.sql.ast.create         : Registration of TableGroup [StandardTableGroup(com.example.demo.model.Student)] with identifierForTableGroup [com.example.demo.model.Student] for NavigablePath [com.example.demo.model.Student] 
2024-08-04T22:43:55.002+05:30 DEBUG 24256 --- [demo] [           main] org.hibernate.orm.sql.ast.create         : Registration of TableGroup [org.hibernate.sql.ast.tree.from.LazyTableGroup@6a8ab98f] with identifierForTableGroup [com.example.demo.model.Student.user] for NavigablePath [com.example.demo.model.Student.user] 
2024-08-04T22:43:55.002+05:30 DEBUG 24256 --- [demo] [           main] org.hibernate.orm.sql.ast.create         : Created new SQL alias : u1_0
2024-08-04T22:43:55.002+05:30 DEBUG 24256 --- [demo] [           main] org.hibernate.orm.results.graph.AST      : DomainResult Graph:
 \-EntityResultImpl [com.example.demo.model.Student]
 |  +-BasicFetch [com.example.demo.model.Student.registerNumber]
 |  \-EntityFetchJoinedImpl [com.example.demo.model.Student.user]

2024-08-04T22:43:55.002+05:30 DEBUG 24256 --- [demo] [           main] org.hibernate.orm.sql.ast.tree           : SQL AST Tree:
    SelectStatement {
      FromClause {
        StandardTableGroup (s1 : com.example.demo.model.Student) {
          primaryTableReference : students as s1_0
          TableGroupJoins {
            left  join LazyTableGroup (u1 : com.example.demo.model.Student.user) {
              primaryTableReference : users as u1_0
            }
          }
        }
      }
    }

2024-08-04T22:43:55.002+05:30 DEBUG 24256 --- [demo] [           main] o.h.p.entity.AbstractEntityPersister     : Static SQL for entity: com.example.demo.model.Student
2024-08-04T22:43:55.002+05:30 DEBUG 24256 --- [demo] [           main] o.h.p.entity.AbstractEntityPersister     :  Version select: select id from students where id=?
2024-08-04T22:43:55.002+05:30 DEBUG 24256 --- [demo] [           main] o.h.p.entity.AbstractEntityPersister     :  Insert (0): insert into students (register_number,user_id) values (?,?)
2024-08-04T22:43:55.002+05:30 DEBUG 24256 --- [demo] [           main] o.h.p.entity.AbstractEntityPersister     :  Update (0): update students set register_number=?,user_id=? where id=?
2024-08-04T22:43:55.002+05:30 DEBUG 24256 --- [demo] [           main] o.h.p.entity.AbstractEntityPersister     :  Delete (0): delete from students where id=?
2024-08-04T22:43:55.002+05:30 DEBUG 24256 --- [demo] [           main] org.hibernate.orm.sql.ast.create         : Created new SQL alias : u1_0
2024-08-04T22:43:55.002+05:30 DEBUG 24256 --- [demo] [           main] org.hibernate.orm.sql.ast.create         : Registration of TableGroup [StandardTableGroup(com.example.demo.model.User)] with identifierForTableGroup [com.example.demo.model.User] for NavigablePath [com.example.demo.model.User] 
2024-08-04T22:43:55.002+05:30 DEBUG 24256 --- [demo] [           main] org.hibernate.orm.results.graph.AST      : DomainResult Graph:
 \-EntityResultImpl [com.example.demo.model.User]
 |  +-BasicFetch [com.example.demo.model.User.dateOfBirth]
 |  +-BasicFetch [com.example.demo.model.User.email]
 |  +-BasicFetch [com.example.demo.model.User.gender]
 |  +-BasicFetch [com.example.demo.model.User.name]
 |  +-BasicFetch [com.example.demo.model.User.password]
 |  \-BasicFetch [com.example.demo.model.User.role]

2024-08-04T22:43:55.002+05:30 DEBUG 24256 --- [demo] [           main] org.hibernate.orm.sql.ast.tree           : SQL AST Tree:
    SelectStatement {
      FromClause {
        StandardTableGroup (u1 : com.example.demo.model.User) {
          primaryTableReference : users as u1_0
        }
      }
    }

2024-08-04T22:43:55.002+05:30 DEBUG 24256 --- [demo] [           main] o.h.p.entity.AbstractEntityPersister     : Static SQL for entity: com.example.demo.model.User
2024-08-04T22:43:55.002+05:30 DEBUG 24256 --- [demo] [           main] o.h.p.entity.AbstractEntityPersister     :  Version select: select id from users where id=?
2024-08-04T22:43:55.002+05:30 DEBUG 24256 --- [demo] [           main] o.h.p.entity.AbstractEntityPersister     :  Insert (0): insert into users (date_of_birth,email,gender,name,password,role) values (?,?,?,?,?,?)
2024-08-04T22:43:55.002+05:30 DEBUG 24256 --- [demo] [           main] o.h.p.entity.AbstractEntityPersister     :  Update (0): update users set date_of_birth=?,email=?,gender=?,name=?,password=?,role=? where id=?
2024-08-04T22:43:55.002+05:30 DEBUG 24256 --- [demo] [           main] o.h.p.entity.AbstractEntityPersister     :  Delete (0): delete from users where id=?
2024-08-04T22:43:55.024+05:30  INFO 24256 --- [demo] [           main] o.h.e.t.j.p.i.JtaPlatformInitiator       : HHH000489: No JTA platform available (set 'hibernate.transaction.jta.platform' to enable JTA platform integration)
2024-08-04T22:43:55.025+05:30 DEBUG 24256 --- [demo] [           main] o.h.type.spi.TypeConfiguration$Scope     : Scoping TypeConfiguration [org.hibernate.type.spi.TypeConfiguration@3f87780b] to SessionFactoryImplementor [org.hibernate.internal.SessionFactoryImpl@1fe2c5ad]
2024-08-04T22:43:55.026+05:30 DEBUG 24256 --- [demo] [           main] o.h.query.named.NamedObjectRepository    : Checking 0 named HQL queries
2024-08-04T22:43:55.026+05:30 DEBUG 24256 --- [demo] [           main] o.h.query.named.NamedObjectRepository    : Checking 0 named SQL queries
2024-08-04T22:43:55.076+05:30 DEBUG 24256 --- [demo] [           main] org.hibernate.mapping.Table              : No alter strings for table : faculty
2024-08-04T22:43:55.076+05:30 DEBUG 24256 --- [demo] [           main] org.hibernate.mapping.Table              : No alter strings for table : students
2024-08-04T22:43:55.076+05:30 DEBUG 24256 --- [demo] [           main] org.hibernate.mapping.Table              : No alter strings for table : users
2024-08-04T22:43:55.106+05:30 DEBUG 24256 --- [demo] [           main] o.h.internal.SessionFactoryRegistry      : Initializing SessionFactoryRegistry : org.hibernate.internal.SessionFactoryRegistry@395c21ee
2024-08-04T22:43:55.106+05:30 DEBUG 24256 --- [demo] [           main] o.h.internal.SessionFactoryRegistry      : Registering SessionFactory: 960dce05-8194-49c0-baae-74598b8004a7 (<unnamed>)
2024-08-04T22:43:55.106+05:30 DEBUG 24256 --- [demo] [           main] o.h.internal.SessionFactoryRegistry      : Not binding SessionFactory to JNDI, no JNDI name configured
2024-08-04T22:43:55.106+05:30 DEBUG 24256 --- [demo] [           main] o.hibernate.internal.SessionFactoryImpl  : Instantiated SessionFactory
2024-08-04T22:43:55.106+05:30  INFO 24256 --- [demo] [           main] j.LocalContainerEntityManagerFactoryBean : Initialized JPA EntityManagerFactory for persistence unit 'default'
2024-08-04T22:43:55.275+05:30 DEBUG 24256 --- [demo] [           main] o.h.stat.internal.StatisticsInitiator    : Statistics initialized [enabled=false]
2024-08-04T22:43:55.436+05:30 DEBUG 24256 --- [demo] [           main] cResourceLocalTransactionCoordinatorImpl : JDBC transaction marked for rollback-only (exception provided for stack trace)

java.lang.Exception: exception just for purpose of providing stack trace
	at org.hibernate.resource.transaction.backend.jdbc.internal.JdbcResourceLocalTransactionCoordinatorImpl$TransactionDriverControlImpl.markRollbackOnly(JdbcResourceLocalTransactionCoordinatorImpl.java:309) ~[hibernate-core-6.5.2.Final.jar:6.5.2.Final]
	at org.hibernate.internal.AbstractSharedSessionContract.buildNamedQuery(AbstractSharedSessionContract.java:1109) ~[hibernate-core-6.5.2.Final.jar:6.5.2.Final]
	at org.hibernate.internal.AbstractSharedSessionContract.createNamedQuery(AbstractSharedSessionContract.java:987) ~[hibernate-core-6.5.2.Final.jar:6.5.2.Final]
	at org.hibernate.internal.AbstractSharedSessionContract.createNamedQuery(AbstractSharedSessionContract.java:140) ~[hibernate-core-6.5.2.Final.jar:6.5.2.Final]
	at java.base/jdk.internal.reflect.DirectMethodHandleAccessor.invoke(DirectMethodHandleAccessor.java:103) ~[na:na]
	at java.base/java.lang.reflect.Method.invoke(Method.java:580) ~[na:na]
	at org.springframework.orm.jpa.ExtendedEntityManagerCreator$ExtendedEntityManagerInvocationHandler.invoke(ExtendedEntityManagerCreator.java:364) ~[spring-orm-6.1.11.jar:6.1.11]
	at jdk.proxy2/jdk.proxy2.$Proxy138.createNamedQuery(Unknown Source) ~[na:na]
	at org.springframework.data.jpa.repository.query.NamedQuery.hasNamedQuery(NamedQuery.java:112) ~[spring-data-jpa-3.3.2.jar:3.3.2]
	at org.springframework.data.jpa.repository.query.NamedQuery.lookupFrom(NamedQuery.java:138) ~[spring-data-jpa-3.3.2.jar:3.3.2]
	at org.springframework.data.jpa.repository.query.JpaQueryLookupStrategy$DeclaredQueryLookupStrategy.resolveQuery(JpaQueryLookupStrategy.java:180) ~[spring-data-jpa-3.3.2.jar:3.3.2]
	at org.springframework.data.jpa.repository.query.JpaQueryLookupStrategy$CreateIfNotFoundQueryLookupStrategy.resolveQuery(JpaQueryLookupStrategy.java:252) ~[spring-data-jpa-3.3.2.jar:3.3.2]
	at org.springframework.data.jpa.repository.query.JpaQueryLookupStrategy$AbstractQueryLookupStrategy.resolveQuery(JpaQueryLookupStrategy.java:95) ~[spring-data-jpa-3.3.2.jar:3.3.2]
	at org.springframework.data.repository.core.support.QueryExecutorMethodInterceptor.lookupQuery(QueryExecutorMethodInterceptor.java:111) ~[spring-data-commons-3.3.2.jar:3.3.2]
	at org.springframework.data.repository.core.support.QueryExecutorMethodInterceptor.mapMethodsToQuery(QueryExecutorMethodInterceptor.java:99) ~[spring-data-commons-3.3.2.jar:3.3.2]
	at org.springframework.data.repository.core.support.QueryExecutorMethodInterceptor.lambda$new$0(QueryExecutorMethodInterceptor.java:88) ~[spring-data-commons-3.3.2.jar:3.3.2]
	at java.base/java.util.Optional.map(Optional.java:260) ~[na:na]
	at org.springframework.data.repository.core.support.QueryExecutorMethodInterceptor.<init>(QueryExecutorMethodInterceptor.java:88) ~[spring-data-commons-3.3.2.jar:3.3.2]
	at org.springframework.data.repository.core.support.RepositoryFactorySupport.getRepository(RepositoryFactorySupport.java:357) ~[spring-data-commons-3.3.2.jar:3.3.2]
	at org.springframework.data.repository.core.support.RepositoryFactoryBeanSupport.lambda$afterPropertiesSet$5(RepositoryFactoryBeanSupport.java:286) ~[spring-data-commons-3.3.2.jar:3.3.2]
	at org.springframework.data.util.Lazy.getNullable(Lazy.java:135) ~[spring-data-commons-3.3.2.jar:3.3.2]
	at org.springframework.data.util.Lazy.get(Lazy.java:113) ~[spring-data-commons-3.3.2.jar:3.3.2]
	at org.springframework.data.repository.core.support.RepositoryFactoryBeanSupport.afterPropertiesSet(RepositoryFactoryBeanSupport.java:292) ~[spring-data-commons-3.3.2.jar:3.3.2]
	at org.springframework.data.jpa.repository.support.JpaRepositoryFactoryBean.afterPropertiesSet(JpaRepositoryFactoryBean.java:132) ~[spring-data-jpa-3.3.2.jar:3.3.2]
	at org.springframework.beans.factory.support.AbstractAutowireCapableBeanFactory.invokeInitMethods(AbstractAutowireCapableBeanFactory.java:1853) ~[spring-beans-6.1.11.jar:6.1.11]
	at org.springframework.beans.factory.support.AbstractAutowireCapableBeanFactory.initializeBean(AbstractAutowireCapableBeanFactory.java:1802) ~[spring-beans-6.1.11.jar:6.1.11]
	at org.springframework.beans.factory.support.AbstractAutowireCapableBeanFactory.doCreateBean(AbstractAutowireCapableBeanFactory.java:600) ~[spring-beans-6.1.11.jar:6.1.11]
	at org.springframework.beans.factory.support.AbstractAutowireCapableBeanFactory.createBean(AbstractAutowireCapableBeanFactory.java:522) ~[spring-beans-6.1.11.jar:6.1.11]
	at org.springframework.beans.factory.support.AbstractBeanFactory.lambda$doGetBean$0(AbstractBeanFactory.java:337) ~[spring-beans-6.1.11.jar:6.1.11]
	at org.springframework.beans.factory.support.DefaultSingletonBeanRegistry.getSingleton(DefaultSingletonBeanRegistry.java:234) ~[spring-beans-6.1.11.jar:6.1.11]
	at org.springframework.beans.factory.support.AbstractBeanFactory.doGetBean(AbstractBeanFactory.java:335) ~[spring-beans-6.1.11.jar:6.1.11]
	at org.springframework.beans.factory.support.AbstractBeanFactory.getBean(AbstractBeanFactory.java:200) ~[spring-beans-6.1.11.jar:6.1.11]
	at org.springframework.beans.factory.config.DependencyDescriptor.resolveCandidate(DependencyDescriptor.java:254) ~[spring-beans-6.1.11.jar:6.1.11]
	at org.springframework.beans.factory.support.DefaultListableBeanFactory.doResolveDependency(DefaultListableBeanFactory.java:1443) ~[spring-beans-6.1.11.jar:6.1.11]
	at org.springframework.beans.factory.support.DefaultListableBeanFactory.resolveDependency(DefaultListableBeanFactory.java:1353) ~[spring-beans-6.1.11.jar:6.1.11]
	at org.springframework.beans.factory.annotation.AutowiredAnnotationBeanPostProcessor$AutowiredFieldElement.resolveFieldValue(AutowiredAnnotationBeanPostProcessor.java:784) ~[spring-beans-6.1.11.jar:6.1.11]
	at org.springframework.beans.factory.annotation.AutowiredAnnotationBeanPostProcessor$AutowiredFieldElement.inject(AutowiredAnnotationBeanPostProcessor.java:767) ~[spring-beans-6.1.11.jar:6.1.11]
	at org.springframework.beans.factory.annotation.InjectionMetadata.inject(InjectionMetadata.java:145) ~[spring-beans-6.1.11.jar:6.1.11]
	at org.springframework.beans.factory.annotation.AutowiredAnnotationBeanPostProcessor.postProcessProperties(AutowiredAnnotationBeanPostProcessor.java:508) ~[spring-beans-6.1.11.jar:6.1.11]
	at org.springframework.beans.factory.support.AbstractAutowireCapableBeanFactory.populateBean(AbstractAutowireCapableBeanFactory.java:1439) ~[spring-beans-6.1.11.jar:6.1.11]
	at org.springframework.beans.factory.support.AbstractAutowireCapableBeanFactory.doCreateBean(AbstractAutowireCapableBeanFactory.java:599) ~[spring-beans-6.1.11.jar:6.1.11]
	at org.springframework.beans.factory.support.AbstractAutowireCapableBeanFactory.createBean(AbstractAutowireCapableBeanFactory.java:522) ~[spring-beans-6.1.11.jar:6.1.11]
	at org.springframework.beans.factory.support.AbstractBeanFactory.lambda$doGetBean$0(AbstractBeanFactory.java:337) ~[spring-beans-6.1.11.jar:6.1.11]
	at org.springframework.beans.factory.support.DefaultSingletonBeanRegistry.getSingleton(DefaultSingletonBeanRegistry.java:234) ~[spring-beans-6.1.11.jar:6.1.11]
	at org.springframework.beans.factory.support.AbstractBeanFactory.doGetBean(AbstractBeanFactory.java:335) ~[spring-beans-6.1.11.jar:6.1.11]
	at org.springframework.beans.factory.support.AbstractBeanFactory.getBean(AbstractBeanFactory.java:200) ~[spring-beans-6.1.11.jar:6.1.11]
	at org.springframework.beans.factory.config.DependencyDescriptor.resolveCandidate(DependencyDescriptor.java:254) ~[spring-beans-6.1.11.jar:6.1.11]
	at org.springframework.beans.factory.support.DefaultListableBeanFactory.doResolveDependency(DefaultListableBeanFactory.java:1443) ~[spring-beans-6.1.11.jar:6.1.11]
	at org.springframework.beans.factory.support.DefaultListableBeanFactory.resolveDependency(DefaultListableBeanFactory.java:1353) ~[spring-beans-6.1.11.jar:6.1.11]
	at org.springframework.beans.factory.annotation.AutowiredAnnotationBeanPostProcessor$AutowiredFieldElement.resolveFieldValue(AutowiredAnnotationBeanPostProcessor.java:784) ~[spring-beans-6.1.11.jar:6.1.11]
	at org.springframework.beans.factory.annotation.AutowiredAnnotationBeanPostProcessor$AutowiredFieldElement.inject(AutowiredAnnotationBeanPostProcessor.java:767) ~[spring-beans-6.1.11.jar:6.1.11]
	at org.springframework.beans.factory.annotation.InjectionMetadata.inject(InjectionMetadata.java:145) ~[spring-beans-6.1.11.jar:6.1.11]
	at org.springframework.beans.factory.annotation.AutowiredAnnotationBeanPostProcessor.postProcessProperties(AutowiredAnnotationBeanPostProcessor.java:508) ~[spring-beans-6.1.11.jar:6.1.11]
	at org.springframework.beans.factory.support.AbstractAutowireCapableBeanFactory.populateBean(AbstractAutowireCapableBeanFactory.java:1439) ~[spring-beans-6.1.11.jar:6.1.11]
	at org.springframework.beans.factory.support.AbstractAutowireCapableBeanFactory.doCreateBean(AbstractAutowireCapableBeanFactory.java:599) ~[spring-beans-6.1.11.jar:6.1.11]
	at org.springframework.beans.factory.support.AbstractAutowireCapableBeanFactory.createBean(AbstractAutowireCapableBeanFactory.java:522) ~[spring-beans-6.1.11.jar:6.1.11]
	at org.springframework.beans.factory.support.AbstractBeanFactory.lambda$doGetBean$0(AbstractBeanFactory.java:337) ~[spring-beans-6.1.11.jar:6.1.11]
	at org.springframework.beans.factory.support.DefaultSingletonBeanRegistry.getSingleton(DefaultSingletonBeanRegistry.java:234) ~[spring-beans-6.1.11.jar:6.1.11]
	at org.springframework.beans.factory.support.AbstractBeanFactory.doGetBean(AbstractBeanFactory.java:335) ~[spring-beans-6.1.11.jar:6.1.11]
	at org.springframework.beans.factory.support.AbstractBeanFactory.getBean(AbstractBeanFactory.java:200) ~[spring-beans-6.1.11.jar:6.1.11]
	at org.springframework.beans.factory.support.DefaultListableBeanFactory.preInstantiateSingletons(DefaultListableBeanFactory.java:975) ~[spring-beans-6.1.11.jar:6.1.11]
	at org.springframework.context.support.AbstractApplicationContext.finishBeanFactoryInitialization(AbstractApplicationContext.java:971) ~[spring-context-6.1.11.jar:6.1.11]
	at org.springframework.context.support.AbstractApplicationContext.refresh(AbstractApplicationContext.java:625) ~[spring-context-6.1.11.jar:6.1.11]
	at org.springframework.boot.SpringApplication.refresh(SpringApplication.java:754) ~[spring-boot-3.3.2.jar:3.3.2]
	at org.springframework.boot.SpringApplication.refreshContext(SpringApplication.java:456) ~[spring-boot-3.3.2.jar:3.3.2]
	at org.springframework.boot.SpringApplication.run(SpringApplication.java:335) ~[spring-boot-3.3.2.jar:3.3.2]
	at org.springframework.boot.test.context.SpringBootContextLoader.lambda$loadContext$3(SpringBootContextLoader.java:137) ~[spring-boot-test-3.3.2.jar:3.3.2]
	at org.springframework.util.function.ThrowingSupplier.get(ThrowingSupplier.java:58) ~[spring-core-6.1.11.jar:6.1.11]
	at org.springframework.util.function.ThrowingSupplier.get(ThrowingSupplier.java:46) ~[spring-core-6.1.11.jar:6.1.11]
	at org.springframework.boot.SpringApplication.withHook(SpringApplication.java:1463) ~[spring-boot-3.3.2.jar:3.3.2]
	at org.springframework.boot.test.context.SpringBootContextLoader$ContextLoaderHook.run(SpringBootContextLoader.java:553) ~[spring-boot-test-3.3.2.jar:3.3.2]
	at org.springframework.boot.test.context.SpringBootContextLoader.loadContext(SpringBootContextLoader.java:137) ~[spring-boot-test-3.3.2.jar:3.3.2]
	at org.springframework.boot.test.context.SpringBootContextLoader.loadContext(SpringBootContextLoader.java:108) ~[spring-boot-test-3.3.2.jar:3.3.2]
	at org.springframework.test.context.cache.DefaultCacheAwareContextLoaderDelegate.loadContextInternal(DefaultCacheAwareContextLoaderDelegate.java:225) ~[spring-test-6.1.11.jar:6.1.11]
	at org.springframework.test.context.cache.DefaultCacheAwareContextLoaderDelegate.loadContext(DefaultCacheAwareContextLoaderDelegate.java:152) ~[spring-test-6.1.11.jar:6.1.11]
	at org.springframework.test.context.support.DefaultTestContext.getApplicationContext(DefaultTestContext.java:130) ~[spring-test-6.1.11.jar:6.1.11]
	at org.springframework.test.context.web.ServletTestExecutionListener.setUpRequestContextIfNecessary(ServletTestExecutionListener.java:191) ~[spring-test-6.1.11.jar:6.1.11]
	at org.springframework.test.context.web.ServletTestExecutionListener.prepareTestInstance(ServletTestExecutionListener.java:130) ~[spring-test-6.1.11.jar:6.1.11]
	at org.springframework.test.context.TestContextManager.prepareTestInstance(TestContextManager.java:260) ~[spring-test-6.1.11.jar:6.1.11]
	at org.springframework.test.context.junit.jupiter.SpringExtension.postProcessTestInstance(SpringExtension.java:163) ~[spring-test-6.1.11.jar:6.1.11]
	at org.junit.jupiter.engine.descriptor.ClassBasedTestDescriptor.lambda$invokeTestInstancePostProcessors$10(ClassBasedTestDescriptor.java:378) ~[junit-jupiter-engine-5.10.3.jar:5.10.3]
	at org.junit.jupiter.engine.descriptor.ClassBasedTestDescriptor.executeAndMaskThrowable(ClassBasedTestDescriptor.java:383) ~[junit-jupiter-engine-5.10.3.jar:5.10.3]
	at org.junit.jupiter.engine.descriptor.ClassBasedTestDescriptor.lambda$invokeTestInstancePostProcessors$11(ClassBasedTestDescriptor.java:378) ~[junit-jupiter-engine-5.10.3.jar:5.10.3]
	at java.base/java.util.stream.ReferencePipeline$3$1.accept(ReferencePipeline.java:197) ~[na:na]
	at java.base/java.util.stream.ReferencePipeline$2$1.accept(ReferencePipeline.java:179) ~[na:na]
	at java.base/java.util.ArrayList$ArrayListSpliterator.forEachRemaining(ArrayList.java:1708) ~[na:na]
	at java.base/java.util.stream.AbstractPipeline.copyInto(AbstractPipeline.java:509) ~[na:na]
	at java.base/java.util.stream.AbstractPipeline.wrapAndCopyInto(AbstractPipeline.java:499) ~[na:na]
	at java.base/java.util.stream.StreamSpliterators$WrappingSpliterator.forEachRemaining(StreamSpliterators.java:310) ~[na:na]
	at java.base/java.util.stream.Streams$ConcatSpliterator.forEachRemaining(Streams.java:735) ~[na:na]
	at java.base/java.util.stream.Streams$ConcatSpliterator.forEachRemaining(Streams.java:734) ~[na:na]
	at java.base/java.util.stream.ReferencePipeline$Head.forEach(ReferencePipeline.java:762) ~[na:na]
	at org.junit.jupiter.engine.descriptor.ClassBasedTestDescriptor.invokeTestInstancePostProcessors(ClassBasedTestDescriptor.java:377) ~[junit-jupiter-engine-5.10.3.jar:5.10.3]
	at org.junit.jupiter.engine.descriptor.ClassBasedTestDescriptor.lambda$instantiateAndPostProcessTestInstance$6(ClassBasedTestDescriptor.java:290) ~[junit-jupiter-engine-5.10.3.jar:5.10.3]
	at org.junit.platform.engine.support.hierarchical.ThrowableCollector.execute(ThrowableCollector.java:73) ~[junit-platform-engine-1.10.3.jar:1.10.3]
	at org.junit.jupiter.engine.descriptor.ClassBasedTestDescriptor.instantiateAndPostProcessTestInstance(ClassBasedTestDescriptor.java:289) ~[junit-jupiter-engine-5.10.3.jar:5.10.3]
	at org.junit.jupiter.engine.descriptor.ClassBasedTestDescriptor.lambda$testInstancesProvider$4(ClassBasedTestDescriptor.java:279) ~[junit-jupiter-engine-5.10.3.jar:5.10.3]
	at java.base/java.util.Optional.orElseGet(Optional.java:364) ~[na:na]
	at org.junit.jupiter.engine.descriptor.ClassBasedTestDescriptor.lambda$testInstancesProvider$5(ClassBasedTestDescriptor.java:278) ~[junit-jupiter-engine-5.10.3.jar:5.10.3]
	at org.junit.jupiter.engine.execution.TestInstancesProvider.getTestInstances(TestInstancesProvider.java:31) ~[junit-jupiter-engine-5.10.3.jar:5.10.3]
	at org.junit.jupiter.engine.descriptor.TestMethodTestDescriptor.lambda$prepare$0(TestMethodTestDescriptor.java:106) ~[junit-jupiter-engine-5.10.3.jar:5.10.3]
	at org.junit.platform.engine.support.hierarchical.ThrowableCollector.execute(ThrowableCollector.java:73) ~[junit-platform-engine-1.10.3.jar:1.10.3]
	at org.junit.jupiter.engine.descriptor.TestMethodTestDescriptor.prepare(TestMethodTestDescriptor.java:105) ~[junit-jupiter-engine-5.10.3.jar:5.10.3]
	at org.junit.jupiter.engine.descriptor.TestMethodTestDescriptor.prepare(TestMethodTestDescriptor.java:69) ~[junit-jupiter-engine-5.10.3.jar:5.10.3]
	at org.junit.platform.engine.support.hierarchical.NodeTestTask.lambda$prepare$2(NodeTestTask.java:123) ~[junit-platform-engine-1.10.3.jar:1.10.3]
	at org.junit.platform.engine.support.hierarchical.ThrowableCollector.execute(ThrowableCollector.java:73) ~[junit-platform-engine-1.10.3.jar:1.10.3]
	at org.junit.platform.engine.support.hierarchical.NodeTestTask.prepare(NodeTestTask.java:123) ~[junit-platform-engine-1.10.3.jar:1.10.3]
	at org.junit.platform.engine.support.hierarchical.NodeTestTask.execute(NodeTestTask.java:90) ~[junit-platform-engine-1.10.3.jar:1.10.3]
	at java.base/java.util.ArrayList.forEach(ArrayList.java:1596) ~[na:na]
	at org.junit.platform.engine.support.hierarchical.SameThreadHierarchicalTestExecutorService.invokeAll(SameThreadHierarchicalTestExecutorService.java:41) ~[junit-platform-engine-1.10.3.jar:1.10.3]
	at org.junit.platform.engine.support.hierarchical.NodeTestTask.lambda$executeRecursively$6(NodeTestTask.java:155) ~[junit-platform-engine-1.10.3.jar:1.10.3]
	at org.junit.platform.engine.support.hierarchical.ThrowableCollector.execute(ThrowableCollector.java:73) ~[junit-platform-engine-1.10.3.jar:1.10.3]
	at org.junit.platform.engine.support.hierarchical.NodeTestTask.lambda$executeRecursively$8(NodeTestTask.java:141) ~[junit-platform-engine-1.10.3.jar:1.10.3]
	at org.junit.platform.engine.support.hierarchical.Node.around(Node.java:137) ~[junit-platform-engine-1.10.3.jar:1.10.3]
	at org.junit.platform.engine.support.hierarchical.NodeTestTask.lambda$executeRecursively$9(NodeTestTask.java:139) ~[junit-platform-engine-1.10.3.jar:1.10.3]
	at org.junit.platform.engine.support.hierarchical.ThrowableCollector.execute(ThrowableCollector.java:73) ~[junit-platform-engine-1.10.3.jar:1.10.3]
	at org.junit.platform.engine.support.hierarchical.NodeTestTask.executeRecursively(NodeTestTask.java:138) ~[junit-platform-engine-1.10.3.jar:1.10.3]
	at org.junit.platform.engine.support.hierarchical.NodeTestTask.execute(NodeTestTask.java:95) ~[junit-platform-engine-1.10.3.jar:1.10.3]
	at java.base/java.util.ArrayList.forEach(ArrayList.java:1596) ~[na:na]
	at org.junit.platform.engine.support.hierarchical.SameThreadHierarchicalTestExecutorService.invokeAll(SameThreadHierarchicalTestExecutorService.java:41) ~[junit-platform-engine-1.10.3.jar:1.10.3]
	at org.junit.platform.engine.support.hierarchical.NodeTestTask.lambda$executeRecursively$6(NodeTestTask.java:155) ~[junit-platform-engine-1.10.3.jar:1.10.3]
	at org.junit.platform.engine.support.hierarchical.ThrowableCollector.execute(ThrowableCollector.java:73) ~[junit-platform-engine-1.10.3.jar:1.10.3]
	at org.junit.platform.engine.support.hierarchical.NodeTestTask.lambda$executeRecursively$8(NodeTestTask.java:141) ~[junit-platform-engine-1.10.3.jar:1.10.3]
	at org.junit.platform.engine.support.hierarchical.Node.around(Node.java:137) ~[junit-platform-engine-1.10.3.jar:1.10.3]
	at org.junit.platform.engine.support.hierarchical.NodeTestTask.lambda$executeRecursively$9(NodeTestTask.java:139) ~[junit-platform-engine-1.10.3.jar:1.10.3]
	at org.junit.platform.engine.support.hierarchical.ThrowableCollector.execute(ThrowableCollector.java:73) ~[junit-platform-engine-1.10.3.jar:1.10.3]
	at org.junit.platform.engine.support.hierarchical.NodeTestTask.executeRecursively(NodeTestTask.java:138) ~[junit-platform-engine-1.10.3.jar:1.10.3]
	at org.junit.platform.engine.support.hierarchical.NodeTestTask.execute(NodeTestTask.java:95) ~[junit-platform-engine-1.10.3.jar:1.10.3]
	at org.junit.platform.engine.support.hierarchical.SameThreadHierarchicalTestExecutorService.submit(SameThreadHierarchicalTestExecutorService.java:35) ~[junit-platform-engine-1.10.3.jar:1.10.3]
	at org.junit.platform.engine.support.hierarchical.HierarchicalTestExecutor.execute(HierarchicalTestExecutor.java:57) ~[junit-platform-engine-1.10.3.jar:1.10.3]
	at org.junit.platform.engine.support.hierarchical.HierarchicalTestEngine.execute(HierarchicalTestEngine.java:54) ~[junit-platform-engine-1.10.3.jar:1.10.3]
	at org.junit.platform.launcher.core.EngineExecutionOrchestrator.execute(EngineExecutionOrchestrator.java:198) ~[junit-platform-launcher-1.10.3.jar:1.10.3]
	at org.junit.platform.launcher.core.EngineExecutionOrchestrator.execute(EngineExecutionOrchestrator.java:169) ~[junit-platform-launcher-1.10.3.jar:1.10.3]
	at org.junit.platform.launcher.core.EngineExecutionOrchestrator.execute(EngineExecutionOrchestrator.java:93) ~[junit-platform-launcher-1.10.3.jar:1.10.3]
	at org.junit.platform.launcher.core.EngineExecutionOrchestrator.lambda$execute$0(EngineExecutionOrchestrator.java:58) ~[junit-platform-launcher-1.10.3.jar:1.10.3]
	at org.junit.platform.launcher.core.EngineExecutionOrchestrator.withInterceptedStreams(EngineExecutionOrchestrator.java:141) ~[junit-platform-launcher-1.10.3.jar:1.10.3]
	at org.junit.platform.launcher.core.EngineExecutionOrchestrator.execute(EngineExecutionOrchestrator.java:57) ~[junit-platform-launcher-1.10.3.jar:1.10.3]
	at org.junit.platform.launcher.core.DefaultLauncher.execute(DefaultLauncher.java:103) ~[junit-platform-launcher-1.10.3.jar:1.10.3]
	at org.junit.platform.launcher.core.DefaultLauncher.execute(DefaultLauncher.java:85) ~[junit-platform-launcher-1.10.3.jar:1.10.3]
	at org.junit.platform.launcher.core.DelegatingLauncher.execute(DelegatingLauncher.java:47) ~[junit-platform-launcher-1.10.3.jar:1.10.3]
	at org.apache.maven.surefire.junitplatform.LazyLauncher.execute(LazyLauncher.java:56) ~[surefire-junit-platform-3.2.5.jar:3.2.5]
	at org.apache.maven.surefire.junitplatform.JUnitPlatformProvider.execute(JUnitPlatformProvider.java:184) ~[surefire-junit-platform-3.2.5.jar:3.2.5]
	at org.apache.maven.surefire.junitplatform.JUnitPlatformProvider.invokeAllTests(JUnitPlatformProvider.java:148) ~[surefire-junit-platform-3.2.5.jar:3.2.5]
	at org.apache.maven.surefire.junitplatform.JUnitPlatformProvider.invoke(JUnitPlatformProvider.java:122) ~[surefire-junit-platform-3.2.5.jar:3.2.5]
	at org.apache.maven.surefire.booter.ForkedBooter.runSuitesInProcess(ForkedBooter.java:385) ~[surefire-booter-3.2.5.jar:3.2.5]
	at org.apache.maven.surefire.booter.ForkedBooter.execute(ForkedBooter.java:162) ~[surefire-booter-3.2.5.jar:3.2.5]
	at org.apache.maven.surefire.booter.ForkedBooter.run(ForkedBooter.java:507) ~[surefire-booter-3.2.5.jar:3.2.5]
	at org.apache.maven.surefire.booter.ForkedBooter.main(ForkedBooter.java:495) ~[surefire-booter-3.2.5.jar:3.2.5]

2024-08-04T22:43:55.776+05:30  WARN 24256 --- [demo] [           main] JpaBaseConfiguration$JpaWebConfiguration : spring.jpa.open-in-view is enabled by default. Therefore, database queries may be performed during view rendering. Explicitly configure spring.jpa.open-in-view to disable this warning
2024-08-04T22:43:56.720+05:30  INFO 24256 --- [demo] [           main] o.s.b.a.e.web.EndpointLinksResolver      : Exposing 1 endpoint beneath base path '/actuator'
2024-08-04T22:43:56.797+05:30  INFO 24256 --- [demo] [           main] com.example.demo.DemoApplicationTests    : Started DemoApplicationTests in 5.699 seconds (process running for 7.271)
]]></system-out>
    <system-err><![CDATA[WARNING: A Java agent has been loaded dynamically (C:\Users\NITHESHWAR SIVAKUMAR\.m2\repository\net\bytebuddy\byte-buddy-agent\1.14.18\byte-buddy-agent-1.14.18.jar)
WARNING: If a serviceability tool is in use, please run with -XX:+EnableDynamicAgentLoading to hide this warning
WARNING: If a serviceability tool is not in use, please run with -Djdk.instrument.traceUsage for more information
WARNING: Dynamic loading of agents will be disallowed by default in a future release
]]></system-err>
  </testcase>
</testsuite>